2024-11-30 09:47:52 [main] INFO  AuthenticateEndPointImpl - Sending POST request for authentication .
2024-11-30 09:47:53 [main] INFO  AuthenticatePayload - Set the userId and password in the Authentication payload 
2024-11-30 09:47:54 [main] INFO  AuthenticateEndPointImpl - Received response with status code: 200
2024-11-30 09:47:54 [main] INFO  ApplySeverityLevel - severity lavel for succesfuly post method: normal 
2024-11-30 09:47:54 [main] INFO  AuthenticateMapper - Start the authenticate API Respons validation...
2024-11-30 09:47:54 [main] INFO  AuthenticateMapper - The student Program Status is: 
2024-11-30 09:47:54 [main] WARN  AuthenticateMapper - Field 'announcements' in JSON object is null.
2024-11-30 09:47:54 [main] WARN  AuthenticateMapper - Field 'isStudent' in JSON object is null.
2024-11-30 09:47:54 [main] WARN  AuthenticateMapper - Field 'personDetails' in JSON object is null.
2024-11-30 09:47:54 [main] WARN  AuthenticateMapper - Field 'userBean' in JSON object is null.
2024-11-30 09:47:54 [main] WARN  AuthenticateMapper - Field 'applicableSubjects' in JSON object is null.
2024-11-30 09:47:54 [main] WARN  AuthenticateMapper - Field 'stukent' in JSON object is null.
2024-11-30 09:47:54 [main] WARN  AuthenticateMapper - Field 'harvard' in JSON object is null.
2024-11-30 09:47:54 [main] WARN  AuthenticateMapper - Field 'isLoginAsLead' in JSON object is null.
2024-11-30 09:47:54 [main] WARN  AuthenticateMapper - Field 'csAdmin' in JSON object is null.
2024-11-30 09:47:54 [main] WARN  AuthenticateMapper - Field 'errorMessage' in JSON object is null.
2024-11-30 09:47:54 [main] WARN  AuthenticateMapper - Field 'currentSubjectCodeIds' in JSON object is null.
2024-11-30 09:47:54 [main] INFO  AuthenticateMapper - Validation completed successfully for POJO: AuthenticationModel
2024-11-30 09:47:54 [main] INFO  AuthenticateEndPointImpl - Sending Get request for authentication 
2024-11-30 09:47:54 [main] INFO  AuthenticatePayload - Set the userId and password in the Authentication payload 
2024-11-30 09:47:54 [main] INFO  AuthenticateEndPointImpl - Received response with status code: 405
2024-11-30 09:47:54 [main] INFO  ApplySeverityLevel - severity lavel: normal 
2024-11-30 09:47:54 [main] INFO  AuthenticateEndPointImpl - Sending DELETE request for authentication 
2024-11-30 09:47:54 [main] INFO  AuthenticatePayload - Set the userId and password in the Authentication payload 
2024-11-30 09:47:54 [main] INFO  AuthenticateEndPointImpl - Actual status code: 500
2024-11-30 09:47:54 [main] INFO  ApplySeverityLevel - severity lavel: critical 
2024-11-30 09:47:54 [main] INFO  AuthenticateEndPointImpl - Sending empty payload request for authentication 
2024-11-30 09:47:54 [main] INFO  AuthenticateEndPointImpl - Actual status code :405
2024-11-30 09:47:54 [main] INFO  AuthenticateEndPointImpl - Sending Invalid Payload request for authentication 
2024-11-30 09:47:54 [main] INFO  AuthenticateEndPointImpl - Actual status code :405
2024-11-30 09:47:54 [main] INFO  AuthenticateEndPointImpl - Sending Missing payload body request for authentication 
2024-11-30 09:47:54 [main] INFO  AuthenticatePayload - Set the userId and password in the Authentication payload 
2024-11-30 09:47:54 [main] INFO  AuthenticateEndPointImpl - Actual status code :401
2024-11-30 09:47:54 [main] INFO  GetVideosForHomeEndPointsImpl - Sending POST request to get videos for home header
2024-11-30 09:47:55 [main] INFO  GetVideosForHomeEndPointsImpl - Received response with status code: 200
2024-11-30 09:47:55 [main] INFO  ResponseContainerComman - isProgramCleared: N
2024-11-30 09:47:55 [main] ERROR DateValidations - Unexpected error while validating program end date: null
java.lang.NullPointerException: null
	at com.nmims.api.comman.ResponseContainerComman.programValidityEndDate(ResponseContainerComman.java:21) ~[classes/:?]
	at com.nmims.api.utilities.DateValidations.programEndDateValidation(DateValidations.java:23) ~[classes/:?]
	at com.nmims.api.Listener.SkipTestListener.skipTestForValidityEndAndProgramCleared(SkipTestListener.java:21) ~[classes/:?]
	at com.nmims.api.test.GetVideosForHomeTest.getVideosForHomePostHeaderTest(GetVideosForHomeTest.java:51) ~[classes/:?]
	at jdk.internal.reflect.NativeMethodAccessorImpl.invoke0(Native Method) ~[?:?]
	at jdk.internal.reflect.NativeMethodAccessorImpl.invoke(NativeMethodAccessorImpl.java:62) ~[?:?]
	at jdk.internal.reflect.DelegatingMethodAccessorImpl.invoke(DelegatingMethodAccessorImpl.java:43) ~[?:?]
	at java.lang.reflect.Method.invoke(Method.java:566) ~[?:?]
	at org.testng.internal.MethodInvocationHelper.invokeMethod(MethodInvocationHelper.java:133) ~[org.testng_7.4.0.r202105021533.jar:7.4.0]
	at org.testng.internal.TestInvoker.invokeMethod(TestInvoker.java:598) ~[org.testng_7.4.0.r202105021533.jar:7.4.0]
	at org.testng.internal.TestInvoker.invokeTestMethod(TestInvoker.java:173) ~[org.testng_7.4.0.r202105021533.jar:7.4.0]
	at org.testng.internal.MethodRunner.runInSequence(MethodRunner.java:46) ~[org.testng_7.4.0.r202105021533.jar:7.4.0]
	at org.testng.internal.TestInvoker$MethodInvocationAgent.invoke(TestInvoker.java:824) ~[org.testng_7.4.0.r202105021533.jar:7.4.0]
	at org.testng.internal.TestInvoker.invokeTestMethods(TestInvoker.java:146) ~[org.testng_7.4.0.r202105021533.jar:7.4.0]
	at org.testng.internal.TestMethodWorker.invokeTestMethods(TestMethodWorker.java:146) ~[org.testng_7.4.0.r202105021533.jar:7.4.0]
	at org.testng.internal.TestMethodWorker.run(TestMethodWorker.java:128) ~[org.testng_7.4.0.r202105021533.jar:7.4.0]
	at java.util.ArrayList.forEach(ArrayList.java:1541) ~[?:?]
	at org.testng.TestRunner.privateRun(TestRunner.java:794) ~[org.testng_7.4.0.r202105021533.jar:7.4.0]
	at org.testng.TestRunner.run(TestRunner.java:596) ~[org.testng_7.4.0.r202105021533.jar:7.4.0]
	at org.testng.SuiteRunner.runTest(SuiteRunner.java:377) ~[org.testng_7.4.0.r202105021533.jar:7.4.0]
	at org.testng.SuiteRunner.runSequentially(SuiteRunner.java:371) ~[org.testng_7.4.0.r202105021533.jar:7.4.0]
	at org.testng.SuiteRunner.privateRun(SuiteRunner.java:332) ~[org.testng_7.4.0.r202105021533.jar:7.4.0]
	at org.testng.SuiteRunner.run(SuiteRunner.java:276) ~[org.testng_7.4.0.r202105021533.jar:7.4.0]
	at org.testng.SuiteRunnerWorker.runSuite(SuiteRunnerWorker.java:53) ~[org.testng_7.4.0.r202105021533.jar:7.4.0]
	at org.testng.SuiteRunnerWorker.run(SuiteRunnerWorker.java:96) ~[org.testng_7.4.0.r202105021533.jar:7.4.0]
	at org.testng.TestNG.runSuitesSequentially(TestNG.java:1212) ~[org.testng_7.4.0.r202105021533.jar:7.4.0]
	at org.testng.TestNG.runSuitesLocally(TestNG.java:1134) ~[org.testng_7.4.0.r202105021533.jar:7.4.0]
	at org.testng.TestNG.runSuites(TestNG.java:1063) ~[org.testng_7.4.0.r202105021533.jar:7.4.0]
	at org.testng.TestNG.run(TestNG.java:1031) ~[org.testng_7.4.0.r202105021533.jar:7.4.0]
	at org.testng.remote.AbstractRemoteTestNG.run(AbstractRemoteTestNG.java:115) ~[testng-remote.jar:?]
	at org.testng.remote.RemoteTestNG.initAndRun(RemoteTestNG.java:293) ~[testng-remote.jar:?]
	at org.testng.remote.RemoteTestNG.main(RemoteTestNG.java:91) ~[testng-remote.jar:?]
2024-11-30 09:47:55 [main] INFO  ApplySeverityLevel - severity lavel for succesfuly post method: normal 
2024-11-30 09:47:55 [main] INFO  GetVideosForHomeMapper - Starting GetVideosForHomeResponsValidation method
2024-11-30 09:47:55 [main] INFO  JsonPojoArrayValidator - Starting validation of JSON array against POJO: GetVideosForHomeModel
2024-11-30 09:47:55 [main] WARN  JsonPojoArrayValidator - Field defaultVideo is present in POJO but missing in the JSON response.
2024-11-30 09:47:55 [main] WARN  JsonPojoArrayValidator - Field mobileUrlSd2 is present in POJO but missing in the JSON response.
2024-11-30 09:47:55 [main] WARN  JsonPojoArrayValidator - Field fileName is present in POJO but missing in the JSON response.
2024-11-30 09:47:55 [main] WARN  JsonPojoArrayValidator - Field keywords is present in POJO but missing in the JSON response.
2024-11-30 09:47:55 [main] WARN  JsonPojoArrayValidator - Field year is present in POJO but missing in the JSON response.
2024-11-30 09:47:55 [main] WARN  JsonPojoArrayValidator - Field errorRecord is present in POJO but missing in the JSON response.
2024-11-30 09:47:55 [main] WARN  JsonPojoArrayValidator - Field sessionDate is present in POJO but missing in the JSON response.
2024-11-30 09:47:55 [main] WARN  JsonPojoArrayValidator - Field subject is present in POJO but missing in the JSON response.
2024-11-30 09:47:55 [main] WARN  JsonPojoArrayValidator - Field mobileUrlSd1 is present in POJO but missing in the JSON response.
2024-11-30 09:47:55 [main] WARN  JsonPojoArrayValidator - Field description is present in POJO but missing in the JSON response.
2024-11-30 09:47:55 [main] WARN  JsonPojoArrayValidator - Field academicCycle is present in POJO but missing in the JSON response.
2024-11-30 09:47:55 [main] WARN  JsonPojoArrayValidator - Field type is present in POJO but missing in the JSON response.
2024-11-30 09:47:55 [main] WARN  JsonPojoArrayValidator - Field duration is present in POJO but missing in the JSON response.
2024-11-30 09:47:55 [main] WARN  JsonPojoArrayValidator - Field startTime is present in POJO but missing in the JSON response.
2024-11-30 09:47:55 [main] WARN  JsonPojoArrayValidator - Field id is present in POJO but missing in the JSON response.
2024-11-30 09:47:55 [main] WARN  JsonPojoArrayValidator - Field viewCount is present in POJO but missing in the JSON response.
2024-11-30 09:47:55 [main] WARN  JsonPojoArrayValidator - Field mobileUrl is present in POJO but missing in the JSON response.
2024-11-30 09:47:55 [main] WARN  JsonPojoArrayValidator - Field track is present in POJO but missing in the JSON response.
2024-11-30 09:47:55 [main] WARN  JsonPojoArrayValidator - Field thumbnailUrl is present in POJO but missing in the JSON response.
2024-11-30 09:47:55 [main] WARN  JsonPojoArrayValidator - Field sapId is present in POJO but missing in the JSON response.
2024-11-30 09:47:55 [main] WARN  JsonPojoArrayValidator - Field lastModifiedDate is present in POJO but missing in the JSON response.
2024-11-30 09:47:55 [main] WARN  JsonPojoArrayValidator - Field programSemSubjectId is present in POJO but missing in the JSON response.
2024-11-30 09:47:55 [main] WARN  JsonPojoArrayValidator - Field addedBy is present in POJO but missing in the JSON response.
2024-11-30 09:47:55 [main] WARN  JsonPojoArrayValidator - Field bookmarked is present in POJO but missing in the JSON response.
2024-11-30 09:47:55 [main] WARN  JsonPojoArrayValidator - Field lastModifiedBy is present in POJO but missing in the JSON response.
2024-11-30 09:47:55 [main] WARN  JsonPojoArrayValidator - Field errorMessage is present in POJO but missing in the JSON response.
2024-11-30 09:47:55 [main] WARN  JsonPojoArrayValidator - Field mobileUrlHd is present in POJO but missing in the JSON response.
2024-11-30 09:47:55 [main] WARN  JsonPojoArrayValidator - Field sessionId is present in POJO but missing in the JSON response.
2024-11-30 09:47:55 [main] WARN  JsonPojoArrayValidator - Field addedOn is present in POJO but missing in the JSON response.
2024-11-30 09:47:55 [main] WARN  JsonPojoArrayValidator - Field facultyId is present in POJO but missing in the JSON response.
2024-11-30 09:47:55 [main] WARN  JsonPojoArrayValidator - Field createdDate is present in POJO but missing in the JSON response.
2024-11-30 09:47:55 [main] WARN  JsonPojoArrayValidator - Field month is present in POJO but missing in the JSON response.
2024-11-30 09:47:55 [main] WARN  JsonPojoArrayValidator - Field createdBy is present in POJO but missing in the JSON response.
2024-11-30 09:47:55 [main] WARN  JsonPojoArrayValidator - Field parentVideoId is present in POJO but missing in the JSON response.
2024-11-30 09:47:55 [main] WARN  JsonPojoArrayValidator - Field videoLink is present in POJO but missing in the JSON response.
2024-11-30 09:47:55 [main] WARN  JsonPojoArrayValidator - Field endTime is present in POJO but missing in the JSON response.
2024-11-30 09:47:55 [main] WARN  JsonPojoArrayValidator - Field facultyName is present in POJO but missing in the JSON response.
2024-11-30 09:47:55 [main] WARN  JsonPojoArrayValidator - Field meetingKey is present in POJO but missing in the JSON response.
2024-11-30 09:47:55 [main] INFO  JsonPojoArrayValidator - Validation completed for POJO: GetVideosForHomeModel
2024-11-30 09:47:55 [main] INFO  GetVideosForHomeEndPointsImpl - Sending GET request to get videos for home header
2024-11-30 09:47:55 [main] INFO  GetVideosForHomeEndPointsImpl - Received response with status code: 405
2024-11-30 09:47:55 [main] INFO  ApplySeverityLevel - severity lavel: normal 
2024-11-30 09:47:55 [main] INFO  GetVideosForHomeEndPointsImpl - Sending DELETE request to get videos for home header
2024-11-30 09:47:55 [main] INFO  GetVideosForHomeEndPointsImpl - Received response with status code: 500
2024-11-30 09:47:55 [main] INFO  GetVideosForHomeEndPointsImpl - Sending Empty payload request to get videos for home header
2024-11-30 09:47:55 [main] INFO  GetVideosForHomeEndPointsImpl - Expected status code :405
2024-11-30 09:47:55 [main] INFO  GetVideosForHomeEndPointsImpl - Expected status code :405
2024-11-30 09:47:55 [main] INFO  GetVideosForHomeEndPointsImpl - Expected status code :200
2024-11-30 09:47:55 [main] INFO  ViewAssignmentsFormEndPointsImpl - Initiating POST request to view assignments form endpoint.
2024-11-30 09:47:55 [main] INFO  ViewAssignmentsFormEndPointsImpl - POST request completed with status code: 200
2024-11-30 09:47:55 [main] INFO  ResponseContainerComman - isProgramCleared: N
2024-11-30 09:47:55 [main] ERROR DateValidations - Unexpected error while validating program end date: null
java.lang.NullPointerException: null
	at com.nmims.api.comman.ResponseContainerComman.programValidityEndDate(ResponseContainerComman.java:21) ~[classes/:?]
	at com.nmims.api.utilities.DateValidations.programEndDateValidation(DateValidations.java:23) ~[classes/:?]
	at com.nmims.api.Listener.SkipTestListener.skipTestForValidityEndAndProgramCleared(SkipTestListener.java:21) ~[classes/:?]
	at com.nmims.api.test.ViewAssignmentsFormTest.viewAssignmentsFormPOSTHeaderTest(ViewAssignmentsFormTest.java:47) ~[classes/:?]
	at jdk.internal.reflect.NativeMethodAccessorImpl.invoke0(Native Method) ~[?:?]
	at jdk.internal.reflect.NativeMethodAccessorImpl.invoke(NativeMethodAccessorImpl.java:62) ~[?:?]
	at jdk.internal.reflect.DelegatingMethodAccessorImpl.invoke(DelegatingMethodAccessorImpl.java:43) ~[?:?]
	at java.lang.reflect.Method.invoke(Method.java:566) ~[?:?]
	at org.testng.internal.MethodInvocationHelper.invokeMethod(MethodInvocationHelper.java:133) ~[org.testng_7.4.0.r202105021533.jar:7.4.0]
	at org.testng.internal.TestInvoker.invokeMethod(TestInvoker.java:598) ~[org.testng_7.4.0.r202105021533.jar:7.4.0]
	at org.testng.internal.TestInvoker.invokeTestMethod(TestInvoker.java:173) ~[org.testng_7.4.0.r202105021533.jar:7.4.0]
	at org.testng.internal.MethodRunner.runInSequence(MethodRunner.java:46) ~[org.testng_7.4.0.r202105021533.jar:7.4.0]
	at org.testng.internal.TestInvoker$MethodInvocationAgent.invoke(TestInvoker.java:824) ~[org.testng_7.4.0.r202105021533.jar:7.4.0]
	at org.testng.internal.TestInvoker.invokeTestMethods(TestInvoker.java:146) ~[org.testng_7.4.0.r202105021533.jar:7.4.0]
	at org.testng.internal.TestMethodWorker.invokeTestMethods(TestMethodWorker.java:146) ~[org.testng_7.4.0.r202105021533.jar:7.4.0]
	at org.testng.internal.TestMethodWorker.run(TestMethodWorker.java:128) ~[org.testng_7.4.0.r202105021533.jar:7.4.0]
	at java.util.ArrayList.forEach(ArrayList.java:1541) ~[?:?]
	at org.testng.TestRunner.privateRun(TestRunner.java:794) ~[org.testng_7.4.0.r202105021533.jar:7.4.0]
	at org.testng.TestRunner.run(TestRunner.java:596) ~[org.testng_7.4.0.r202105021533.jar:7.4.0]
	at org.testng.SuiteRunner.runTest(SuiteRunner.java:377) ~[org.testng_7.4.0.r202105021533.jar:7.4.0]
	at org.testng.SuiteRunner.runSequentially(SuiteRunner.java:371) ~[org.testng_7.4.0.r202105021533.jar:7.4.0]
	at org.testng.SuiteRunner.privateRun(SuiteRunner.java:332) ~[org.testng_7.4.0.r202105021533.jar:7.4.0]
	at org.testng.SuiteRunner.run(SuiteRunner.java:276) ~[org.testng_7.4.0.r202105021533.jar:7.4.0]
	at org.testng.SuiteRunnerWorker.runSuite(SuiteRunnerWorker.java:53) ~[org.testng_7.4.0.r202105021533.jar:7.4.0]
	at org.testng.SuiteRunnerWorker.run(SuiteRunnerWorker.java:96) ~[org.testng_7.4.0.r202105021533.jar:7.4.0]
	at org.testng.TestNG.runSuitesSequentially(TestNG.java:1212) ~[org.testng_7.4.0.r202105021533.jar:7.4.0]
	at org.testng.TestNG.runSuitesLocally(TestNG.java:1134) ~[org.testng_7.4.0.r202105021533.jar:7.4.0]
	at org.testng.TestNG.runSuites(TestNG.java:1063) ~[org.testng_7.4.0.r202105021533.jar:7.4.0]
	at org.testng.TestNG.run(TestNG.java:1031) ~[org.testng_7.4.0.r202105021533.jar:7.4.0]
	at org.testng.remote.AbstractRemoteTestNG.run(AbstractRemoteTestNG.java:115) ~[testng-remote.jar:?]
	at org.testng.remote.RemoteTestNG.initAndRun(RemoteTestNG.java:293) ~[testng-remote.jar:?]
	at org.testng.remote.RemoteTestNG.main(RemoteTestNG.java:91) ~[testng-remote.jar:?]
2024-11-30 09:47:55 [main] INFO  ViewAssignmentsFormMpper - Starting validation of current semester assignments...
2024-11-30 09:47:55 [main] WARN  ViewAssignmentsFormMpper - Field 'null' has an null  value in the JSON response.
2024-11-30 09:47:55 [main] WARN  ViewAssignmentsFormMpper - Field 'month' has an invalid value in the JSON response.
2024-11-30 09:47:55 [main] WARN  ViewAssignmentsFormMpper - Field 'null' has an null  value in the JSON response.
2024-11-30 09:47:55 [main] WARN  ViewAssignmentsFormMpper - Field 'year' has an invalid value in the JSON response.
2024-11-30 09:47:55 [main] WARN  ViewAssignmentsFormMpper - Field 'null' has an null  value in the JSON response.
2024-11-30 09:47:55 [main] WARN  ViewAssignmentsFormMpper - Field 'currentYearList' has an invalid value in the JSON response.
2024-11-30 09:47:55 [main] WARN  ViewAssignmentsFormMpper - Field 'null' has an null  value in the JSON response.
2024-11-30 09:47:55 [main] WARN  ViewAssignmentsFormMpper - Field 'subjectList' has an invalid value in the JSON response.
2024-11-30 09:47:55 [main] WARN  ViewAssignmentsFormMpper - Field 'null' has an null  value in the JSON response.
2024-11-30 09:47:55 [main] WARN  ViewAssignmentsFormMpper - Field 'error' has an invalid value in the JSON response.
2024-11-30 09:47:55 [main] WARN  ViewAssignmentsFormMpper - Field 'null' has an null  value in the JSON response.
2024-11-30 09:47:55 [main] WARN  ViewAssignmentsFormMpper - Field 'yearMonth' has an invalid value in the JSON response.
2024-11-30 09:47:55 [main] WARN  ViewAssignmentsFormMpper - Field 'currentSemAssignmentFilesList' has an invalid value in the JSON response.
2024-11-30 09:47:55 [main] WARN  ViewAssignmentsFormMpper - Field 'null' has an null  value in the JSON response.
2024-11-30 09:47:55 [main] WARN  ViewAssignmentsFormMpper - Field 'success' has an invalid value in the JSON response.
2024-11-30 09:47:55 [main] WARN  ViewAssignmentsFormMpper - Field 'null' has an null  value in the JSON response.
2024-11-30 09:47:55 [main] WARN  ViewAssignmentsFormMpper - Field 'successMessage' has an invalid value in the JSON response.
2024-11-30 09:47:55 [main] WARN  ViewAssignmentsFormMpper - Field 'failSubjectsAssignmentFilesList' has an invalid value in the JSON response.
2024-11-30 09:47:55 [main] WARN  ViewAssignmentsFormMpper - Field 'null' has an null  value in the JSON response.
2024-11-30 09:47:55 [main] WARN  ViewAssignmentsFormMpper - Field 'currentSemEndDateTime' has an invalid value in the JSON response.
2024-11-30 09:47:55 [main] WARN  ViewAssignmentsFormMpper - Field 'null' has an null  value in the JSON response.
2024-11-30 09:47:55 [main] WARN  ViewAssignmentsFormMpper - Field 'failSubjectsEndDateTime' has an invalid value in the JSON response.
2024-11-30 09:47:55 [main] WARN  ViewAssignmentsFormMpper - Field 'null' has an null  value in the JSON response.
2024-11-30 09:47:55 [main] WARN  ViewAssignmentsFormMpper - Field 'timeExtendedStudentIdSubjectList' has an invalid value in the JSON response.
2024-11-30 09:47:55 [main] WARN  ViewAssignmentsFormMpper - Field 'null' has an null  value in the JSON response.
2024-11-30 09:47:55 [main] WARN  ViewAssignmentsFormMpper - Field 'applicableSubjects' has an invalid value in the JSON response.
2024-11-30 09:47:55 [main] WARN  ViewAssignmentsFormMpper - Field 'null' has an null  value in the JSON response.
2024-11-30 09:47:55 [main] WARN  ViewAssignmentsFormMpper - Field 'subjectsNotAllowedToSubmit' has an invalid value in the JSON response.
2024-11-30 09:47:55 [main] WARN  ViewAssignmentsFormMpper - Field 'null' has an null  value in the JSON response.
2024-11-30 09:47:55 [main] WARN  ViewAssignmentsFormMpper - Field 'assignmentFile' has an invalid value in the JSON response.
2024-11-30 09:47:55 [main] WARN  ViewAssignmentsFormMpper - Field 'null' has an null  value in the JSON response.
2024-11-30 09:47:55 [main] WARN  ViewAssignmentsFormMpper - Field 'subject' has an invalid value in the JSON response.
2024-11-30 09:47:55 [main] WARN  ViewAssignmentsFormMpper - Field 'null' has an null  value in the JSON response.
2024-11-30 09:47:55 [main] WARN  ViewAssignmentsFormMpper - Field 'allAssignmentFilesList' has an invalid value in the JSON response.
2024-11-30 09:47:55 [main] WARN  ViewAssignmentsFormMpper - Field 'null' has an null  value in the JSON response.
2024-11-30 09:47:55 [main] WARN  ViewAssignmentsFormMpper - Field 'errorMessage' has an invalid value in the JSON response.
2024-11-30 09:47:55 [main] INFO  ViewAssignmentsFormMpper - Validation of assignment files list completed successfully.
2024-11-30 09:47:55 [main] INFO  ApplySeverityLevel - severity lavel: minor 
2024-11-30 09:47:56 [main] INFO  ViewAssignmentsFormEndPointsImpl - Initiating GET request to view assignments form endpoint.
2024-11-30 09:47:56 [main] INFO  ViewAssignmentsFormEndPointsImpl - GET request completed with status code: 405
2024-11-30 09:47:56 [main] INFO  ApplySeverityLevel - severity lavel: normal 
2024-11-30 09:47:56 [main] INFO  ViewAssignmentsFormEndPointsImpl - Initiating DELETE request to view assignments form endpoint.
2024-11-30 09:47:56 [main] INFO  ViewAssignmentsFormEndPointsImpl - DELETE request completed with status code: 500
2024-11-30 09:47:56 [main] INFO  ViewAssignmentsFormEndPointsImpl - Actual status code :400
2024-11-30 09:47:56 [main] INFO  ViewAssignmentsFormEndPointsImpl - Actual status code :400
2024-11-30 10:59:22 [main] INFO  AuthenticateEndPointImpl - Sending POST request for authentication .
2024-11-30 10:59:22 [main] INFO  AuthenticatePayload - Set the userId and password in the Authentication payload 
2024-11-30 10:59:23 [main] INFO  AuthenticateEndPointImpl - Received response with status code: 200
2024-11-30 10:59:23 [main] INFO  ApplySeverityLevel - severity lavel for succesfuly post method: normal 
2024-11-30 10:59:23 [main] INFO  AuthenticateMapper - Start the authenticate API Respons validation...
2024-11-30 10:59:23 [main] INFO  AuthenticateMapper - The student Program Status is: 
2024-11-30 10:59:23 [main] WARN  AuthenticateMapper - Field 'announcements' in JSON object is null.
2024-11-30 10:59:23 [main] WARN  AuthenticateMapper - Field 'isStudent' in JSON object is null.
2024-11-30 10:59:23 [main] WARN  AuthenticateMapper - Field 'personDetails' in JSON object is null.
2024-11-30 10:59:23 [main] WARN  AuthenticateMapper - Field 'userBean' in JSON object is null.
2024-11-30 10:59:23 [main] WARN  AuthenticateMapper - Field 'applicableSubjects' in JSON object is null.
2024-11-30 10:59:23 [main] WARN  AuthenticateMapper - Field 'stukent' in JSON object is null.
2024-11-30 10:59:23 [main] WARN  AuthenticateMapper - Field 'harvard' in JSON object is null.
2024-11-30 10:59:23 [main] WARN  AuthenticateMapper - Field 'isLoginAsLead' in JSON object is null.
2024-11-30 10:59:23 [main] WARN  AuthenticateMapper - Field 'csAdmin' in JSON object is null.
2024-11-30 10:59:23 [main] WARN  AuthenticateMapper - Field 'errorMessage' in JSON object is null.
2024-11-30 10:59:23 [main] WARN  AuthenticateMapper - Field 'subjectCodeId' in JSON object is null.
2024-11-30 10:59:23 [main] WARN  AuthenticateMapper - Field 'currentSubjectCodeIds' in JSON object is null.
2024-11-30 10:59:23 [main] WARN  AuthenticateMapper - Field 'backlogSubjectCodeIds' in JSON object is null.
2024-11-30 10:59:23 [main] INFO  AuthenticateMapper - Validation completed successfully for POJO: AuthenticationModel
2024-11-30 10:59:23 [main] INFO  AuthenticateEndPointImpl - Sending Get request for authentication 
2024-11-30 10:59:23 [main] INFO  AuthenticatePayload - Set the userId and password in the Authentication payload 
2024-11-30 10:59:24 [main] INFO  AuthenticateEndPointImpl - Received response with status code: 405
2024-11-30 10:59:24 [main] INFO  ApplySeverityLevel - severity lavel: normal 
2024-11-30 10:59:24 [main] INFO  AuthenticateEndPointImpl - Sending DELETE request for authentication 
2024-11-30 10:59:24 [main] INFO  AuthenticatePayload - Set the userId and password in the Authentication payload 
2024-11-30 10:59:24 [main] INFO  AuthenticateEndPointImpl - Actual status code: 500
2024-11-30 10:59:24 [main] INFO  ApplySeverityLevel - severity lavel: critical 
2024-11-30 10:59:24 [main] INFO  AuthenticateEndPointImpl - Sending empty payload request for authentication 
2024-11-30 10:59:25 [main] INFO  AuthenticateEndPointImpl - Actual status code :405
2024-11-30 10:59:25 [main] INFO  AuthenticateEndPointImpl - Sending Invalid Payload request for authentication 
2024-11-30 10:59:25 [main] INFO  AuthenticateEndPointImpl - Actual status code :405
2024-11-30 10:59:25 [main] INFO  AuthenticateEndPointImpl - Sending Missing payload body request for authentication 
2024-11-30 10:59:25 [main] INFO  AuthenticatePayload - Set the userId and password in the Authentication payload 
2024-11-30 10:59:25 [main] INFO  AuthenticateEndPointImpl - Actual status code :401
2024-11-30 10:59:25 [main] INFO  GetVideosForHomeEndPointsImpl - Sending POST request to get videos for home header
2024-11-30 10:59:25 [main] INFO  GetVideosForHomeEndPointsImpl - Received response with status code: 200
2024-11-30 10:59:25 [main] INFO  ResponseContainerComman - isProgramCleared: Y
2024-11-30 10:59:25 [main] INFO  ViewAssignmentsFormEndPointsImpl - Initiating POST request to view assignments form endpoint.
2024-11-30 10:59:25 [main] INFO  ViewAssignmentsFormEndPointsImpl - POST request completed with status code: 200
2024-11-30 10:59:25 [main] INFO  ResponseContainerComman - isProgramCleared: Y
2024-11-30 14:55:45 [main] INFO  AuthenticateEndPointImpl - Sending POST request for authentication .
2024-11-30 14:55:45 [main] INFO  AuthenticatePayload - Set the userId and password in the Authentication payload 
2024-11-30 14:55:46 [main] INFO  AuthenticateEndPointImpl - Received response with status code: 200
2024-11-30 14:55:47 [main] INFO  ApplySeverityLevel - severity lavel for succesfuly post method: normal 
2024-11-30 14:55:47 [main] INFO  AuthenticateMapper - Start the authenticate API Respons validation...
2024-11-30 14:55:47 [main] INFO  AuthenticateMapper - The student Program Status is: Y
2024-11-30 14:55:47 [main] ERROR AuthenticateMapper - Error processing 'student' node: null
java.lang.NullPointerException: null
	at com.nmims.api.response.mapper.AuthenticateMapper.processStudentNode(AuthenticateMapper.java:286) ~[classes/:?]
	at com.nmims.api.response.mapper.AuthenticateMapper.validateFieldCompatibility(AuthenticateMapper.java:245) ~[classes/:?]
	at com.nmims.api.response.mapper.AuthenticateMapper.validateJsonFields(AuthenticateMapper.java:230) ~[classes/:?]
	at com.nmims.api.response.mapper.AuthenticateMapper.validateAuthenticateJsonWithPojo(AuthenticateMapper.java:198) ~[classes/:?]
	at com.nmims.api.response.mapper.AuthenticateMapper.authenticateResponseValidation(AuthenticateMapper.java:48) ~[classes/:?]
	at com.nmims.api.test.AuthenticateTest.authenticatePOSTHeaderTest(AuthenticateTest.java:49) ~[classes/:?]
	at jdk.internal.reflect.NativeMethodAccessorImpl.invoke0(Native Method) ~[?:?]
	at jdk.internal.reflect.NativeMethodAccessorImpl.invoke(NativeMethodAccessorImpl.java:62) ~[?:?]
	at jdk.internal.reflect.DelegatingMethodAccessorImpl.invoke(DelegatingMethodAccessorImpl.java:43) ~[?:?]
	at java.lang.reflect.Method.invoke(Method.java:566) ~[?:?]
	at org.testng.internal.MethodInvocationHelper.invokeMethod(MethodInvocationHelper.java:133) ~[org.testng_7.4.0.r202105021533.jar:7.4.0]
	at org.testng.internal.TestInvoker.invokeMethod(TestInvoker.java:598) ~[org.testng_7.4.0.r202105021533.jar:7.4.0]
	at org.testng.internal.TestInvoker.invokeTestMethod(TestInvoker.java:173) ~[org.testng_7.4.0.r202105021533.jar:7.4.0]
	at org.testng.internal.MethodRunner.runInSequence(MethodRunner.java:46) ~[org.testng_7.4.0.r202105021533.jar:7.4.0]
	at org.testng.internal.TestInvoker$MethodInvocationAgent.invoke(TestInvoker.java:824) ~[org.testng_7.4.0.r202105021533.jar:7.4.0]
	at org.testng.internal.TestInvoker.invokeTestMethods(TestInvoker.java:146) ~[org.testng_7.4.0.r202105021533.jar:7.4.0]
	at org.testng.internal.TestMethodWorker.invokeTestMethods(TestMethodWorker.java:146) ~[org.testng_7.4.0.r202105021533.jar:7.4.0]
	at org.testng.internal.TestMethodWorker.run(TestMethodWorker.java:128) ~[org.testng_7.4.0.r202105021533.jar:7.4.0]
	at java.util.ArrayList.forEach(ArrayList.java:1541) ~[?:?]
	at org.testng.TestRunner.privateRun(TestRunner.java:794) ~[org.testng_7.4.0.r202105021533.jar:7.4.0]
	at org.testng.TestRunner.run(TestRunner.java:596) ~[org.testng_7.4.0.r202105021533.jar:7.4.0]
	at org.testng.SuiteRunner.runTest(SuiteRunner.java:377) ~[org.testng_7.4.0.r202105021533.jar:7.4.0]
	at org.testng.SuiteRunner.runSequentially(SuiteRunner.java:371) ~[org.testng_7.4.0.r202105021533.jar:7.4.0]
	at org.testng.SuiteRunner.privateRun(SuiteRunner.java:332) ~[org.testng_7.4.0.r202105021533.jar:7.4.0]
	at org.testng.SuiteRunner.run(SuiteRunner.java:276) ~[org.testng_7.4.0.r202105021533.jar:7.4.0]
	at org.testng.SuiteRunnerWorker.runSuite(SuiteRunnerWorker.java:53) ~[org.testng_7.4.0.r202105021533.jar:7.4.0]
	at org.testng.SuiteRunnerWorker.run(SuiteRunnerWorker.java:96) ~[org.testng_7.4.0.r202105021533.jar:7.4.0]
	at org.testng.TestNG.runSuitesSequentially(TestNG.java:1212) ~[org.testng_7.4.0.r202105021533.jar:7.4.0]
	at org.testng.TestNG.runSuitesLocally(TestNG.java:1134) ~[org.testng_7.4.0.r202105021533.jar:7.4.0]
	at org.testng.TestNG.runSuites(TestNG.java:1063) ~[org.testng_7.4.0.r202105021533.jar:7.4.0]
	at org.testng.TestNG.run(TestNG.java:1031) ~[org.testng_7.4.0.r202105021533.jar:7.4.0]
	at org.testng.remote.AbstractRemoteTestNG.run(AbstractRemoteTestNG.java:115) ~[testng-remote.jar:?]
	at org.testng.remote.RemoteTestNG.initAndRun(RemoteTestNG.java:293) ~[testng-remote.jar:?]
	at org.testng.remote.RemoteTestNG.main(RemoteTestNG.java:91) ~[testng-remote.jar:?]
2024-11-30 14:55:47 [main] INFO  GetVideosForHomeEndPointsImpl - Sending POST request to get videos for home header
2024-11-30 14:55:47 [main] INFO  GetVideosForHomeEndPointsImpl - Received response with status code: 200
2024-11-30 14:55:47 [main] INFO  ViewAssignmentsFormEndPointsImpl - Initiating POST request to view assignments form endpoint.
2024-11-30 14:55:47 [main] INFO  ViewAssignmentsFormEndPointsImpl - POST request completed with status code: 200
2024-11-30 15:05:03 [main] INFO  AuthenticateEndPointImpl - Sending POST request for authentication .
2024-11-30 15:05:04 [main] INFO  AuthenticatePayload - Set the userId and password in the Authentication payload 
2024-11-30 15:05:05 [main] INFO  AuthenticateEndPointImpl - Received response with status code: 200
2024-11-30 15:05:05 [main] INFO  ApplySeverityLevel - severity lavel for succesfuly post method: normal 
2024-11-30 15:05:05 [main] INFO  AuthenticateMapper - Start the authenticate API Respons validation...
2024-11-30 15:05:05 [main] INFO  GetVideosForHomeEndPointsImpl - Sending POST request to get videos for home header
2024-11-30 15:05:05 [main] INFO  GetVideosForHomeEndPointsImpl - Received response with status code: 200
2024-11-30 15:05:05 [main] INFO  ViewAssignmentsFormEndPointsImpl - Initiating POST request to view assignments form endpoint.
2024-11-30 15:05:05 [main] INFO  ViewAssignmentsFormEndPointsImpl - POST request completed with status code: 200
2024-11-30 15:06:34 [main] INFO  AuthenticateEndPointImpl - Sending POST request for authentication .
2024-11-30 15:06:34 [main] INFO  AuthenticatePayload - Set the userId and password in the Authentication payload 
2024-11-30 15:06:35 [main] INFO  AuthenticateEndPointImpl - Received response with status code: 200
2024-11-30 15:06:35 [main] INFO  ApplySeverityLevel - severity lavel for succesfuly post method: normal 
2024-11-30 15:06:35 [main] INFO  AuthenticateMapper - Start the authenticate API Respons validation...
2024-11-30 15:06:35 [main] INFO  AuthenticateMapper - The student Program Status is: 
2024-11-30 15:06:35 [main] ERROR AuthenticateMapper - Error processing 'student' node: null
java.lang.NullPointerException: null
	at com.nmims.api.response.mapper.AuthenticateMapper.processStudentNode(AuthenticateMapper.java:176) ~[classes/:?]
	at com.nmims.api.response.mapper.AuthenticateMapper.validateAuthenticateJsonWithPojo(AuthenticateMapper.java:105) ~[classes/:?]
	at com.nmims.api.response.mapper.AuthenticateMapper.authenticateResponseValidation(AuthenticateMapper.java:49) ~[classes/:?]
	at com.nmims.api.test.AuthenticateTest.authenticatePOSTHeaderTest(AuthenticateTest.java:49) ~[classes/:?]
	at jdk.internal.reflect.NativeMethodAccessorImpl.invoke0(Native Method) ~[?:?]
	at jdk.internal.reflect.NativeMethodAccessorImpl.invoke(NativeMethodAccessorImpl.java:62) ~[?:?]
	at jdk.internal.reflect.DelegatingMethodAccessorImpl.invoke(DelegatingMethodAccessorImpl.java:43) ~[?:?]
	at java.lang.reflect.Method.invoke(Method.java:566) ~[?:?]
	at org.testng.internal.MethodInvocationHelper.invokeMethod(MethodInvocationHelper.java:133) ~[org.testng_7.4.0.r202105021533.jar:7.4.0]
	at org.testng.internal.TestInvoker.invokeMethod(TestInvoker.java:598) ~[org.testng_7.4.0.r202105021533.jar:7.4.0]
	at org.testng.internal.TestInvoker.invokeTestMethod(TestInvoker.java:173) ~[org.testng_7.4.0.r202105021533.jar:7.4.0]
	at org.testng.internal.MethodRunner.runInSequence(MethodRunner.java:46) ~[org.testng_7.4.0.r202105021533.jar:7.4.0]
	at org.testng.internal.TestInvoker$MethodInvocationAgent.invoke(TestInvoker.java:824) ~[org.testng_7.4.0.r202105021533.jar:7.4.0]
	at org.testng.internal.TestInvoker.invokeTestMethods(TestInvoker.java:146) ~[org.testng_7.4.0.r202105021533.jar:7.4.0]
	at org.testng.internal.TestMethodWorker.invokeTestMethods(TestMethodWorker.java:146) ~[org.testng_7.4.0.r202105021533.jar:7.4.0]
	at org.testng.internal.TestMethodWorker.run(TestMethodWorker.java:128) ~[org.testng_7.4.0.r202105021533.jar:7.4.0]
	at java.util.ArrayList.forEach(ArrayList.java:1541) ~[?:?]
	at org.testng.TestRunner.privateRun(TestRunner.java:794) ~[org.testng_7.4.0.r202105021533.jar:7.4.0]
	at org.testng.TestRunner.run(TestRunner.java:596) ~[org.testng_7.4.0.r202105021533.jar:7.4.0]
	at org.testng.SuiteRunner.runTest(SuiteRunner.java:377) ~[org.testng_7.4.0.r202105021533.jar:7.4.0]
	at org.testng.SuiteRunner.runSequentially(SuiteRunner.java:371) ~[org.testng_7.4.0.r202105021533.jar:7.4.0]
	at org.testng.SuiteRunner.privateRun(SuiteRunner.java:332) ~[org.testng_7.4.0.r202105021533.jar:7.4.0]
	at org.testng.SuiteRunner.run(SuiteRunner.java:276) ~[org.testng_7.4.0.r202105021533.jar:7.4.0]
	at org.testng.SuiteRunnerWorker.runSuite(SuiteRunnerWorker.java:53) ~[org.testng_7.4.0.r202105021533.jar:7.4.0]
	at org.testng.SuiteRunnerWorker.run(SuiteRunnerWorker.java:96) ~[org.testng_7.4.0.r202105021533.jar:7.4.0]
	at org.testng.TestNG.runSuitesSequentially(TestNG.java:1212) ~[org.testng_7.4.0.r202105021533.jar:7.4.0]
	at org.testng.TestNG.runSuitesLocally(TestNG.java:1134) ~[org.testng_7.4.0.r202105021533.jar:7.4.0]
	at org.testng.TestNG.runSuites(TestNG.java:1063) ~[org.testng_7.4.0.r202105021533.jar:7.4.0]
	at org.testng.TestNG.run(TestNG.java:1031) ~[org.testng_7.4.0.r202105021533.jar:7.4.0]
	at org.testng.remote.AbstractRemoteTestNG.run(AbstractRemoteTestNG.java:115) ~[testng-remote.jar:?]
	at org.testng.remote.RemoteTestNG.initAndRun(RemoteTestNG.java:293) ~[testng-remote.jar:?]
	at org.testng.remote.RemoteTestNG.main(RemoteTestNG.java:91) ~[testng-remote.jar:?]
2024-11-30 15:06:35 [main] INFO  GetVideosForHomeEndPointsImpl - Sending POST request to get videos for home header
2024-11-30 15:06:35 [main] INFO  GetVideosForHomeEndPointsImpl - Received response with status code: 200
2024-11-30 15:06:36 [main] INFO  ViewAssignmentsFormEndPointsImpl - Initiating POST request to view assignments form endpoint.
2024-11-30 15:06:36 [main] INFO  ViewAssignmentsFormEndPointsImpl - POST request completed with status code: 200
2024-11-30 15:12:01 [main] INFO  AuthenticateEndPointImpl - Sending POST request for authentication .
2024-11-30 15:12:01 [main] INFO  AuthenticatePayload - Set the userId and password in the Authentication payload 
2024-11-30 15:12:02 [main] INFO  AuthenticateEndPointImpl - Received response with status code: 200
2024-11-30 15:12:02 [main] INFO  ApplySeverityLevel - severity lavel for succesfuly post method: normal 
2024-11-30 15:12:02 [main] INFO  AuthenticateMapper - Start the authenticate API Respons validation...
2024-11-30 15:12:02 [main] INFO  AuthenticateMapper - The student Program Status is: 
2024-11-30 15:12:02 [main] WARN  AuthenticateMapper - Field 'announcements' in JSON object is null.
2024-11-30 15:12:02 [main] WARN  AuthenticateMapper - Field 'isStudent' in JSON object is null.
2024-11-30 15:12:02 [main] WARN  AuthenticateMapper - Field 'personDetails' in JSON object is null.
2024-11-30 15:12:02 [main] WARN  AuthenticateMapper - Field 'userBean' in JSON object is null.
2024-11-30 15:12:02 [main] WARN  AuthenticateMapper - Field 'applicableSubjects' in JSON object is null.
2024-11-30 15:12:02 [main] WARN  AuthenticateMapper - Field 'stukent' in JSON object is null.
2024-11-30 15:12:02 [main] WARN  AuthenticateMapper - Field 'harvard' in JSON object is null.
2024-11-30 15:12:02 [main] WARN  AuthenticateMapper - Field 'isLoginAsLead' in JSON object is null.
2024-11-30 15:12:02 [main] WARN  AuthenticateMapper - Field 'csAdmin' in JSON object is null.
2024-11-30 15:12:02 [main] WARN  AuthenticateMapper - Field 'errorMessage' in JSON object is null.
2024-11-30 15:12:02 [main] WARN  AuthenticateMapper - Field 'subjectCodeId' in JSON object is null.
2024-11-30 15:12:02 [main] WARN  AuthenticateMapper - Field 'currentSubjectCodeIds' in JSON object is null.
2024-11-30 15:12:02 [main] WARN  AuthenticateMapper - Field 'backlogSubjectCodeIds' in JSON object is null.
2024-11-30 15:12:02 [main] INFO  AuthenticateMapper - Validation completed successfully for POJO: AuthenticationModel
2024-11-30 15:12:02 [main] INFO  AuthenticateEndPointImpl - Sending Get request for authentication 
2024-11-30 15:12:02 [main] INFO  AuthenticatePayload - Set the userId and password in the Authentication payload 
2024-11-30 15:12:03 [main] INFO  AuthenticateEndPointImpl - Received response with status code: 405
2024-11-30 15:12:03 [main] INFO  ApplySeverityLevel - severity lavel: normal 
2024-11-30 15:12:03 [main] INFO  AuthenticateEndPointImpl - Sending DELETE request for authentication 
2024-11-30 15:12:03 [main] INFO  AuthenticatePayload - Set the userId and password in the Authentication payload 
2024-11-30 15:12:03 [main] INFO  AuthenticateEndPointImpl - Actual status code: 500
2024-11-30 15:12:03 [main] INFO  ApplySeverityLevel - severity lavel: critical 
2024-11-30 15:12:03 [main] INFO  AuthenticateEndPointImpl - Sending empty payload request for authentication 
2024-11-30 15:12:03 [main] INFO  AuthenticateEndPointImpl - Actual status code :405
2024-11-30 15:12:03 [main] INFO  AuthenticateEndPointImpl - Sending Invalid Payload request for authentication 
2024-11-30 15:12:03 [main] INFO  AuthenticateEndPointImpl - Actual status code :405
2024-11-30 15:12:03 [main] INFO  AuthenticateEndPointImpl - Sending Missing payload body request for authentication 
2024-11-30 15:12:03 [main] INFO  AuthenticatePayload - Set the userId and password in the Authentication payload 
2024-11-30 15:12:04 [main] INFO  AuthenticateEndPointImpl - Actual status code :401
2024-11-30 15:12:04 [main] INFO  GetVideosForHomeEndPointsImpl - Sending POST request to get videos for home header
2024-11-30 15:12:04 [main] INFO  GetVideosForHomeEndPointsImpl - Received response with status code: 200
2024-11-30 15:12:04 [main] INFO  ResponseContainerComman - isProgramCleared: Y
2024-11-30 15:12:04 [main] INFO  ViewAssignmentsFormEndPointsImpl - Initiating POST request to view assignments form endpoint.
2024-11-30 15:12:04 [main] INFO  ViewAssignmentsFormEndPointsImpl - POST request completed with status code: 200
2024-11-30 15:12:04 [main] INFO  ResponseContainerComman - isProgramCleared: Y
2024-11-30 15:13:03 [main] INFO  AuthenticateEndPointImpl - Sending POST request for authentication .
2024-11-30 15:13:03 [main] INFO  AuthenticatePayload - Set the userId and password in the Authentication payload 
2024-11-30 15:13:04 [main] INFO  AuthenticateEndPointImpl - Received response with status code: 200
2024-11-30 15:13:04 [main] INFO  ApplySeverityLevel - severity lavel for succesfuly post method: normal 
2024-11-30 15:13:04 [main] INFO  AuthenticateMapper - Start the authenticate API Respons validation...
2024-11-30 15:13:04 [main] INFO  AuthenticateMapper - The student Program Status is: Y
2024-11-30 15:13:04 [main] WARN  AuthenticateMapper - Field 'announcements' in JSON object is null or empty.
2024-11-30 15:13:04 [main] WARN  AuthenticateMapper - Field 'isStudent' in JSON object is null or empty.
2024-11-30 15:13:04 [main] WARN  AuthenticateMapper - Field 'personDetails' in JSON object is null or empty.
2024-11-30 15:13:04 [main] WARN  AuthenticateMapper - Field 'userBean' in JSON object is null or empty.
2024-11-30 15:13:04 [main] WARN  AuthenticateMapper - Field 'applicableSubjects' in JSON object is null or empty.
2024-11-30 15:13:05 [main] WARN  AuthenticateMapper - Field 'stukent' in JSON object is null or empty.
2024-11-30 15:13:05 [main] WARN  AuthenticateMapper - Field 'harvard' in JSON object is null or empty.
2024-11-30 15:13:05 [main] WARN  AuthenticateMapper - Field 'isLoginAsLead' in JSON object is null or empty.
2024-11-30 15:13:05 [main] WARN  AuthenticateMapper - Field 'csAdmin' in JSON object is null or empty.
2024-11-30 15:13:05 [main] WARN  AuthenticateMapper - Field 'errorMessage' in JSON object is null or empty.
2024-11-30 15:13:05 [main] WARN  AuthenticateMapper - Field 'subjectCodeId' in JSON object is null or empty.
2024-11-30 15:13:05 [main] WARN  AuthenticateMapper - Field 'currentSubjectCodeIds' in JSON object is null or empty.
2024-11-30 15:13:05 [main] WARN  AuthenticateMapper - Field 'backlogSubjectCodeIds' in JSON object is null or empty.
2024-11-30 15:13:05 [main] INFO  AuthenticateMapper - validityEndDate successfully set: 2025/6/30
2024-11-30 15:13:05 [main] INFO  AuthenticateMapper - Validation completed successfully for POJO: AuthenticationModel
2024-11-30 15:13:05 [main] INFO  AuthenticateEndPointImpl - Sending Get request for authentication 
2024-11-30 15:13:05 [main] INFO  AuthenticatePayload - Set the userId and password in the Authentication payload 
2024-11-30 15:13:05 [main] INFO  AuthenticateEndPointImpl - Received response with status code: 405
2024-11-30 15:13:05 [main] INFO  ApplySeverityLevel - severity lavel: normal 
2024-11-30 15:13:05 [main] INFO  AuthenticateEndPointImpl - Sending DELETE request for authentication 
2024-11-30 15:13:05 [main] INFO  AuthenticatePayload - Set the userId and password in the Authentication payload 
2024-11-30 15:13:05 [main] INFO  AuthenticateEndPointImpl - Actual status code: 500
2024-11-30 15:13:05 [main] INFO  ApplySeverityLevel - severity lavel: critical 
2024-11-30 15:13:05 [main] INFO  AuthenticateEndPointImpl - Sending empty payload request for authentication 
2024-11-30 15:13:05 [main] INFO  AuthenticateEndPointImpl - Actual status code :405
2024-11-30 15:13:05 [main] INFO  AuthenticateEndPointImpl - Sending Invalid Payload request for authentication 
2024-11-30 15:13:05 [main] INFO  AuthenticateEndPointImpl - Actual status code :405
2024-11-30 15:13:05 [main] INFO  AuthenticateEndPointImpl - Sending Missing payload body request for authentication 
2024-11-30 15:13:05 [main] INFO  AuthenticatePayload - Set the userId and password in the Authentication payload 
2024-11-30 15:13:05 [main] INFO  AuthenticateEndPointImpl - Actual status code :401
2024-11-30 15:13:05 [main] INFO  GetVideosForHomeEndPointsImpl - Sending POST request to get videos for home header
2024-11-30 15:13:05 [main] INFO  GetVideosForHomeEndPointsImpl - Received response with status code: 200
2024-11-30 15:13:05 [main] INFO  ResponseContainerComman - isProgramCleared: Y
2024-11-30 15:13:05 [main] INFO  ViewAssignmentsFormEndPointsImpl - Initiating POST request to view assignments form endpoint.
2024-11-30 15:13:06 [main] INFO  ViewAssignmentsFormEndPointsImpl - POST request completed with status code: 200
2024-11-30 15:13:06 [main] INFO  ResponseContainerComman - isProgramCleared: Y
2024-11-30 16:22:17 [main] INFO  AuthenticateEndPointImpl - Sending POST request for authentication .
2024-11-30 16:22:17 [main] INFO  AuthenticatePayload - Set the userId and password in the Authentication payload 
2024-11-30 16:22:18 [main] INFO  AuthenticateEndPointImpl - Received response with status code: 200
2024-11-30 16:22:18 [main] INFO  ApplySeverityLevel - severity lavel for succesfuly post method: normal 
2024-11-30 16:22:18 [main] INFO  AuthenticateMapper - Start the authenticate API Respons validation...
2024-11-30 16:22:18 [main] INFO  AuthenticateMapper - The student Program Status is: Y
2024-11-30 16:22:18 [main] WARN  AuthenticateMapper - Field 'announcements' in JSON object is null or empty.
2024-11-30 16:22:18 [main] WARN  AuthenticateMapper - Field 'isStudent' in JSON object is null or empty.
2024-11-30 16:22:18 [main] WARN  AuthenticateMapper - Field 'personDetails' in JSON object is null or empty.
2024-11-30 16:22:18 [main] WARN  AuthenticateMapper - Field 'userBean' in JSON object is null or empty.
2024-11-30 16:22:18 [main] WARN  AuthenticateMapper - Field 'applicableSubjects' in JSON object is null or empty.
2024-11-30 16:22:18 [main] WARN  AuthenticateMapper - Field 'stukent' in JSON object is null or empty.
2024-11-30 16:22:18 [main] WARN  AuthenticateMapper - Field 'harvard' in JSON object is null or empty.
2024-11-30 16:22:18 [main] WARN  AuthenticateMapper - Field 'isLoginAsLead' in JSON object is null or empty.
2024-11-30 16:22:18 [main] WARN  AuthenticateMapper - Field 'csAdmin' in JSON object is null or empty.
2024-11-30 16:22:18 [main] WARN  AuthenticateMapper - Field 'errorMessage' in JSON object is null or empty.
2024-11-30 16:22:18 [main] WARN  AuthenticateMapper - Field 'subjectCodeId' in JSON object is null or empty.
2024-11-30 16:22:18 [main] WARN  AuthenticateMapper - Field 'currentSubjectCodeIds' in JSON object is null or empty.
2024-11-30 16:22:18 [main] WARN  AuthenticateMapper - Field 'backlogSubjectCodeIds' in JSON object is null or empty.
2024-11-30 16:22:18 [main] INFO  AuthenticateMapper - validityEndDate successfully set: 2025/6/30
2024-11-30 16:22:18 [main] INFO  AuthenticateMapper - Validation completed successfully for POJO: AuthenticationModel
2024-11-30 16:22:18 [main] INFO  AuthenticateEndPointImpl - Sending Get request for authentication 
2024-11-30 16:22:18 [main] INFO  AuthenticatePayload - Set the userId and password in the Authentication payload 
2024-11-30 16:22:18 [main] INFO  AuthenticateEndPointImpl - Received response with status code: 405
2024-11-30 16:22:18 [main] INFO  ApplySeverityLevel - severity lavel: normal 
2024-11-30 16:22:18 [main] INFO  AuthenticateEndPointImpl - Sending DELETE request for authentication 
2024-11-30 16:22:18 [main] INFO  AuthenticatePayload - Set the userId and password in the Authentication payload 
2024-11-30 16:22:18 [main] INFO  AuthenticateEndPointImpl - Actual status code: 500
2024-11-30 16:22:18 [main] INFO  ApplySeverityLevel - severity lavel: critical 
2024-11-30 16:22:19 [main] INFO  AuthenticateEndPointImpl - Sending empty payload request for authentication 
2024-11-30 16:22:19 [main] INFO  AuthenticateEndPointImpl - Actual status code :405
2024-11-30 16:22:19 [main] INFO  AuthenticateEndPointImpl - Sending Invalid Payload request for authentication 
2024-11-30 16:22:19 [main] INFO  AuthenticateEndPointImpl - Actual status code :405
2024-11-30 16:22:19 [main] INFO  AuthenticateEndPointImpl - Sending Missing payload body request for authentication 
2024-11-30 16:22:19 [main] INFO  AuthenticatePayload - Set the userId and password in the Authentication payload 
2024-11-30 16:22:19 [main] INFO  AuthenticateEndPointImpl - Actual status code :401
2024-11-30 16:22:19 [main] INFO  GetVideosForHomeEndPointsImpl - Sending POST request to get videos for home header
2024-11-30 16:22:19 [main] INFO  GetVideosForHomeEndPointsImpl - Received response with status code: 200
2024-11-30 16:22:19 [main] INFO  ResponseContainerComman - isProgramCleared: Y
2024-11-30 16:22:19 [main] INFO  ViewAssignmentsFormEndPointsImpl - Initiating POST request to view assignments form endpoint.
2024-11-30 16:22:19 [main] INFO  ViewAssignmentsFormEndPointsImpl - POST request completed with status code: 200
2024-11-30 16:22:19 [main] INFO  ResponseContainerComman - isProgramCleared: Y
2024-11-30 16:23:02 [main] INFO  AuthenticateEndPointImpl - Sending POST request for authentication .
2024-11-30 16:23:03 [main] INFO  AuthenticatePayload - Set the userId and password in the Authentication payload 
2024-11-30 16:23:03 [main] INFO  AuthenticateEndPointImpl - Received response with status code: 200
2024-11-30 16:23:03 [main] INFO  ApplySeverityLevel - severity lavel for succesfuly post method: normal 
2024-11-30 16:23:03 [main] INFO  AuthenticateMapper - Start the authenticate API Respons validation...
2024-11-30 16:23:03 [main] INFO  AuthenticateMapper - The student Program Status is: Y
2024-11-30 16:23:03 [main] WARN  AuthenticateMapper - Field 'announcements' in JSON object is null or empty.
2024-11-30 16:23:03 [main] WARN  AuthenticateMapper - Field 'isStudent' in JSON object is null or empty.
2024-11-30 16:23:03 [main] WARN  AuthenticateMapper - Field 'personDetails' in JSON object is null or empty.
2024-11-30 16:23:03 [main] WARN  AuthenticateMapper - Field 'userBean' in JSON object is null or empty.
2024-11-30 16:23:03 [main] WARN  AuthenticateMapper - Field 'applicableSubjects' in JSON object is null or empty.
2024-11-30 16:23:03 [main] WARN  AuthenticateMapper - Field 'stukent' in JSON object is null or empty.
2024-11-30 16:23:03 [main] WARN  AuthenticateMapper - Field 'harvard' in JSON object is null or empty.
2024-11-30 16:23:03 [main] WARN  AuthenticateMapper - Field 'isLoginAsLead' in JSON object is null or empty.
2024-11-30 16:23:03 [main] WARN  AuthenticateMapper - Field 'csAdmin' in JSON object is null or empty.
2024-11-30 16:23:03 [main] WARN  AuthenticateMapper - Field 'errorMessage' in JSON object is null or empty.
2024-11-30 16:23:03 [main] WARN  AuthenticateMapper - Field 'subjectCodeId' in JSON object is null or empty.
2024-11-30 16:23:03 [main] WARN  AuthenticateMapper - Field 'currentSubjectCodeIds' in JSON object is null or empty.
2024-11-30 16:23:03 [main] WARN  AuthenticateMapper - Field 'backlogSubjectCodeIds' in JSON object is null or empty.
2024-11-30 16:23:03 [main] INFO  AuthenticateMapper - validityEndDate successfully set: 2025/6/30
2024-11-30 16:23:03 [main] INFO  AuthenticateMapper - Validation completed successfully for POJO: AuthenticationModel
2024-11-30 16:23:03 [main] INFO  AuthenticateEndPointImpl - Sending Get request for authentication 
2024-11-30 16:23:03 [main] INFO  AuthenticatePayload - Set the userId and password in the Authentication payload 
2024-11-30 16:23:04 [main] INFO  AuthenticateEndPointImpl - Received response with status code: 405
2024-11-30 16:23:04 [main] INFO  ApplySeverityLevel - severity lavel: normal 
2024-11-30 16:23:04 [main] INFO  AuthenticateEndPointImpl - Sending DELETE request for authentication 
2024-11-30 16:23:04 [main] INFO  AuthenticatePayload - Set the userId and password in the Authentication payload 
2024-11-30 16:23:04 [main] INFO  AuthenticateEndPointImpl - Actual status code: 500
2024-11-30 16:23:04 [main] INFO  ApplySeverityLevel - severity lavel: critical 
2024-11-30 16:23:04 [main] INFO  AuthenticateEndPointImpl - Sending empty payload request for authentication 
2024-11-30 16:23:04 [main] INFO  AuthenticateEndPointImpl - Actual status code :405
2024-11-30 16:23:04 [main] INFO  AuthenticateEndPointImpl - Sending Invalid Payload request for authentication 
2024-11-30 16:23:04 [main] INFO  AuthenticateEndPointImpl - Actual status code :405
2024-11-30 16:23:04 [main] INFO  AuthenticateEndPointImpl - Sending Missing payload body request for authentication 
2024-11-30 16:23:04 [main] INFO  AuthenticatePayload - Set the userId and password in the Authentication payload 
2024-11-30 16:23:04 [main] INFO  AuthenticateEndPointImpl - Actual status code :401
2024-11-30 16:23:04 [main] INFO  GetVideosForHomeEndPointsImpl - Sending POST request to get videos for home header
2024-11-30 16:23:04 [main] INFO  GetVideosForHomeEndPointsImpl - Received response with status code: 200
2024-11-30 16:23:04 [main] INFO  ResponseContainerComman - isProgramCleared: Y
2024-11-30 16:23:04 [main] ERROR DateValidations - Unexpected error while validating program end date: null
java.lang.NullPointerException: null
	at com.nmims.api.comman.ResponseContainerComman.programValidityEndDate(ResponseContainerComman.java:26) ~[classes/:?]
	at com.nmims.api.utilities.DateValidations.programEndDateValidation(DateValidations.java:23) ~[classes/:?]
	at com.nmims.api.Listener.SkipTestListener.skipTestForValidityEndAndProgramCleared(SkipTestListener.java:21) ~[classes/:?]
	at com.nmims.api.test.GetVideosForHomeTest.getVideosForHomePostHeaderTest(GetVideosForHomeTest.java:51) ~[classes/:?]
	at jdk.internal.reflect.NativeMethodAccessorImpl.invoke0(Native Method) ~[?:?]
	at jdk.internal.reflect.NativeMethodAccessorImpl.invoke(NativeMethodAccessorImpl.java:62) ~[?:?]
	at jdk.internal.reflect.DelegatingMethodAccessorImpl.invoke(DelegatingMethodAccessorImpl.java:43) ~[?:?]
	at java.lang.reflect.Method.invoke(Method.java:566) ~[?:?]
	at org.testng.internal.MethodInvocationHelper.invokeMethod(MethodInvocationHelper.java:133) ~[org.testng_7.4.0.r202105021533.jar:7.4.0]
	at org.testng.internal.TestInvoker.invokeMethod(TestInvoker.java:598) ~[org.testng_7.4.0.r202105021533.jar:7.4.0]
	at org.testng.internal.TestInvoker.invokeTestMethod(TestInvoker.java:173) ~[org.testng_7.4.0.r202105021533.jar:7.4.0]
	at org.testng.internal.MethodRunner.runInSequence(MethodRunner.java:46) ~[org.testng_7.4.0.r202105021533.jar:7.4.0]
	at org.testng.internal.TestInvoker$MethodInvocationAgent.invoke(TestInvoker.java:824) ~[org.testng_7.4.0.r202105021533.jar:7.4.0]
	at org.testng.internal.TestInvoker.invokeTestMethods(TestInvoker.java:146) ~[org.testng_7.4.0.r202105021533.jar:7.4.0]
	at org.testng.internal.TestMethodWorker.invokeTestMethods(TestMethodWorker.java:146) ~[org.testng_7.4.0.r202105021533.jar:7.4.0]
	at org.testng.internal.TestMethodWorker.run(TestMethodWorker.java:128) ~[org.testng_7.4.0.r202105021533.jar:7.4.0]
	at java.util.ArrayList.forEach(ArrayList.java:1541) ~[?:?]
	at org.testng.TestRunner.privateRun(TestRunner.java:794) ~[org.testng_7.4.0.r202105021533.jar:7.4.0]
	at org.testng.TestRunner.run(TestRunner.java:596) ~[org.testng_7.4.0.r202105021533.jar:7.4.0]
	at org.testng.SuiteRunner.runTest(SuiteRunner.java:377) ~[org.testng_7.4.0.r202105021533.jar:7.4.0]
	at org.testng.SuiteRunner.runSequentially(SuiteRunner.java:371) ~[org.testng_7.4.0.r202105021533.jar:7.4.0]
	at org.testng.SuiteRunner.privateRun(SuiteRunner.java:332) ~[org.testng_7.4.0.r202105021533.jar:7.4.0]
	at org.testng.SuiteRunner.run(SuiteRunner.java:276) ~[org.testng_7.4.0.r202105021533.jar:7.4.0]
	at org.testng.SuiteRunnerWorker.runSuite(SuiteRunnerWorker.java:53) ~[org.testng_7.4.0.r202105021533.jar:7.4.0]
	at org.testng.SuiteRunnerWorker.run(SuiteRunnerWorker.java:96) ~[org.testng_7.4.0.r202105021533.jar:7.4.0]
	at org.testng.TestNG.runSuitesSequentially(TestNG.java:1212) ~[org.testng_7.4.0.r202105021533.jar:7.4.0]
	at org.testng.TestNG.runSuitesLocally(TestNG.java:1134) ~[org.testng_7.4.0.r202105021533.jar:7.4.0]
	at org.testng.TestNG.runSuites(TestNG.java:1063) ~[org.testng_7.4.0.r202105021533.jar:7.4.0]
	at org.testng.TestNG.run(TestNG.java:1031) ~[org.testng_7.4.0.r202105021533.jar:7.4.0]
	at org.testng.remote.AbstractRemoteTestNG.run(AbstractRemoteTestNG.java:115) ~[testng-remote.jar:?]
	at org.testng.remote.RemoteTestNG.initAndRun(RemoteTestNG.java:293) ~[testng-remote.jar:?]
	at org.testng.remote.RemoteTestNG.main(RemoteTestNG.java:91) ~[testng-remote.jar:?]
2024-11-30 16:23:04 [main] INFO  ViewAssignmentsFormEndPointsImpl - Initiating POST request to view assignments form endpoint.
2024-11-30 16:23:04 [main] INFO  ViewAssignmentsFormEndPointsImpl - POST request completed with status code: 200
2024-11-30 16:23:04 [main] INFO  ResponseContainerComman - isProgramCleared: Y
2024-11-30 16:23:04 [main] ERROR DateValidations - Unexpected error while validating program end date: null
java.lang.NullPointerException: null
	at com.nmims.api.comman.ResponseContainerComman.programValidityEndDate(ResponseContainerComman.java:26) ~[classes/:?]
	at com.nmims.api.utilities.DateValidations.programEndDateValidation(DateValidations.java:23) ~[classes/:?]
	at com.nmims.api.Listener.SkipTestListener.skipTestForValidityEndAndProgramCleared(SkipTestListener.java:21) ~[classes/:?]
	at com.nmims.api.test.ViewAssignmentsFormTest.viewAssignmentsFormPOSTHeaderTest(ViewAssignmentsFormTest.java:47) ~[classes/:?]
	at jdk.internal.reflect.NativeMethodAccessorImpl.invoke0(Native Method) ~[?:?]
	at jdk.internal.reflect.NativeMethodAccessorImpl.invoke(NativeMethodAccessorImpl.java:62) ~[?:?]
	at jdk.internal.reflect.DelegatingMethodAccessorImpl.invoke(DelegatingMethodAccessorImpl.java:43) ~[?:?]
	at java.lang.reflect.Method.invoke(Method.java:566) ~[?:?]
	at org.testng.internal.MethodInvocationHelper.invokeMethod(MethodInvocationHelper.java:133) ~[org.testng_7.4.0.r202105021533.jar:7.4.0]
	at org.testng.internal.TestInvoker.invokeMethod(TestInvoker.java:598) ~[org.testng_7.4.0.r202105021533.jar:7.4.0]
	at org.testng.internal.TestInvoker.invokeTestMethod(TestInvoker.java:173) ~[org.testng_7.4.0.r202105021533.jar:7.4.0]
	at org.testng.internal.MethodRunner.runInSequence(MethodRunner.java:46) ~[org.testng_7.4.0.r202105021533.jar:7.4.0]
	at org.testng.internal.TestInvoker$MethodInvocationAgent.invoke(TestInvoker.java:824) ~[org.testng_7.4.0.r202105021533.jar:7.4.0]
	at org.testng.internal.TestInvoker.invokeTestMethods(TestInvoker.java:146) ~[org.testng_7.4.0.r202105021533.jar:7.4.0]
	at org.testng.internal.TestMethodWorker.invokeTestMethods(TestMethodWorker.java:146) ~[org.testng_7.4.0.r202105021533.jar:7.4.0]
	at org.testng.internal.TestMethodWorker.run(TestMethodWorker.java:128) ~[org.testng_7.4.0.r202105021533.jar:7.4.0]
	at java.util.ArrayList.forEach(ArrayList.java:1541) ~[?:?]
	at org.testng.TestRunner.privateRun(TestRunner.java:794) ~[org.testng_7.4.0.r202105021533.jar:7.4.0]
	at org.testng.TestRunner.run(TestRunner.java:596) ~[org.testng_7.4.0.r202105021533.jar:7.4.0]
	at org.testng.SuiteRunner.runTest(SuiteRunner.java:377) ~[org.testng_7.4.0.r202105021533.jar:7.4.0]
	at org.testng.SuiteRunner.runSequentially(SuiteRunner.java:371) ~[org.testng_7.4.0.r202105021533.jar:7.4.0]
	at org.testng.SuiteRunner.privateRun(SuiteRunner.java:332) ~[org.testng_7.4.0.r202105021533.jar:7.4.0]
	at org.testng.SuiteRunner.run(SuiteRunner.java:276) ~[org.testng_7.4.0.r202105021533.jar:7.4.0]
	at org.testng.SuiteRunnerWorker.runSuite(SuiteRunnerWorker.java:53) ~[org.testng_7.4.0.r202105021533.jar:7.4.0]
	at org.testng.SuiteRunnerWorker.run(SuiteRunnerWorker.java:96) ~[org.testng_7.4.0.r202105021533.jar:7.4.0]
	at org.testng.TestNG.runSuitesSequentially(TestNG.java:1212) ~[org.testng_7.4.0.r202105021533.jar:7.4.0]
	at org.testng.TestNG.runSuitesLocally(TestNG.java:1134) ~[org.testng_7.4.0.r202105021533.jar:7.4.0]
	at org.testng.TestNG.runSuites(TestNG.java:1063) ~[org.testng_7.4.0.r202105021533.jar:7.4.0]
	at org.testng.TestNG.run(TestNG.java:1031) ~[org.testng_7.4.0.r202105021533.jar:7.4.0]
	at org.testng.remote.AbstractRemoteTestNG.run(AbstractRemoteTestNG.java:115) ~[testng-remote.jar:?]
	at org.testng.remote.RemoteTestNG.initAndRun(RemoteTestNG.java:293) ~[testng-remote.jar:?]
	at org.testng.remote.RemoteTestNG.main(RemoteTestNG.java:91) ~[testng-remote.jar:?]
2024-11-30 16:26:25 [main] INFO  AuthenticateEndPointImpl - Sending POST request for authentication .
2024-11-30 16:26:25 [main] INFO  AuthenticatePayload - Set the userId and password in the Authentication payload 
2024-11-30 16:26:26 [main] INFO  AuthenticateEndPointImpl - Received response with status code: 200
2024-11-30 16:26:26 [main] INFO  ApplySeverityLevel - severity lavel for succesfuly post method: normal 
2024-11-30 16:26:26 [main] INFO  AuthenticateMapper - Start the authenticate API Respons validation...
2024-11-30 16:26:26 [main] INFO  AuthenticateMapper - The student Program Status is: Y
2024-11-30 16:26:26 [main] WARN  AuthenticateMapper - Field 'announcements' in JSON object is null or empty.
2024-11-30 16:26:26 [main] WARN  AuthenticateMapper - Field 'isStudent' in JSON object is null or empty.
2024-11-30 16:26:26 [main] WARN  AuthenticateMapper - Field 'personDetails' in JSON object is null or empty.
2024-11-30 16:26:26 [main] WARN  AuthenticateMapper - Field 'userBean' in JSON object is null or empty.
2024-11-30 16:26:26 [main] WARN  AuthenticateMapper - Field 'applicableSubjects' in JSON object is null or empty.
2024-11-30 16:26:26 [main] WARN  AuthenticateMapper - Field 'stukent' in JSON object is null or empty.
2024-11-30 16:26:26 [main] WARN  AuthenticateMapper - Field 'harvard' in JSON object is null or empty.
2024-11-30 16:26:26 [main] WARN  AuthenticateMapper - Field 'isLoginAsLead' in JSON object is null or empty.
2024-11-30 16:26:26 [main] WARN  AuthenticateMapper - Field 'csAdmin' in JSON object is null or empty.
2024-11-30 16:26:26 [main] WARN  AuthenticateMapper - Field 'errorMessage' in JSON object is null or empty.
2024-11-30 16:26:26 [main] WARN  AuthenticateMapper - Field 'subjectCodeId' in JSON object is null or empty.
2024-11-30 16:26:26 [main] WARN  AuthenticateMapper - Field 'currentSubjectCodeIds' in JSON object is null or empty.
2024-11-30 16:26:26 [main] WARN  AuthenticateMapper - Field 'backlogSubjectCodeIds' in JSON object is null or empty.
2024-11-30 16:26:26 [main] INFO  AuthenticateMapper - validityEndDate successfully set: 2025/6/30
2024-11-30 16:26:26 [main] INFO  AuthenticateMapper - Validation completed successfully for POJO: AuthenticationModel
2024-11-30 16:26:26 [main] INFO  AuthenticateEndPointImpl - Sending Get request for authentication 
2024-11-30 16:26:26 [main] INFO  AuthenticatePayload - Set the userId and password in the Authentication payload 
2024-11-30 16:26:26 [main] INFO  AuthenticateEndPointImpl - Received response with status code: 405
2024-11-30 16:26:26 [main] INFO  ApplySeverityLevel - severity lavel: normal 
2024-11-30 16:26:26 [main] INFO  AuthenticateEndPointImpl - Sending DELETE request for authentication 
2024-11-30 16:26:26 [main] INFO  AuthenticatePayload - Set the userId and password in the Authentication payload 
2024-11-30 16:26:26 [main] INFO  AuthenticateEndPointImpl - Actual status code: 500
2024-11-30 16:26:26 [main] INFO  ApplySeverityLevel - severity lavel: critical 
2024-11-30 16:26:26 [main] INFO  AuthenticateEndPointImpl - Sending empty payload request for authentication 
2024-11-30 16:26:26 [main] INFO  AuthenticateEndPointImpl - Actual status code :405
2024-11-30 16:26:26 [main] INFO  AuthenticateEndPointImpl - Sending Invalid Payload request for authentication 
2024-11-30 16:26:27 [main] INFO  AuthenticateEndPointImpl - Actual status code :405
2024-11-30 16:26:27 [main] INFO  AuthenticateEndPointImpl - Sending Missing payload body request for authentication 
2024-11-30 16:26:27 [main] INFO  AuthenticatePayload - Set the userId and password in the Authentication payload 
2024-11-30 16:26:27 [main] INFO  AuthenticateEndPointImpl - Actual status code :401
2024-11-30 16:26:27 [main] INFO  GetVideosForHomeEndPointsImpl - Sending POST request to get videos for home header
2024-11-30 16:26:27 [main] INFO  GetVideosForHomeEndPointsImpl - Received response with status code: 200
2024-11-30 16:26:27 [main] INFO  ResponseContainerComman - isProgramCleared: Y
2024-11-30 16:26:27 [main] ERROR DateValidations - Unexpected error while validating program end date: null
java.lang.NullPointerException: null
	at com.nmims.api.comman.ResponseContainerComman.programValidityEndDate(ResponseContainerComman.java:26) ~[classes/:?]
	at com.nmims.api.utilities.DateValidations.programEndDateValidation(DateValidations.java:23) ~[classes/:?]
	at com.nmims.api.Listener.SkipTestListener.skipTestForValidityEndAndProgramCleared(SkipTestListener.java:21) ~[classes/:?]
	at com.nmims.api.test.GetVideosForHomeTest.getVideosForHomePostHeaderTest(GetVideosForHomeTest.java:51) ~[classes/:?]
	at jdk.internal.reflect.NativeMethodAccessorImpl.invoke0(Native Method) ~[?:?]
	at jdk.internal.reflect.NativeMethodAccessorImpl.invoke(NativeMethodAccessorImpl.java:62) ~[?:?]
	at jdk.internal.reflect.DelegatingMethodAccessorImpl.invoke(DelegatingMethodAccessorImpl.java:43) ~[?:?]
	at java.lang.reflect.Method.invoke(Method.java:566) ~[?:?]
	at org.testng.internal.MethodInvocationHelper.invokeMethod(MethodInvocationHelper.java:133) ~[org.testng_7.4.0.r202105021533.jar:7.4.0]
	at org.testng.internal.TestInvoker.invokeMethod(TestInvoker.java:598) ~[org.testng_7.4.0.r202105021533.jar:7.4.0]
	at org.testng.internal.TestInvoker.invokeTestMethod(TestInvoker.java:173) ~[org.testng_7.4.0.r202105021533.jar:7.4.0]
	at org.testng.internal.MethodRunner.runInSequence(MethodRunner.java:46) ~[org.testng_7.4.0.r202105021533.jar:7.4.0]
	at org.testng.internal.TestInvoker$MethodInvocationAgent.invoke(TestInvoker.java:824) ~[org.testng_7.4.0.r202105021533.jar:7.4.0]
	at org.testng.internal.TestInvoker.invokeTestMethods(TestInvoker.java:146) ~[org.testng_7.4.0.r202105021533.jar:7.4.0]
	at org.testng.internal.TestMethodWorker.invokeTestMethods(TestMethodWorker.java:146) ~[org.testng_7.4.0.r202105021533.jar:7.4.0]
	at org.testng.internal.TestMethodWorker.run(TestMethodWorker.java:128) ~[org.testng_7.4.0.r202105021533.jar:7.4.0]
	at java.util.ArrayList.forEach(ArrayList.java:1541) ~[?:?]
	at org.testng.TestRunner.privateRun(TestRunner.java:794) ~[org.testng_7.4.0.r202105021533.jar:7.4.0]
	at org.testng.TestRunner.run(TestRunner.java:596) ~[org.testng_7.4.0.r202105021533.jar:7.4.0]
	at org.testng.SuiteRunner.runTest(SuiteRunner.java:377) ~[org.testng_7.4.0.r202105021533.jar:7.4.0]
	at org.testng.SuiteRunner.runSequentially(SuiteRunner.java:371) ~[org.testng_7.4.0.r202105021533.jar:7.4.0]
	at org.testng.SuiteRunner.privateRun(SuiteRunner.java:332) ~[org.testng_7.4.0.r202105021533.jar:7.4.0]
	at org.testng.SuiteRunner.run(SuiteRunner.java:276) ~[org.testng_7.4.0.r202105021533.jar:7.4.0]
	at org.testng.SuiteRunnerWorker.runSuite(SuiteRunnerWorker.java:53) ~[org.testng_7.4.0.r202105021533.jar:7.4.0]
	at org.testng.SuiteRunnerWorker.run(SuiteRunnerWorker.java:96) ~[org.testng_7.4.0.r202105021533.jar:7.4.0]
	at org.testng.TestNG.runSuitesSequentially(TestNG.java:1212) ~[org.testng_7.4.0.r202105021533.jar:7.4.0]
	at org.testng.TestNG.runSuitesLocally(TestNG.java:1134) ~[org.testng_7.4.0.r202105021533.jar:7.4.0]
	at org.testng.TestNG.runSuites(TestNG.java:1063) ~[org.testng_7.4.0.r202105021533.jar:7.4.0]
	at org.testng.TestNG.run(TestNG.java:1031) ~[org.testng_7.4.0.r202105021533.jar:7.4.0]
	at org.testng.remote.AbstractRemoteTestNG.run(AbstractRemoteTestNG.java:115) ~[testng-remote.jar:?]
	at org.testng.remote.RemoteTestNG.initAndRun(RemoteTestNG.java:293) ~[testng-remote.jar:?]
	at org.testng.remote.RemoteTestNG.main(RemoteTestNG.java:91) ~[testng-remote.jar:?]
2024-11-30 16:26:27 [main] INFO  ViewAssignmentsFormEndPointsImpl - Initiating POST request to view assignments form endpoint.
2024-11-30 16:26:27 [main] INFO  ViewAssignmentsFormEndPointsImpl - POST request completed with status code: 200
2024-11-30 16:26:27 [main] INFO  ResponseContainerComman - isProgramCleared: Y
2024-11-30 16:26:27 [main] ERROR DateValidations - Unexpected error while validating program end date: null
java.lang.NullPointerException: null
	at com.nmims.api.comman.ResponseContainerComman.programValidityEndDate(ResponseContainerComman.java:26) ~[classes/:?]
	at com.nmims.api.utilities.DateValidations.programEndDateValidation(DateValidations.java:23) ~[classes/:?]
	at com.nmims.api.Listener.SkipTestListener.skipTestForValidityEndAndProgramCleared(SkipTestListener.java:21) ~[classes/:?]
	at com.nmims.api.test.ViewAssignmentsFormTest.viewAssignmentsFormPOSTHeaderTest(ViewAssignmentsFormTest.java:47) ~[classes/:?]
	at jdk.internal.reflect.NativeMethodAccessorImpl.invoke0(Native Method) ~[?:?]
	at jdk.internal.reflect.NativeMethodAccessorImpl.invoke(NativeMethodAccessorImpl.java:62) ~[?:?]
	at jdk.internal.reflect.DelegatingMethodAccessorImpl.invoke(DelegatingMethodAccessorImpl.java:43) ~[?:?]
	at java.lang.reflect.Method.invoke(Method.java:566) ~[?:?]
	at org.testng.internal.MethodInvocationHelper.invokeMethod(MethodInvocationHelper.java:133) ~[org.testng_7.4.0.r202105021533.jar:7.4.0]
	at org.testng.internal.TestInvoker.invokeMethod(TestInvoker.java:598) ~[org.testng_7.4.0.r202105021533.jar:7.4.0]
	at org.testng.internal.TestInvoker.invokeTestMethod(TestInvoker.java:173) ~[org.testng_7.4.0.r202105021533.jar:7.4.0]
	at org.testng.internal.MethodRunner.runInSequence(MethodRunner.java:46) ~[org.testng_7.4.0.r202105021533.jar:7.4.0]
	at org.testng.internal.TestInvoker$MethodInvocationAgent.invoke(TestInvoker.java:824) ~[org.testng_7.4.0.r202105021533.jar:7.4.0]
	at org.testng.internal.TestInvoker.invokeTestMethods(TestInvoker.java:146) ~[org.testng_7.4.0.r202105021533.jar:7.4.0]
	at org.testng.internal.TestMethodWorker.invokeTestMethods(TestMethodWorker.java:146) ~[org.testng_7.4.0.r202105021533.jar:7.4.0]
	at org.testng.internal.TestMethodWorker.run(TestMethodWorker.java:128) ~[org.testng_7.4.0.r202105021533.jar:7.4.0]
	at java.util.ArrayList.forEach(ArrayList.java:1541) ~[?:?]
	at org.testng.TestRunner.privateRun(TestRunner.java:794) ~[org.testng_7.4.0.r202105021533.jar:7.4.0]
	at org.testng.TestRunner.run(TestRunner.java:596) ~[org.testng_7.4.0.r202105021533.jar:7.4.0]
	at org.testng.SuiteRunner.runTest(SuiteRunner.java:377) ~[org.testng_7.4.0.r202105021533.jar:7.4.0]
	at org.testng.SuiteRunner.runSequentially(SuiteRunner.java:371) ~[org.testng_7.4.0.r202105021533.jar:7.4.0]
	at org.testng.SuiteRunner.privateRun(SuiteRunner.java:332) ~[org.testng_7.4.0.r202105021533.jar:7.4.0]
	at org.testng.SuiteRunner.run(SuiteRunner.java:276) ~[org.testng_7.4.0.r202105021533.jar:7.4.0]
	at org.testng.SuiteRunnerWorker.runSuite(SuiteRunnerWorker.java:53) ~[org.testng_7.4.0.r202105021533.jar:7.4.0]
	at org.testng.SuiteRunnerWorker.run(SuiteRunnerWorker.java:96) ~[org.testng_7.4.0.r202105021533.jar:7.4.0]
	at org.testng.TestNG.runSuitesSequentially(TestNG.java:1212) ~[org.testng_7.4.0.r202105021533.jar:7.4.0]
	at org.testng.TestNG.runSuitesLocally(TestNG.java:1134) ~[org.testng_7.4.0.r202105021533.jar:7.4.0]
	at org.testng.TestNG.runSuites(TestNG.java:1063) ~[org.testng_7.4.0.r202105021533.jar:7.4.0]
	at org.testng.TestNG.run(TestNG.java:1031) ~[org.testng_7.4.0.r202105021533.jar:7.4.0]
	at org.testng.remote.AbstractRemoteTestNG.run(AbstractRemoteTestNG.java:115) ~[testng-remote.jar:?]
	at org.testng.remote.RemoteTestNG.initAndRun(RemoteTestNG.java:293) ~[testng-remote.jar:?]
	at org.testng.remote.RemoteTestNG.main(RemoteTestNG.java:91) ~[testng-remote.jar:?]
2024-11-30 16:44:00 [main] INFO  AuthenticateEndPointImpl - Sending POST request for authentication .
2024-11-30 16:44:00 [main] INFO  AuthenticatePayload - Set the userId and password in the Authentication payload 
2024-11-30 16:44:01 [main] INFO  AuthenticateEndPointImpl - Received response with status code: 200
2024-11-30 16:44:01 [main] INFO  ApplySeverityLevel - severity lavel for succesfuly post method: normal 
2024-11-30 16:44:01 [main] INFO  AuthenticateMapper - Start the authenticate API Respons validation...
2024-11-30 16:44:01 [main] INFO  AuthenticateMapper - The student Program Status is: Y
2024-11-30 16:44:01 [main] WARN  AuthenticateMapper - Field 'announcements' in JSON object is null or empty.
2024-11-30 16:44:01 [main] WARN  AuthenticateMapper - Field 'isStudent' in JSON object is null or empty.
2024-11-30 16:44:01 [main] WARN  AuthenticateMapper - Field 'personDetails' in JSON object is null or empty.
2024-11-30 16:44:01 [main] WARN  AuthenticateMapper - Field 'userBean' in JSON object is null or empty.
2024-11-30 16:44:01 [main] WARN  AuthenticateMapper - Field 'applicableSubjects' in JSON object is null or empty.
2024-11-30 16:44:01 [main] WARN  AuthenticateMapper - Field 'stukent' in JSON object is null or empty.
2024-11-30 16:44:01 [main] WARN  AuthenticateMapper - Field 'harvard' in JSON object is null or empty.
2024-11-30 16:44:01 [main] WARN  AuthenticateMapper - Field 'isLoginAsLead' in JSON object is null or empty.
2024-11-30 16:44:01 [main] WARN  AuthenticateMapper - Field 'csAdmin' in JSON object is null or empty.
2024-11-30 16:44:01 [main] WARN  AuthenticateMapper - Field 'errorMessage' in JSON object is null or empty.
2024-11-30 16:44:01 [main] WARN  AuthenticateMapper - Field 'subjectCodeId' in JSON object is null or empty.
2024-11-30 16:44:01 [main] WARN  AuthenticateMapper - Field 'currentSubjectCodeIds' in JSON object is null or empty.
2024-11-30 16:44:01 [main] WARN  AuthenticateMapper - Field 'backlogSubjectCodeIds' in JSON object is null or empty.
2024-11-30 16:44:01 [main] INFO  AuthenticateMapper - validityEndDate successfully set: 2025/6/30
2024-11-30 16:44:01 [main] INFO  AuthenticateMapper - Validation completed successfully for POJO: AuthenticationModel
2024-11-30 16:44:01 [main] INFO  AuthenticateEndPointImpl - Sending Get request for authentication 
2024-11-30 16:44:01 [main] INFO  AuthenticatePayload - Set the userId and password in the Authentication payload 
2024-11-30 16:44:01 [main] INFO  AuthenticateEndPointImpl - Received response with status code: 405
2024-11-30 16:44:01 [main] INFO  ApplySeverityLevel - severity lavel: normal 
2024-11-30 16:44:01 [main] INFO  AuthenticateEndPointImpl - Sending DELETE request for authentication 
2024-11-30 16:44:01 [main] INFO  AuthenticatePayload - Set the userId and password in the Authentication payload 
2024-11-30 16:44:01 [main] INFO  AuthenticateEndPointImpl - Actual status code: 500
2024-11-30 16:44:01 [main] INFO  ApplySeverityLevel - severity lavel: critical 
2024-11-30 16:44:01 [main] INFO  AuthenticateEndPointImpl - Sending empty payload request for authentication 
2024-11-30 16:44:02 [main] INFO  AuthenticateEndPointImpl - Actual status code :405
2024-11-30 16:44:02 [main] INFO  AuthenticateEndPointImpl - Sending Invalid Payload request for authentication 
2024-11-30 16:44:02 [main] INFO  AuthenticateEndPointImpl - Actual status code :405
2024-11-30 16:44:02 [main] INFO  AuthenticateEndPointImpl - Sending Missing payload body request for authentication 
2024-11-30 16:44:02 [main] INFO  AuthenticatePayload - Set the userId and password in the Authentication payload 
2024-11-30 16:44:02 [main] INFO  AuthenticateEndPointImpl - Actual status code :401
2024-11-30 16:44:02 [main] INFO  GetVideosForHomeEndPointsImpl - Sending POST request to get videos for home header
2024-11-30 16:44:02 [main] INFO  GetVideosForHomeEndPointsImpl - Received response with status code: 200
2024-11-30 16:44:02 [main] INFO  ResponseContainerComman - isProgramCleared: Y
2024-11-30 16:44:02 [main] ERROR DateValidations - Unexpected error while validating program end date: null
java.lang.NullPointerException: null
	at com.nmims.api.comman.ResponseContainerComman.programValidityEndDate(ResponseContainerComman.java:26) ~[classes/:?]
	at com.nmims.api.utilities.DateValidations.programEndDateValidation(DateValidations.java:28) ~[classes/:?]
	at com.nmims.api.Listener.SkipTestListener.skipTestForValidityEndAndProgramCleared(SkipTestListener.java:24) ~[classes/:?]
	at com.nmims.api.test.GetVideosForHomeTest.getVideosForHomePostHeaderTest(GetVideosForHomeTest.java:51) ~[classes/:?]
	at jdk.internal.reflect.NativeMethodAccessorImpl.invoke0(Native Method) ~[?:?]
	at jdk.internal.reflect.NativeMethodAccessorImpl.invoke(NativeMethodAccessorImpl.java:62) ~[?:?]
	at jdk.internal.reflect.DelegatingMethodAccessorImpl.invoke(DelegatingMethodAccessorImpl.java:43) ~[?:?]
	at java.lang.reflect.Method.invoke(Method.java:566) ~[?:?]
	at org.testng.internal.MethodInvocationHelper.invokeMethod(MethodInvocationHelper.java:133) ~[org.testng_7.4.0.r202105021533.jar:7.4.0]
	at org.testng.internal.TestInvoker.invokeMethod(TestInvoker.java:598) ~[org.testng_7.4.0.r202105021533.jar:7.4.0]
	at org.testng.internal.TestInvoker.invokeTestMethod(TestInvoker.java:173) ~[org.testng_7.4.0.r202105021533.jar:7.4.0]
	at org.testng.internal.MethodRunner.runInSequence(MethodRunner.java:46) ~[org.testng_7.4.0.r202105021533.jar:7.4.0]
	at org.testng.internal.TestInvoker$MethodInvocationAgent.invoke(TestInvoker.java:824) ~[org.testng_7.4.0.r202105021533.jar:7.4.0]
	at org.testng.internal.TestInvoker.invokeTestMethods(TestInvoker.java:146) ~[org.testng_7.4.0.r202105021533.jar:7.4.0]
	at org.testng.internal.TestMethodWorker.invokeTestMethods(TestMethodWorker.java:146) ~[org.testng_7.4.0.r202105021533.jar:7.4.0]
	at org.testng.internal.TestMethodWorker.run(TestMethodWorker.java:128) ~[org.testng_7.4.0.r202105021533.jar:7.4.0]
	at java.util.ArrayList.forEach(ArrayList.java:1541) ~[?:?]
	at org.testng.TestRunner.privateRun(TestRunner.java:794) ~[org.testng_7.4.0.r202105021533.jar:7.4.0]
	at org.testng.TestRunner.run(TestRunner.java:596) ~[org.testng_7.4.0.r202105021533.jar:7.4.0]
	at org.testng.SuiteRunner.runTest(SuiteRunner.java:377) ~[org.testng_7.4.0.r202105021533.jar:7.4.0]
	at org.testng.SuiteRunner.runSequentially(SuiteRunner.java:371) ~[org.testng_7.4.0.r202105021533.jar:7.4.0]
	at org.testng.SuiteRunner.privateRun(SuiteRunner.java:332) ~[org.testng_7.4.0.r202105021533.jar:7.4.0]
	at org.testng.SuiteRunner.run(SuiteRunner.java:276) ~[org.testng_7.4.0.r202105021533.jar:7.4.0]
	at org.testng.SuiteRunnerWorker.runSuite(SuiteRunnerWorker.java:53) ~[org.testng_7.4.0.r202105021533.jar:7.4.0]
	at org.testng.SuiteRunnerWorker.run(SuiteRunnerWorker.java:96) ~[org.testng_7.4.0.r202105021533.jar:7.4.0]
	at org.testng.TestNG.runSuitesSequentially(TestNG.java:1212) ~[org.testng_7.4.0.r202105021533.jar:7.4.0]
	at org.testng.TestNG.runSuitesLocally(TestNG.java:1134) ~[org.testng_7.4.0.r202105021533.jar:7.4.0]
	at org.testng.TestNG.runSuites(TestNG.java:1063) ~[org.testng_7.4.0.r202105021533.jar:7.4.0]
	at org.testng.TestNG.run(TestNG.java:1031) ~[org.testng_7.4.0.r202105021533.jar:7.4.0]
	at org.testng.remote.AbstractRemoteTestNG.run(AbstractRemoteTestNG.java:115) ~[testng-remote.jar:?]
	at org.testng.remote.RemoteTestNG.initAndRun(RemoteTestNG.java:293) ~[testng-remote.jar:?]
	at org.testng.remote.RemoteTestNG.main(RemoteTestNG.java:91) ~[testng-remote.jar:?]
2024-11-30 16:44:02 [main] INFO  ViewAssignmentsFormEndPointsImpl - Initiating POST request to view assignments form endpoint.
2024-11-30 16:44:02 [main] INFO  ViewAssignmentsFormEndPointsImpl - POST request completed with status code: 200
2024-11-30 16:44:02 [main] INFO  ResponseContainerComman - isProgramCleared: Y
2024-11-30 16:44:02 [main] ERROR DateValidations - Unexpected error while validating program end date: null
java.lang.NullPointerException: null
	at com.nmims.api.comman.ResponseContainerComman.programValidityEndDate(ResponseContainerComman.java:26) ~[classes/:?]
	at com.nmims.api.utilities.DateValidations.programEndDateValidation(DateValidations.java:28) ~[classes/:?]
	at com.nmims.api.Listener.SkipTestListener.skipTestForValidityEndAndProgramCleared(SkipTestListener.java:24) ~[classes/:?]
	at com.nmims.api.test.ViewAssignmentsFormTest.viewAssignmentsFormPOSTHeaderTest(ViewAssignmentsFormTest.java:47) ~[classes/:?]
	at jdk.internal.reflect.NativeMethodAccessorImpl.invoke0(Native Method) ~[?:?]
	at jdk.internal.reflect.NativeMethodAccessorImpl.invoke(NativeMethodAccessorImpl.java:62) ~[?:?]
	at jdk.internal.reflect.DelegatingMethodAccessorImpl.invoke(DelegatingMethodAccessorImpl.java:43) ~[?:?]
	at java.lang.reflect.Method.invoke(Method.java:566) ~[?:?]
	at org.testng.internal.MethodInvocationHelper.invokeMethod(MethodInvocationHelper.java:133) ~[org.testng_7.4.0.r202105021533.jar:7.4.0]
	at org.testng.internal.TestInvoker.invokeMethod(TestInvoker.java:598) ~[org.testng_7.4.0.r202105021533.jar:7.4.0]
	at org.testng.internal.TestInvoker.invokeTestMethod(TestInvoker.java:173) ~[org.testng_7.4.0.r202105021533.jar:7.4.0]
	at org.testng.internal.MethodRunner.runInSequence(MethodRunner.java:46) ~[org.testng_7.4.0.r202105021533.jar:7.4.0]
	at org.testng.internal.TestInvoker$MethodInvocationAgent.invoke(TestInvoker.java:824) ~[org.testng_7.4.0.r202105021533.jar:7.4.0]
	at org.testng.internal.TestInvoker.invokeTestMethods(TestInvoker.java:146) ~[org.testng_7.4.0.r202105021533.jar:7.4.0]
	at org.testng.internal.TestMethodWorker.invokeTestMethods(TestMethodWorker.java:146) ~[org.testng_7.4.0.r202105021533.jar:7.4.0]
	at org.testng.internal.TestMethodWorker.run(TestMethodWorker.java:128) ~[org.testng_7.4.0.r202105021533.jar:7.4.0]
	at java.util.ArrayList.forEach(ArrayList.java:1541) ~[?:?]
	at org.testng.TestRunner.privateRun(TestRunner.java:794) ~[org.testng_7.4.0.r202105021533.jar:7.4.0]
	at org.testng.TestRunner.run(TestRunner.java:596) ~[org.testng_7.4.0.r202105021533.jar:7.4.0]
	at org.testng.SuiteRunner.runTest(SuiteRunner.java:377) ~[org.testng_7.4.0.r202105021533.jar:7.4.0]
	at org.testng.SuiteRunner.runSequentially(SuiteRunner.java:371) ~[org.testng_7.4.0.r202105021533.jar:7.4.0]
	at org.testng.SuiteRunner.privateRun(SuiteRunner.java:332) ~[org.testng_7.4.0.r202105021533.jar:7.4.0]
	at org.testng.SuiteRunner.run(SuiteRunner.java:276) ~[org.testng_7.4.0.r202105021533.jar:7.4.0]
	at org.testng.SuiteRunnerWorker.runSuite(SuiteRunnerWorker.java:53) ~[org.testng_7.4.0.r202105021533.jar:7.4.0]
	at org.testng.SuiteRunnerWorker.run(SuiteRunnerWorker.java:96) ~[org.testng_7.4.0.r202105021533.jar:7.4.0]
	at org.testng.TestNG.runSuitesSequentially(TestNG.java:1212) ~[org.testng_7.4.0.r202105021533.jar:7.4.0]
	at org.testng.TestNG.runSuitesLocally(TestNG.java:1134) ~[org.testng_7.4.0.r202105021533.jar:7.4.0]
	at org.testng.TestNG.runSuites(TestNG.java:1063) ~[org.testng_7.4.0.r202105021533.jar:7.4.0]
	at org.testng.TestNG.run(TestNG.java:1031) ~[org.testng_7.4.0.r202105021533.jar:7.4.0]
	at org.testng.remote.AbstractRemoteTestNG.run(AbstractRemoteTestNG.java:115) ~[testng-remote.jar:?]
	at org.testng.remote.RemoteTestNG.initAndRun(RemoteTestNG.java:293) ~[testng-remote.jar:?]
	at org.testng.remote.RemoteTestNG.main(RemoteTestNG.java:91) ~[testng-remote.jar:?]
2024-11-30 17:03:28 [main] INFO  AuthenticateEndPointImpl - Sending POST request for authentication .
2024-11-30 17:03:28 [main] INFO  AuthenticatePayload - Set the userId and password in the Authentication payload 
2024-11-30 17:03:29 [main] INFO  AuthenticateEndPointImpl - Received response with status code: 200
2024-11-30 17:03:29 [main] INFO  ApplySeverityLevel - severity lavel for succesfuly post method: normal 
2024-11-30 17:03:29 [main] INFO  AuthenticateMapper - Start the authenticate API Respons validation...
2024-11-30 17:03:29 [main] INFO  AuthenticateMapper - The student Program Status is: Y
2024-11-30 17:03:29 [main] WARN  AuthenticateMapper - Field 'announcements' in JSON object is null or empty.
2024-11-30 17:03:29 [main] WARN  AuthenticateMapper - Field 'isStudent' in JSON object is null or empty.
2024-11-30 17:03:29 [main] WARN  AuthenticateMapper - Field 'personDetails' in JSON object is null or empty.
2024-11-30 17:03:29 [main] WARN  AuthenticateMapper - Field 'userBean' in JSON object is null or empty.
2024-11-30 17:03:29 [main] WARN  AuthenticateMapper - Field 'applicableSubjects' in JSON object is null or empty.
2024-11-30 17:03:29 [main] WARN  AuthenticateMapper - Field 'stukent' in JSON object is null or empty.
2024-11-30 17:03:29 [main] WARN  AuthenticateMapper - Field 'harvard' in JSON object is null or empty.
2024-11-30 17:03:29 [main] WARN  AuthenticateMapper - Field 'isLoginAsLead' in JSON object is null or empty.
2024-11-30 17:03:29 [main] WARN  AuthenticateMapper - Field 'csAdmin' in JSON object is null or empty.
2024-11-30 17:03:29 [main] WARN  AuthenticateMapper - Field 'errorMessage' in JSON object is null or empty.
2024-11-30 17:03:29 [main] WARN  AuthenticateMapper - Field 'subjectCodeId' in JSON object is null or empty.
2024-11-30 17:03:29 [main] WARN  AuthenticateMapper - Field 'currentSubjectCodeIds' in JSON object is null or empty.
2024-11-30 17:03:29 [main] WARN  AuthenticateMapper - Field 'backlogSubjectCodeIds' in JSON object is null or empty.
2024-11-30 17:03:29 [main] INFO  AuthenticateMapper - validityEndDate successfully set: 2025/6/30
2024-11-30 17:03:29 [main] INFO  AuthenticateMapper - Validation completed successfully for POJO: AuthenticationModel
2024-11-30 17:03:29 [main] INFO  AuthenticateEndPointImpl - Sending Get request for authentication 
2024-11-30 17:03:29 [main] INFO  AuthenticatePayload - Set the userId and password in the Authentication payload 
2024-11-30 17:03:29 [main] INFO  AuthenticateEndPointImpl - Received response with status code: 405
2024-11-30 17:03:29 [main] INFO  ApplySeverityLevel - severity lavel: normal 
2024-11-30 17:03:29 [main] INFO  AuthenticateEndPointImpl - Sending DELETE request for authentication 
2024-11-30 17:03:29 [main] INFO  AuthenticatePayload - Set the userId and password in the Authentication payload 
2024-11-30 17:03:29 [main] INFO  AuthenticateEndPointImpl - Actual status code: 500
2024-11-30 17:03:29 [main] INFO  ApplySeverityLevel - severity lavel: critical 
2024-11-30 17:03:29 [main] INFO  AuthenticateEndPointImpl - Sending empty payload request for authentication 
2024-11-30 17:03:30 [main] INFO  AuthenticateEndPointImpl - Actual status code :405
2024-11-30 17:03:30 [main] INFO  AuthenticateEndPointImpl - Sending Invalid Payload request for authentication 
2024-11-30 17:03:30 [main] INFO  AuthenticateEndPointImpl - Actual status code :405
2024-11-30 17:03:30 [main] INFO  AuthenticateEndPointImpl - Sending Missing payload body request for authentication 
2024-11-30 17:03:30 [main] INFO  AuthenticatePayload - Set the userId and password in the Authentication payload 
2024-11-30 17:03:30 [main] INFO  AuthenticateEndPointImpl - Actual status code :401
2024-11-30 17:03:30 [main] INFO  GetVideosForHomeEndPointsImpl - Sending POST request to get videos for home header
2024-11-30 17:03:30 [main] INFO  GetVideosForHomeEndPointsImpl - Received response with status code: 200
2024-11-30 17:03:30 [main] INFO  ResponseContainerComman - isProgramCleared: Y
2024-11-30 17:03:30 [main] ERROR DateValidations - Unexpected error while validating program end date: null
java.lang.NullPointerException: null
	at com.nmims.api.comman.ResponseContainerComman.programValidityEndDate(ResponseContainerComman.java:26) ~[classes/:?]
	at com.nmims.api.utilities.DateValidations.programEndDateValidation(DateValidations.java:28) ~[classes/:?]
	at com.nmims.api.Listener.SkipTestListener.skipTestForValidityEndAndProgramCleared(SkipTestListener.java:24) ~[classes/:?]
	at com.nmims.api.test.GetVideosForHomeTest.getVideosForHomePostHeaderTest(GetVideosForHomeTest.java:51) ~[classes/:?]
	at jdk.internal.reflect.NativeMethodAccessorImpl.invoke0(Native Method) ~[?:?]
	at jdk.internal.reflect.NativeMethodAccessorImpl.invoke(NativeMethodAccessorImpl.java:62) ~[?:?]
	at jdk.internal.reflect.DelegatingMethodAccessorImpl.invoke(DelegatingMethodAccessorImpl.java:43) ~[?:?]
	at java.lang.reflect.Method.invoke(Method.java:566) ~[?:?]
	at org.testng.internal.MethodInvocationHelper.invokeMethod(MethodInvocationHelper.java:133) ~[org.testng_7.4.0.r202105021533.jar:7.4.0]
	at org.testng.internal.TestInvoker.invokeMethod(TestInvoker.java:598) ~[org.testng_7.4.0.r202105021533.jar:7.4.0]
	at org.testng.internal.TestInvoker.invokeTestMethod(TestInvoker.java:173) ~[org.testng_7.4.0.r202105021533.jar:7.4.0]
	at org.testng.internal.MethodRunner.runInSequence(MethodRunner.java:46) ~[org.testng_7.4.0.r202105021533.jar:7.4.0]
	at org.testng.internal.TestInvoker$MethodInvocationAgent.invoke(TestInvoker.java:824) ~[org.testng_7.4.0.r202105021533.jar:7.4.0]
	at org.testng.internal.TestInvoker.invokeTestMethods(TestInvoker.java:146) ~[org.testng_7.4.0.r202105021533.jar:7.4.0]
	at org.testng.internal.TestMethodWorker.invokeTestMethods(TestMethodWorker.java:146) ~[org.testng_7.4.0.r202105021533.jar:7.4.0]
	at org.testng.internal.TestMethodWorker.run(TestMethodWorker.java:128) ~[org.testng_7.4.0.r202105021533.jar:7.4.0]
	at java.util.ArrayList.forEach(ArrayList.java:1541) ~[?:?]
	at org.testng.TestRunner.privateRun(TestRunner.java:794) ~[org.testng_7.4.0.r202105021533.jar:7.4.0]
	at org.testng.TestRunner.run(TestRunner.java:596) ~[org.testng_7.4.0.r202105021533.jar:7.4.0]
	at org.testng.SuiteRunner.runTest(SuiteRunner.java:377) ~[org.testng_7.4.0.r202105021533.jar:7.4.0]
	at org.testng.SuiteRunner.runSequentially(SuiteRunner.java:371) ~[org.testng_7.4.0.r202105021533.jar:7.4.0]
	at org.testng.SuiteRunner.privateRun(SuiteRunner.java:332) ~[org.testng_7.4.0.r202105021533.jar:7.4.0]
	at org.testng.SuiteRunner.run(SuiteRunner.java:276) ~[org.testng_7.4.0.r202105021533.jar:7.4.0]
	at org.testng.SuiteRunnerWorker.runSuite(SuiteRunnerWorker.java:53) ~[org.testng_7.4.0.r202105021533.jar:7.4.0]
	at org.testng.SuiteRunnerWorker.run(SuiteRunnerWorker.java:96) ~[org.testng_7.4.0.r202105021533.jar:7.4.0]
	at org.testng.TestNG.runSuitesSequentially(TestNG.java:1212) ~[org.testng_7.4.0.r202105021533.jar:7.4.0]
	at org.testng.TestNG.runSuitesLocally(TestNG.java:1134) ~[org.testng_7.4.0.r202105021533.jar:7.4.0]
	at org.testng.TestNG.runSuites(TestNG.java:1063) ~[org.testng_7.4.0.r202105021533.jar:7.4.0]
	at org.testng.TestNG.run(TestNG.java:1031) ~[org.testng_7.4.0.r202105021533.jar:7.4.0]
	at org.testng.remote.AbstractRemoteTestNG.run(AbstractRemoteTestNG.java:115) ~[testng-remote.jar:?]
	at org.testng.remote.RemoteTestNG.initAndRun(RemoteTestNG.java:293) ~[testng-remote.jar:?]
	at org.testng.remote.RemoteTestNG.main(RemoteTestNG.java:91) ~[testng-remote.jar:?]
2024-11-30 17:03:30 [main] INFO  ViewAssignmentsFormEndPointsImpl - Initiating POST request to view assignments form endpoint.
2024-11-30 17:03:30 [main] INFO  ViewAssignmentsFormEndPointsImpl - POST request completed with status code: 200
2024-11-30 17:03:30 [main] INFO  ResponseContainerComman - isProgramCleared: Y
2024-11-30 17:03:30 [main] ERROR DateValidations - Unexpected error while validating program end date: null
java.lang.NullPointerException: null
	at com.nmims.api.comman.ResponseContainerComman.programValidityEndDate(ResponseContainerComman.java:26) ~[classes/:?]
	at com.nmims.api.utilities.DateValidations.programEndDateValidation(DateValidations.java:28) ~[classes/:?]
	at com.nmims.api.Listener.SkipTestListener.skipTestForValidityEndAndProgramCleared(SkipTestListener.java:24) ~[classes/:?]
	at com.nmims.api.test.ViewAssignmentsFormTest.viewAssignmentsFormPOSTHeaderTest(ViewAssignmentsFormTest.java:47) ~[classes/:?]
	at jdk.internal.reflect.NativeMethodAccessorImpl.invoke0(Native Method) ~[?:?]
	at jdk.internal.reflect.NativeMethodAccessorImpl.invoke(NativeMethodAccessorImpl.java:62) ~[?:?]
	at jdk.internal.reflect.DelegatingMethodAccessorImpl.invoke(DelegatingMethodAccessorImpl.java:43) ~[?:?]
	at java.lang.reflect.Method.invoke(Method.java:566) ~[?:?]
	at org.testng.internal.MethodInvocationHelper.invokeMethod(MethodInvocationHelper.java:133) ~[org.testng_7.4.0.r202105021533.jar:7.4.0]
	at org.testng.internal.TestInvoker.invokeMethod(TestInvoker.java:598) ~[org.testng_7.4.0.r202105021533.jar:7.4.0]
	at org.testng.internal.TestInvoker.invokeTestMethod(TestInvoker.java:173) ~[org.testng_7.4.0.r202105021533.jar:7.4.0]
	at org.testng.internal.MethodRunner.runInSequence(MethodRunner.java:46) ~[org.testng_7.4.0.r202105021533.jar:7.4.0]
	at org.testng.internal.TestInvoker$MethodInvocationAgent.invoke(TestInvoker.java:824) ~[org.testng_7.4.0.r202105021533.jar:7.4.0]
	at org.testng.internal.TestInvoker.invokeTestMethods(TestInvoker.java:146) ~[org.testng_7.4.0.r202105021533.jar:7.4.0]
	at org.testng.internal.TestMethodWorker.invokeTestMethods(TestMethodWorker.java:146) ~[org.testng_7.4.0.r202105021533.jar:7.4.0]
	at org.testng.internal.TestMethodWorker.run(TestMethodWorker.java:128) ~[org.testng_7.4.0.r202105021533.jar:7.4.0]
	at java.util.ArrayList.forEach(ArrayList.java:1541) ~[?:?]
	at org.testng.TestRunner.privateRun(TestRunner.java:794) ~[org.testng_7.4.0.r202105021533.jar:7.4.0]
	at org.testng.TestRunner.run(TestRunner.java:596) ~[org.testng_7.4.0.r202105021533.jar:7.4.0]
	at org.testng.SuiteRunner.runTest(SuiteRunner.java:377) ~[org.testng_7.4.0.r202105021533.jar:7.4.0]
	at org.testng.SuiteRunner.runSequentially(SuiteRunner.java:371) ~[org.testng_7.4.0.r202105021533.jar:7.4.0]
	at org.testng.SuiteRunner.privateRun(SuiteRunner.java:332) ~[org.testng_7.4.0.r202105021533.jar:7.4.0]
	at org.testng.SuiteRunner.run(SuiteRunner.java:276) ~[org.testng_7.4.0.r202105021533.jar:7.4.0]
	at org.testng.SuiteRunnerWorker.runSuite(SuiteRunnerWorker.java:53) ~[org.testng_7.4.0.r202105021533.jar:7.4.0]
	at org.testng.SuiteRunnerWorker.run(SuiteRunnerWorker.java:96) ~[org.testng_7.4.0.r202105021533.jar:7.4.0]
	at org.testng.TestNG.runSuitesSequentially(TestNG.java:1212) ~[org.testng_7.4.0.r202105021533.jar:7.4.0]
	at org.testng.TestNG.runSuitesLocally(TestNG.java:1134) ~[org.testng_7.4.0.r202105021533.jar:7.4.0]
	at org.testng.TestNG.runSuites(TestNG.java:1063) ~[org.testng_7.4.0.r202105021533.jar:7.4.0]
	at org.testng.TestNG.run(TestNG.java:1031) ~[org.testng_7.4.0.r202105021533.jar:7.4.0]
	at org.testng.remote.AbstractRemoteTestNG.run(AbstractRemoteTestNG.java:115) ~[testng-remote.jar:?]
	at org.testng.remote.RemoteTestNG.initAndRun(RemoteTestNG.java:293) ~[testng-remote.jar:?]
	at org.testng.remote.RemoteTestNG.main(RemoteTestNG.java:91) ~[testng-remote.jar:?]
2024-11-30 17:26:48 [main] INFO  AuthenticateEndPointImpl - Sending POST request for authentication .
2024-11-30 17:26:49 [main] INFO  AuthenticatePayload - Set the userId and password in the Authentication payload 
2024-11-30 17:26:50 [main] INFO  AuthenticateEndPointImpl - Received response with status code: 200
2024-11-30 17:26:50 [main] INFO  ApplySeverityLevel - severity lavel for succesfuly post method: normal 
2024-11-30 17:26:50 [main] INFO  AuthenticateMapper - Start the authenticate API Respons validation...
2024-11-30 17:26:50 [main] INFO  AuthenticateMapper - The student Program Status is: Y
2024-11-30 17:26:50 [main] WARN  AuthenticateMapper - Field 'announcements' in JSON object is null or empty.
2024-11-30 17:26:50 [main] WARN  AuthenticateMapper - Field 'isStudent' in JSON object is null or empty.
2024-11-30 17:26:50 [main] WARN  AuthenticateMapper - Field 'personDetails' in JSON object is null or empty.
2024-11-30 17:26:50 [main] WARN  AuthenticateMapper - Field 'userBean' in JSON object is null or empty.
2024-11-30 17:26:50 [main] WARN  AuthenticateMapper - Field 'applicableSubjects' in JSON object is null or empty.
2024-11-30 17:26:50 [main] WARN  AuthenticateMapper - Field 'stukent' in JSON object is null or empty.
2024-11-30 17:26:50 [main] WARN  AuthenticateMapper - Field 'harvard' in JSON object is null or empty.
2024-11-30 17:26:50 [main] WARN  AuthenticateMapper - Field 'isLoginAsLead' in JSON object is null or empty.
2024-11-30 17:26:50 [main] WARN  AuthenticateMapper - Field 'csAdmin' in JSON object is null or empty.
2024-11-30 17:26:50 [main] WARN  AuthenticateMapper - Field 'errorMessage' in JSON object is null or empty.
2024-11-30 17:26:50 [main] WARN  AuthenticateMapper - Field 'subjectCodeId' in JSON object is null or empty.
2024-11-30 17:26:50 [main] WARN  AuthenticateMapper - Field 'currentSubjectCodeIds' in JSON object is null or empty.
2024-11-30 17:26:50 [main] WARN  AuthenticateMapper - Field 'backlogSubjectCodeIds' in JSON object is null or empty.
2024-11-30 17:26:50 [main] INFO  AuthenticateMapper - validityEndDate successfully set: 2025/6/30
2024-11-30 17:26:50 [main] INFO  AuthenticateMapper - Validation completed successfully for POJO: AuthenticationModel
2024-11-30 17:26:50 [main] INFO  AuthenticateEndPointImpl - Sending Get request for authentication 
2024-11-30 17:26:50 [main] INFO  AuthenticatePayload - Set the userId and password in the Authentication payload 
2024-11-30 17:26:51 [main] INFO  AuthenticateEndPointImpl - Received response with status code: 405
2024-11-30 17:26:51 [main] INFO  ApplySeverityLevel - severity lavel: normal 
2024-11-30 17:26:51 [main] INFO  AuthenticateEndPointImpl - Sending DELETE request for authentication 
2024-11-30 17:26:51 [main] INFO  AuthenticatePayload - Set the userId and password in the Authentication payload 
2024-11-30 17:26:51 [main] INFO  AuthenticateEndPointImpl - Actual status code: 500
2024-11-30 17:26:51 [main] INFO  ApplySeverityLevel - severity lavel: critical 
2024-11-30 17:26:51 [main] INFO  AuthenticateEndPointImpl - Sending empty payload request for authentication 
2024-11-30 17:26:51 [main] INFO  AuthenticateEndPointImpl - Actual status code :405
2024-11-30 17:26:51 [main] INFO  AuthenticateEndPointImpl - Sending Invalid Payload request for authentication 
2024-11-30 17:26:51 [main] INFO  AuthenticateEndPointImpl - Actual status code :405
2024-11-30 17:26:51 [main] INFO  AuthenticateEndPointImpl - Sending Missing payload body request for authentication 
2024-11-30 17:26:51 [main] INFO  AuthenticatePayload - Set the userId and password in the Authentication payload 
2024-11-30 17:26:51 [main] INFO  AuthenticateEndPointImpl - Actual status code :401
2024-11-30 17:26:51 [main] INFO  GetVideosForHomeEndPointsImpl - Sending POST request to get videos for home header
2024-11-30 17:26:51 [main] INFO  GetVideosForHomeEndPointsImpl - Received response with status code: 200
2024-11-30 17:26:51 [main] INFO  ResponseContainerComman - isProgramCleared: Y
2024-11-30 17:26:51 [main] ERROR DateValidations - Unexpected error while validating program end date: null
java.lang.NullPointerException: null
	at com.nmims.api.comman.ResponseContainerComman.programValidityEndDate(ResponseContainerComman.java:26) ~[classes/:?]
	at com.nmims.api.utilities.DateValidations.programEndDateValidation(DateValidations.java:28) ~[classes/:?]
	at com.nmims.api.Listener.SkipTestListener.skipTestForValidityEndAndProgramCleared(SkipTestListener.java:26) ~[classes/:?]
	at com.nmims.api.test.GetVideosForHomeTest.getVideosForHomePostHeaderTest(GetVideosForHomeTest.java:51) ~[classes/:?]
	at jdk.internal.reflect.NativeMethodAccessorImpl.invoke0(Native Method) ~[?:?]
	at jdk.internal.reflect.NativeMethodAccessorImpl.invoke(NativeMethodAccessorImpl.java:62) ~[?:?]
	at jdk.internal.reflect.DelegatingMethodAccessorImpl.invoke(DelegatingMethodAccessorImpl.java:43) ~[?:?]
	at java.lang.reflect.Method.invoke(Method.java:566) ~[?:?]
	at org.testng.internal.MethodInvocationHelper.invokeMethod(MethodInvocationHelper.java:133) ~[org.testng_7.4.0.r202105021533.jar:7.4.0]
	at org.testng.internal.TestInvoker.invokeMethod(TestInvoker.java:598) ~[org.testng_7.4.0.r202105021533.jar:7.4.0]
	at org.testng.internal.TestInvoker.invokeTestMethod(TestInvoker.java:173) ~[org.testng_7.4.0.r202105021533.jar:7.4.0]
	at org.testng.internal.MethodRunner.runInSequence(MethodRunner.java:46) ~[org.testng_7.4.0.r202105021533.jar:7.4.0]
	at org.testng.internal.TestInvoker$MethodInvocationAgent.invoke(TestInvoker.java:824) ~[org.testng_7.4.0.r202105021533.jar:7.4.0]
	at org.testng.internal.TestInvoker.invokeTestMethods(TestInvoker.java:146) ~[org.testng_7.4.0.r202105021533.jar:7.4.0]
	at org.testng.internal.TestMethodWorker.invokeTestMethods(TestMethodWorker.java:146) ~[org.testng_7.4.0.r202105021533.jar:7.4.0]
	at org.testng.internal.TestMethodWorker.run(TestMethodWorker.java:128) ~[org.testng_7.4.0.r202105021533.jar:7.4.0]
	at java.util.ArrayList.forEach(ArrayList.java:1541) ~[?:?]
	at org.testng.TestRunner.privateRun(TestRunner.java:794) ~[org.testng_7.4.0.r202105021533.jar:7.4.0]
	at org.testng.TestRunner.run(TestRunner.java:596) ~[org.testng_7.4.0.r202105021533.jar:7.4.0]
	at org.testng.SuiteRunner.runTest(SuiteRunner.java:377) ~[org.testng_7.4.0.r202105021533.jar:7.4.0]
	at org.testng.SuiteRunner.runSequentially(SuiteRunner.java:371) ~[org.testng_7.4.0.r202105021533.jar:7.4.0]
	at org.testng.SuiteRunner.privateRun(SuiteRunner.java:332) ~[org.testng_7.4.0.r202105021533.jar:7.4.0]
	at org.testng.SuiteRunner.run(SuiteRunner.java:276) ~[org.testng_7.4.0.r202105021533.jar:7.4.0]
	at org.testng.SuiteRunnerWorker.runSuite(SuiteRunnerWorker.java:53) ~[org.testng_7.4.0.r202105021533.jar:7.4.0]
	at org.testng.SuiteRunnerWorker.run(SuiteRunnerWorker.java:96) ~[org.testng_7.4.0.r202105021533.jar:7.4.0]
	at org.testng.TestNG.runSuitesSequentially(TestNG.java:1212) ~[org.testng_7.4.0.r202105021533.jar:7.4.0]
	at org.testng.TestNG.runSuitesLocally(TestNG.java:1134) ~[org.testng_7.4.0.r202105021533.jar:7.4.0]
	at org.testng.TestNG.runSuites(TestNG.java:1063) ~[org.testng_7.4.0.r202105021533.jar:7.4.0]
	at org.testng.TestNG.run(TestNG.java:1031) ~[org.testng_7.4.0.r202105021533.jar:7.4.0]
	at org.testng.remote.AbstractRemoteTestNG.run(AbstractRemoteTestNG.java:115) ~[testng-remote.jar:?]
	at org.testng.remote.RemoteTestNG.initAndRun(RemoteTestNG.java:293) ~[testng-remote.jar:?]
	at org.testng.remote.RemoteTestNG.main(RemoteTestNG.java:91) ~[testng-remote.jar:?]
2024-11-30 17:26:51 [main] INFO  ApplySeverityLevel - severity lavel for succesfuly post method: normal 
2024-11-30 17:26:51 [main] INFO  GetVideosForHomeMapper - Starting GetVideosForHomeResponsValidation method
2024-11-30 17:26:51 [main] INFO  JsonPojoArrayValidator - Starting validation of JSON array against POJO: GetVideosForHomeModel
2024-11-30 17:26:51 [main] WARN  JsonPojoArrayValidator - Field defaultVideo is present in POJO but missing in the JSON response.
2024-11-30 17:26:51 [main] WARN  JsonPojoArrayValidator - Field mobileUrlSd2 is present in POJO but missing in the JSON response.
2024-11-30 17:26:51 [main] WARN  JsonPojoArrayValidator - Field fileName is present in POJO but missing in the JSON response.
2024-11-30 17:26:51 [main] WARN  JsonPojoArrayValidator - Field keywords is present in POJO but missing in the JSON response.
2024-11-30 17:26:51 [main] WARN  JsonPojoArrayValidator - Field year is present in POJO but missing in the JSON response.
2024-11-30 17:26:51 [main] WARN  JsonPojoArrayValidator - Field errorRecord is present in POJO but missing in the JSON response.
2024-11-30 17:26:51 [main] WARN  JsonPojoArrayValidator - Field sessionDate is present in POJO but missing in the JSON response.
2024-11-30 17:26:51 [main] WARN  JsonPojoArrayValidator - Field subject is present in POJO but missing in the JSON response.
2024-11-30 17:26:51 [main] WARN  JsonPojoArrayValidator - Field mobileUrlSd1 is present in POJO but missing in the JSON response.
2024-11-30 17:26:51 [main] WARN  JsonPojoArrayValidator - Field description is present in POJO but missing in the JSON response.
2024-11-30 17:26:51 [main] WARN  JsonPojoArrayValidator - Field academicCycle is present in POJO but missing in the JSON response.
2024-11-30 17:26:51 [main] WARN  JsonPojoArrayValidator - Field type is present in POJO but missing in the JSON response.
2024-11-30 17:26:51 [main] WARN  JsonPojoArrayValidator - Field duration is present in POJO but missing in the JSON response.
2024-11-30 17:26:51 [main] WARN  JsonPojoArrayValidator - Field startTime is present in POJO but missing in the JSON response.
2024-11-30 17:26:51 [main] WARN  JsonPojoArrayValidator - Field id is present in POJO but missing in the JSON response.
2024-11-30 17:26:51 [main] WARN  JsonPojoArrayValidator - Field viewCount is present in POJO but missing in the JSON response.
2024-11-30 17:26:51 [main] WARN  JsonPojoArrayValidator - Field mobileUrl is present in POJO but missing in the JSON response.
2024-11-30 17:26:51 [main] WARN  JsonPojoArrayValidator - Field track is present in POJO but missing in the JSON response.
2024-11-30 17:26:51 [main] WARN  JsonPojoArrayValidator - Field thumbnailUrl is present in POJO but missing in the JSON response.
2024-11-30 17:26:51 [main] WARN  JsonPojoArrayValidator - Field sapId is present in POJO but missing in the JSON response.
2024-11-30 17:26:51 [main] WARN  JsonPojoArrayValidator - Field lastModifiedDate is present in POJO but missing in the JSON response.
2024-11-30 17:26:51 [main] WARN  JsonPojoArrayValidator - Field programSemSubjectId is present in POJO but missing in the JSON response.
2024-11-30 17:26:51 [main] WARN  JsonPojoArrayValidator - Field addedBy is present in POJO but missing in the JSON response.
2024-11-30 17:26:51 [main] WARN  JsonPojoArrayValidator - Field bookmarked is present in POJO but missing in the JSON response.
2024-11-30 17:26:51 [main] WARN  JsonPojoArrayValidator - Field lastModifiedBy is present in POJO but missing in the JSON response.
2024-11-30 17:26:51 [main] WARN  JsonPojoArrayValidator - Field errorMessage is present in POJO but missing in the JSON response.
2024-11-30 17:26:51 [main] WARN  JsonPojoArrayValidator - Field mobileUrlHd is present in POJO but missing in the JSON response.
2024-11-30 17:26:51 [main] WARN  JsonPojoArrayValidator - Field sessionId is present in POJO but missing in the JSON response.
2024-11-30 17:26:51 [main] WARN  JsonPojoArrayValidator - Field addedOn is present in POJO but missing in the JSON response.
2024-11-30 17:26:51 [main] WARN  JsonPojoArrayValidator - Field facultyId is present in POJO but missing in the JSON response.
2024-11-30 17:26:51 [main] WARN  JsonPojoArrayValidator - Field createdDate is present in POJO but missing in the JSON response.
2024-11-30 17:26:51 [main] WARN  JsonPojoArrayValidator - Field month is present in POJO but missing in the JSON response.
2024-11-30 17:26:51 [main] WARN  JsonPojoArrayValidator - Field createdBy is present in POJO but missing in the JSON response.
2024-11-30 17:26:51 [main] WARN  JsonPojoArrayValidator - Field parentVideoId is present in POJO but missing in the JSON response.
2024-11-30 17:26:51 [main] WARN  JsonPojoArrayValidator - Field videoLink is present in POJO but missing in the JSON response.
2024-11-30 17:26:51 [main] WARN  JsonPojoArrayValidator - Field endTime is present in POJO but missing in the JSON response.
2024-11-30 17:26:51 [main] WARN  JsonPojoArrayValidator - Field facultyName is present in POJO but missing in the JSON response.
2024-11-30 17:26:51 [main] WARN  JsonPojoArrayValidator - Field meetingKey is present in POJO but missing in the JSON response.
2024-11-30 17:26:51 [main] INFO  JsonPojoArrayValidator - Validation completed for POJO: GetVideosForHomeModel
2024-11-30 17:26:51 [main] INFO  GetVideosForHomeEndPointsImpl - Sending GET request to get videos for home header
2024-11-30 17:26:52 [main] INFO  GetVideosForHomeEndPointsImpl - Received response with status code: 405
2024-11-30 17:26:52 [main] INFO  ApplySeverityLevel - severity lavel: normal 
2024-11-30 17:26:52 [main] INFO  GetVideosForHomeEndPointsImpl - Sending DELETE request to get videos for home header
2024-11-30 17:26:52 [main] INFO  GetVideosForHomeEndPointsImpl - Received response with status code: 500
2024-11-30 17:26:52 [main] INFO  GetVideosForHomeEndPointsImpl - Sending Empty payload request to get videos for home header
2024-11-30 17:26:53 [main] INFO  GetVideosForHomeEndPointsImpl - Expected status code :405
2024-11-30 17:26:53 [main] INFO  GetVideosForHomeEndPointsImpl - Expected status code :405
2024-11-30 17:26:53 [main] INFO  GetVideosForHomeEndPointsImpl - Expected status code :200
2024-11-30 17:26:53 [main] INFO  ViewAssignmentsFormEndPointsImpl - Initiating POST request to view assignments form endpoint.
2024-11-30 17:26:53 [main] INFO  ViewAssignmentsFormEndPointsImpl - POST request completed with status code: 200
2024-11-30 17:26:53 [main] INFO  ResponseContainerComman - isProgramCleared: Y
2024-11-30 17:26:53 [main] ERROR DateValidations - Unexpected error while validating program end date: null
java.lang.NullPointerException: null
	at com.nmims.api.comman.ResponseContainerComman.programValidityEndDate(ResponseContainerComman.java:26) ~[classes/:?]
	at com.nmims.api.utilities.DateValidations.programEndDateValidation(DateValidations.java:28) ~[classes/:?]
	at com.nmims.api.Listener.SkipTestListener.skipTestForValidityEndAndProgramCleared(SkipTestListener.java:26) ~[classes/:?]
	at com.nmims.api.test.ViewAssignmentsFormTest.viewAssignmentsFormPOSTHeaderTest(ViewAssignmentsFormTest.java:47) ~[classes/:?]
	at jdk.internal.reflect.NativeMethodAccessorImpl.invoke0(Native Method) ~[?:?]
	at jdk.internal.reflect.NativeMethodAccessorImpl.invoke(NativeMethodAccessorImpl.java:62) ~[?:?]
	at jdk.internal.reflect.DelegatingMethodAccessorImpl.invoke(DelegatingMethodAccessorImpl.java:43) ~[?:?]
	at java.lang.reflect.Method.invoke(Method.java:566) ~[?:?]
	at org.testng.internal.MethodInvocationHelper.invokeMethod(MethodInvocationHelper.java:133) ~[org.testng_7.4.0.r202105021533.jar:7.4.0]
	at org.testng.internal.TestInvoker.invokeMethod(TestInvoker.java:598) ~[org.testng_7.4.0.r202105021533.jar:7.4.0]
	at org.testng.internal.TestInvoker.invokeTestMethod(TestInvoker.java:173) ~[org.testng_7.4.0.r202105021533.jar:7.4.0]
	at org.testng.internal.MethodRunner.runInSequence(MethodRunner.java:46) ~[org.testng_7.4.0.r202105021533.jar:7.4.0]
	at org.testng.internal.TestInvoker$MethodInvocationAgent.invoke(TestInvoker.java:824) ~[org.testng_7.4.0.r202105021533.jar:7.4.0]
	at org.testng.internal.TestInvoker.invokeTestMethods(TestInvoker.java:146) ~[org.testng_7.4.0.r202105021533.jar:7.4.0]
	at org.testng.internal.TestMethodWorker.invokeTestMethods(TestMethodWorker.java:146) ~[org.testng_7.4.0.r202105021533.jar:7.4.0]
	at org.testng.internal.TestMethodWorker.run(TestMethodWorker.java:128) ~[org.testng_7.4.0.r202105021533.jar:7.4.0]
	at java.util.ArrayList.forEach(ArrayList.java:1541) ~[?:?]
	at org.testng.TestRunner.privateRun(TestRunner.java:794) ~[org.testng_7.4.0.r202105021533.jar:7.4.0]
	at org.testng.TestRunner.run(TestRunner.java:596) ~[org.testng_7.4.0.r202105021533.jar:7.4.0]
	at org.testng.SuiteRunner.runTest(SuiteRunner.java:377) ~[org.testng_7.4.0.r202105021533.jar:7.4.0]
	at org.testng.SuiteRunner.runSequentially(SuiteRunner.java:371) ~[org.testng_7.4.0.r202105021533.jar:7.4.0]
	at org.testng.SuiteRunner.privateRun(SuiteRunner.java:332) ~[org.testng_7.4.0.r202105021533.jar:7.4.0]
	at org.testng.SuiteRunner.run(SuiteRunner.java:276) ~[org.testng_7.4.0.r202105021533.jar:7.4.0]
	at org.testng.SuiteRunnerWorker.runSuite(SuiteRunnerWorker.java:53) ~[org.testng_7.4.0.r202105021533.jar:7.4.0]
	at org.testng.SuiteRunnerWorker.run(SuiteRunnerWorker.java:96) ~[org.testng_7.4.0.r202105021533.jar:7.4.0]
	at org.testng.TestNG.runSuitesSequentially(TestNG.java:1212) ~[org.testng_7.4.0.r202105021533.jar:7.4.0]
	at org.testng.TestNG.runSuitesLocally(TestNG.java:1134) ~[org.testng_7.4.0.r202105021533.jar:7.4.0]
	at org.testng.TestNG.runSuites(TestNG.java:1063) ~[org.testng_7.4.0.r202105021533.jar:7.4.0]
	at org.testng.TestNG.run(TestNG.java:1031) ~[org.testng_7.4.0.r202105021533.jar:7.4.0]
	at org.testng.remote.AbstractRemoteTestNG.run(AbstractRemoteTestNG.java:115) ~[testng-remote.jar:?]
	at org.testng.remote.RemoteTestNG.initAndRun(RemoteTestNG.java:293) ~[testng-remote.jar:?]
	at org.testng.remote.RemoteTestNG.main(RemoteTestNG.java:91) ~[testng-remote.jar:?]
2024-11-30 17:26:53 [main] INFO  ViewAssignmentsFormMpper - Starting validation of current semester assignments...
2024-11-30 17:26:53 [main] WARN  ViewAssignmentsFormMpper - Field 'null' has an null  value in the JSON response.
2024-11-30 17:26:53 [main] WARN  ViewAssignmentsFormMpper - Field 'month' has an invalid value in the JSON response.
2024-11-30 17:26:53 [main] WARN  ViewAssignmentsFormMpper - Field 'null' has an null  value in the JSON response.
2024-11-30 17:26:53 [main] WARN  ViewAssignmentsFormMpper - Field 'year' has an invalid value in the JSON response.
2024-11-30 17:26:53 [main] WARN  ViewAssignmentsFormMpper - Field 'null' has an null  value in the JSON response.
2024-11-30 17:26:53 [main] WARN  ViewAssignmentsFormMpper - Field 'currentYearList' has an invalid value in the JSON response.
2024-11-30 17:26:53 [main] WARN  ViewAssignmentsFormMpper - Field 'null' has an null  value in the JSON response.
2024-11-30 17:26:53 [main] WARN  ViewAssignmentsFormMpper - Field 'subjectList' has an invalid value in the JSON response.
2024-11-30 17:26:53 [main] WARN  ViewAssignmentsFormMpper - Field 'null' has an null  value in the JSON response.
2024-11-30 17:26:53 [main] WARN  ViewAssignmentsFormMpper - Field 'error' has an invalid value in the JSON response.
2024-11-30 17:26:53 [main] WARN  ViewAssignmentsFormMpper - Field 'null' has an null  value in the JSON response.
2024-11-30 17:26:53 [main] WARN  ViewAssignmentsFormMpper - Field 'yearMonth' has an invalid value in the JSON response.
2024-11-30 17:26:53 [main] WARN  ViewAssignmentsFormMpper - Field 'currentSemAssignmentFilesList' has an invalid value in the JSON response.
2024-11-30 17:26:53 [main] WARN  ViewAssignmentsFormMpper - Field 'null' has an null  value in the JSON response.
2024-11-30 17:26:53 [main] WARN  ViewAssignmentsFormMpper - Field 'success' has an invalid value in the JSON response.
2024-11-30 17:26:53 [main] WARN  ViewAssignmentsFormMpper - Field 'null' has an null  value in the JSON response.
2024-11-30 17:26:53 [main] WARN  ViewAssignmentsFormMpper - Field 'successMessage' has an invalid value in the JSON response.
2024-11-30 17:26:53 [main] WARN  ViewAssignmentsFormMpper - Field 'failSubjectsAssignmentFilesList' has an invalid value in the JSON response.
2024-11-30 17:26:53 [main] WARN  ViewAssignmentsFormMpper - Field 'null' has an null  value in the JSON response.
2024-11-30 17:26:53 [main] WARN  ViewAssignmentsFormMpper - Field 'currentSemEndDateTime' has an invalid value in the JSON response.
2024-11-30 17:26:53 [main] WARN  ViewAssignmentsFormMpper - Field 'null' has an null  value in the JSON response.
2024-11-30 17:26:53 [main] WARN  ViewAssignmentsFormMpper - Field 'failSubjectsEndDateTime' has an invalid value in the JSON response.
2024-11-30 17:26:53 [main] WARN  ViewAssignmentsFormMpper - Field 'null' has an null  value in the JSON response.
2024-11-30 17:26:53 [main] WARN  ViewAssignmentsFormMpper - Field 'timeExtendedStudentIdSubjectList' has an invalid value in the JSON response.
2024-11-30 17:26:53 [main] WARN  ViewAssignmentsFormMpper - Field 'null' has an null  value in the JSON response.
2024-11-30 17:26:53 [main] WARN  ViewAssignmentsFormMpper - Field 'applicableSubjects' has an invalid value in the JSON response.
2024-11-30 17:26:53 [main] WARN  ViewAssignmentsFormMpper - Field 'null' has an null  value in the JSON response.
2024-11-30 17:26:53 [main] WARN  ViewAssignmentsFormMpper - Field 'subjectsNotAllowedToSubmit' has an invalid value in the JSON response.
2024-11-30 17:26:53 [main] WARN  ViewAssignmentsFormMpper - Field 'null' has an null  value in the JSON response.
2024-11-30 17:26:53 [main] WARN  ViewAssignmentsFormMpper - Field 'assignmentFile' has an invalid value in the JSON response.
2024-11-30 17:26:53 [main] WARN  ViewAssignmentsFormMpper - Field 'null' has an null  value in the JSON response.
2024-11-30 17:26:53 [main] WARN  ViewAssignmentsFormMpper - Field 'subject' has an invalid value in the JSON response.
2024-11-30 17:26:53 [main] WARN  ViewAssignmentsFormMpper - Field 'null' has an null  value in the JSON response.
2024-11-30 17:26:53 [main] WARN  ViewAssignmentsFormMpper - Field 'allAssignmentFilesList' has an invalid value in the JSON response.
2024-11-30 17:26:53 [main] WARN  ViewAssignmentsFormMpper - Field 'null' has an null  value in the JSON response.
2024-11-30 17:26:53 [main] WARN  ViewAssignmentsFormMpper - Field 'errorMessage' has an invalid value in the JSON response.
2024-11-30 17:26:53 [main] INFO  ViewAssignmentsFormMpper - Validation of assignment files list completed successfully.
2024-11-30 17:26:53 [main] INFO  ApplySeverityLevel - severity lavel: minor 
2024-11-30 17:26:53 [main] INFO  ViewAssignmentsFormEndPointsImpl - Initiating GET request to view assignments form endpoint.
2024-11-30 17:26:53 [main] INFO  ViewAssignmentsFormEndPointsImpl - GET request completed with status code: 405
2024-11-30 17:26:53 [main] INFO  ApplySeverityLevel - severity lavel: normal 
2024-11-30 17:26:53 [main] INFO  ViewAssignmentsFormEndPointsImpl - Initiating DELETE request to view assignments form endpoint.
2024-11-30 17:26:53 [main] INFO  ViewAssignmentsFormEndPointsImpl - DELETE request completed with status code: 500
2024-11-30 17:26:53 [main] INFO  ViewAssignmentsFormEndPointsImpl - Actual status code :400
2024-11-30 17:26:53 [main] INFO  ViewAssignmentsFormEndPointsImpl - Actual status code :400
2024-11-30 17:35:53 [main] INFO  AuthenticateEndPointImpl - Sending POST request for authentication .
2024-11-30 17:35:53 [main] INFO  AuthenticatePayload - Set the userId and password in the Authentication payload 
2024-11-30 17:35:54 [main] INFO  AuthenticateEndPointImpl - Received response with status code: 200
2024-11-30 17:35:54 [main] INFO  ApplySeverityLevel - severity lavel for succesfuly post method: normal 
2024-11-30 17:35:54 [main] INFO  AuthenticateMapper - Start the authenticate API Respons validation...
2024-11-30 17:35:54 [main] INFO  AuthenticateMapper - The student Program Status is: Y
2024-11-30 17:35:54 [main] WARN  AuthenticateMapper - Field 'announcements' in JSON object is null or empty.
2024-11-30 17:35:54 [main] WARN  AuthenticateMapper - Field 'isStudent' in JSON object is null or empty.
2024-11-30 17:35:54 [main] WARN  AuthenticateMapper - Field 'personDetails' in JSON object is null or empty.
2024-11-30 17:35:54 [main] WARN  AuthenticateMapper - Field 'userBean' in JSON object is null or empty.
2024-11-30 17:35:54 [main] WARN  AuthenticateMapper - Field 'applicableSubjects' in JSON object is null or empty.
2024-11-30 17:35:54 [main] WARN  AuthenticateMapper - Field 'stukent' in JSON object is null or empty.
2024-11-30 17:35:54 [main] WARN  AuthenticateMapper - Field 'harvard' in JSON object is null or empty.
2024-11-30 17:35:54 [main] WARN  AuthenticateMapper - Field 'isLoginAsLead' in JSON object is null or empty.
2024-11-30 17:35:54 [main] WARN  AuthenticateMapper - Field 'csAdmin' in JSON object is null or empty.
2024-11-30 17:35:54 [main] WARN  AuthenticateMapper - Field 'errorMessage' in JSON object is null or empty.
2024-11-30 17:35:54 [main] WARN  AuthenticateMapper - Field 'subjectCodeId' in JSON object is null or empty.
2024-11-30 17:35:54 [main] WARN  AuthenticateMapper - Field 'currentSubjectCodeIds' in JSON object is null or empty.
2024-11-30 17:35:54 [main] WARN  AuthenticateMapper - Field 'backlogSubjectCodeIds' in JSON object is null or empty.
2024-11-30 17:35:54 [main] INFO  AuthenticateMapper - validityEndDate successfully set: 2025/6/30
2024-11-30 17:35:54 [main] INFO  AuthenticateMapper - Validation completed successfully for POJO: AuthenticationModel
2024-11-30 17:35:54 [main] INFO  AuthenticateEndPointImpl - Sending Get request for authentication 
2024-11-30 17:35:54 [main] INFO  AuthenticatePayload - Set the userId and password in the Authentication payload 
2024-11-30 17:35:54 [main] INFO  AuthenticateEndPointImpl - Received response with status code: 405
2024-11-30 17:35:54 [main] INFO  ApplySeverityLevel - severity lavel: normal 
2024-11-30 17:35:55 [main] INFO  AuthenticateEndPointImpl - Sending DELETE request for authentication 
2024-11-30 17:35:55 [main] INFO  AuthenticatePayload - Set the userId and password in the Authentication payload 
2024-11-30 17:35:55 [main] INFO  AuthenticateEndPointImpl - Actual status code: 500
2024-11-30 17:35:55 [main] INFO  ApplySeverityLevel - severity lavel: critical 
2024-11-30 17:35:55 [main] INFO  AuthenticateEndPointImpl - Sending empty payload request for authentication 
2024-11-30 17:35:55 [main] INFO  AuthenticateEndPointImpl - Actual status code :405
2024-11-30 17:35:55 [main] INFO  AuthenticateEndPointImpl - Sending Invalid Payload request for authentication 
2024-11-30 17:35:55 [main] INFO  AuthenticateEndPointImpl - Actual status code :405
2024-11-30 17:35:55 [main] INFO  AuthenticateEndPointImpl - Sending Missing payload body request for authentication 
2024-11-30 17:35:55 [main] INFO  AuthenticatePayload - Set the userId and password in the Authentication payload 
2024-11-30 17:35:55 [main] INFO  AuthenticateEndPointImpl - Actual status code :401
2024-11-30 17:35:55 [main] INFO  GetVideosForHomeEndPointsImpl - Sending POST request to get videos for home header
2024-11-30 17:35:55 [main] INFO  GetVideosForHomeEndPointsImpl - Received response with status code: 200
2024-11-30 17:35:55 [main] INFO  ResponseContainerComman - isProgramCleared: Y
2024-11-30 17:35:55 [main] ERROR DateValidations - Unexpected error while validating program end date: null
java.lang.NullPointerException: null
	at com.nmims.api.comman.ResponseContainerComman.programValidityEndDate(ResponseContainerComman.java:26) ~[classes/:?]
	at com.nmims.api.utilities.DateValidations.programEndDateValidation(DateValidations.java:28) ~[classes/:?]
	at com.nmims.api.Listener.SkipTestListener.skipTestForValidityEndAndProgramCleared(SkipTestListener.java:26) ~[classes/:?]
	at com.nmims.api.test.GetVideosForHomeTest.getVideosForHomePostHeaderTest(GetVideosForHomeTest.java:51) ~[classes/:?]
	at jdk.internal.reflect.NativeMethodAccessorImpl.invoke0(Native Method) ~[?:?]
	at jdk.internal.reflect.NativeMethodAccessorImpl.invoke(NativeMethodAccessorImpl.java:62) ~[?:?]
	at jdk.internal.reflect.DelegatingMethodAccessorImpl.invoke(DelegatingMethodAccessorImpl.java:43) ~[?:?]
	at java.lang.reflect.Method.invoke(Method.java:566) ~[?:?]
	at org.testng.internal.MethodInvocationHelper.invokeMethod(MethodInvocationHelper.java:133) ~[org.testng_7.4.0.r202105021533.jar:7.4.0]
	at org.testng.internal.TestInvoker.invokeMethod(TestInvoker.java:598) ~[org.testng_7.4.0.r202105021533.jar:7.4.0]
	at org.testng.internal.TestInvoker.invokeTestMethod(TestInvoker.java:173) ~[org.testng_7.4.0.r202105021533.jar:7.4.0]
	at org.testng.internal.MethodRunner.runInSequence(MethodRunner.java:46) ~[org.testng_7.4.0.r202105021533.jar:7.4.0]
	at org.testng.internal.TestInvoker$MethodInvocationAgent.invoke(TestInvoker.java:824) ~[org.testng_7.4.0.r202105021533.jar:7.4.0]
	at org.testng.internal.TestInvoker.invokeTestMethods(TestInvoker.java:146) ~[org.testng_7.4.0.r202105021533.jar:7.4.0]
	at org.testng.internal.TestMethodWorker.invokeTestMethods(TestMethodWorker.java:146) ~[org.testng_7.4.0.r202105021533.jar:7.4.0]
	at org.testng.internal.TestMethodWorker.run(TestMethodWorker.java:128) ~[org.testng_7.4.0.r202105021533.jar:7.4.0]
	at java.util.ArrayList.forEach(ArrayList.java:1541) ~[?:?]
	at org.testng.TestRunner.privateRun(TestRunner.java:794) ~[org.testng_7.4.0.r202105021533.jar:7.4.0]
	at org.testng.TestRunner.run(TestRunner.java:596) ~[org.testng_7.4.0.r202105021533.jar:7.4.0]
	at org.testng.SuiteRunner.runTest(SuiteRunner.java:377) ~[org.testng_7.4.0.r202105021533.jar:7.4.0]
	at org.testng.SuiteRunner.runSequentially(SuiteRunner.java:371) ~[org.testng_7.4.0.r202105021533.jar:7.4.0]
	at org.testng.SuiteRunner.privateRun(SuiteRunner.java:332) ~[org.testng_7.4.0.r202105021533.jar:7.4.0]
	at org.testng.SuiteRunner.run(SuiteRunner.java:276) ~[org.testng_7.4.0.r202105021533.jar:7.4.0]
	at org.testng.SuiteRunnerWorker.runSuite(SuiteRunnerWorker.java:53) ~[org.testng_7.4.0.r202105021533.jar:7.4.0]
	at org.testng.SuiteRunnerWorker.run(SuiteRunnerWorker.java:96) ~[org.testng_7.4.0.r202105021533.jar:7.4.0]
	at org.testng.TestNG.runSuitesSequentially(TestNG.java:1212) ~[org.testng_7.4.0.r202105021533.jar:7.4.0]
	at org.testng.TestNG.runSuitesLocally(TestNG.java:1134) ~[org.testng_7.4.0.r202105021533.jar:7.4.0]
	at org.testng.TestNG.runSuites(TestNG.java:1063) ~[org.testng_7.4.0.r202105021533.jar:7.4.0]
	at org.testng.TestNG.run(TestNG.java:1031) ~[org.testng_7.4.0.r202105021533.jar:7.4.0]
	at org.testng.remote.AbstractRemoteTestNG.run(AbstractRemoteTestNG.java:115) ~[testng-remote.jar:?]
	at org.testng.remote.RemoteTestNG.initAndRun(RemoteTestNG.java:293) ~[testng-remote.jar:?]
	at org.testng.remote.RemoteTestNG.main(RemoteTestNG.java:91) ~[testng-remote.jar:?]
2024-11-30 17:35:55 [main] INFO  ApplySeverityLevel - severity lavel for succesfuly post method: normal 
2024-11-30 17:35:55 [main] INFO  GetVideosForHomeMapper - Starting GetVideosForHomeResponsValidation method
2024-11-30 17:35:55 [main] INFO  JsonPojoArrayValidator - Starting validation of JSON array against POJO: GetVideosForHomeModel
2024-11-30 17:35:55 [main] WARN  JsonPojoArrayValidator - Field defaultVideo is present in POJO but missing in the JSON response.
2024-11-30 17:35:55 [main] WARN  JsonPojoArrayValidator - Field mobileUrlSd2 is present in POJO but missing in the JSON response.
2024-11-30 17:35:55 [main] WARN  JsonPojoArrayValidator - Field fileName is present in POJO but missing in the JSON response.
2024-11-30 17:35:55 [main] WARN  JsonPojoArrayValidator - Field keywords is present in POJO but missing in the JSON response.
2024-11-30 17:35:55 [main] WARN  JsonPojoArrayValidator - Field year is present in POJO but missing in the JSON response.
2024-11-30 17:35:55 [main] WARN  JsonPojoArrayValidator - Field errorRecord is present in POJO but missing in the JSON response.
2024-11-30 17:35:55 [main] WARN  JsonPojoArrayValidator - Field sessionDate is present in POJO but missing in the JSON response.
2024-11-30 17:35:55 [main] WARN  JsonPojoArrayValidator - Field subject is present in POJO but missing in the JSON response.
2024-11-30 17:35:55 [main] WARN  JsonPojoArrayValidator - Field mobileUrlSd1 is present in POJO but missing in the JSON response.
2024-11-30 17:35:55 [main] WARN  JsonPojoArrayValidator - Field description is present in POJO but missing in the JSON response.
2024-11-30 17:35:55 [main] WARN  JsonPojoArrayValidator - Field academicCycle is present in POJO but missing in the JSON response.
2024-11-30 17:35:55 [main] WARN  JsonPojoArrayValidator - Field type is present in POJO but missing in the JSON response.
2024-11-30 17:35:55 [main] WARN  JsonPojoArrayValidator - Field duration is present in POJO but missing in the JSON response.
2024-11-30 17:35:55 [main] WARN  JsonPojoArrayValidator - Field startTime is present in POJO but missing in the JSON response.
2024-11-30 17:35:55 [main] WARN  JsonPojoArrayValidator - Field id is present in POJO but missing in the JSON response.
2024-11-30 17:35:55 [main] WARN  JsonPojoArrayValidator - Field viewCount is present in POJO but missing in the JSON response.
2024-11-30 17:35:55 [main] WARN  JsonPojoArrayValidator - Field mobileUrl is present in POJO but missing in the JSON response.
2024-11-30 17:35:55 [main] WARN  JsonPojoArrayValidator - Field track is present in POJO but missing in the JSON response.
2024-11-30 17:35:55 [main] WARN  JsonPojoArrayValidator - Field thumbnailUrl is present in POJO but missing in the JSON response.
2024-11-30 17:35:55 [main] WARN  JsonPojoArrayValidator - Field sapId is present in POJO but missing in the JSON response.
2024-11-30 17:35:55 [main] WARN  JsonPojoArrayValidator - Field lastModifiedDate is present in POJO but missing in the JSON response.
2024-11-30 17:35:55 [main] WARN  JsonPojoArrayValidator - Field programSemSubjectId is present in POJO but missing in the JSON response.
2024-11-30 17:35:55 [main] WARN  JsonPojoArrayValidator - Field addedBy is present in POJO but missing in the JSON response.
2024-11-30 17:35:55 [main] WARN  JsonPojoArrayValidator - Field bookmarked is present in POJO but missing in the JSON response.
2024-11-30 17:35:55 [main] WARN  JsonPojoArrayValidator - Field lastModifiedBy is present in POJO but missing in the JSON response.
2024-11-30 17:35:55 [main] WARN  JsonPojoArrayValidator - Field errorMessage is present in POJO but missing in the JSON response.
2024-11-30 17:35:55 [main] WARN  JsonPojoArrayValidator - Field mobileUrlHd is present in POJO but missing in the JSON response.
2024-11-30 17:35:55 [main] WARN  JsonPojoArrayValidator - Field sessionId is present in POJO but missing in the JSON response.
2024-11-30 17:35:55 [main] WARN  JsonPojoArrayValidator - Field addedOn is present in POJO but missing in the JSON response.
2024-11-30 17:35:55 [main] WARN  JsonPojoArrayValidator - Field facultyId is present in POJO but missing in the JSON response.
2024-11-30 17:35:55 [main] WARN  JsonPojoArrayValidator - Field createdDate is present in POJO but missing in the JSON response.
2024-11-30 17:35:55 [main] WARN  JsonPojoArrayValidator - Field month is present in POJO but missing in the JSON response.
2024-11-30 17:35:55 [main] WARN  JsonPojoArrayValidator - Field createdBy is present in POJO but missing in the JSON response.
2024-11-30 17:35:55 [main] WARN  JsonPojoArrayValidator - Field parentVideoId is present in POJO but missing in the JSON response.
2024-11-30 17:35:55 [main] WARN  JsonPojoArrayValidator - Field videoLink is present in POJO but missing in the JSON response.
2024-11-30 17:35:55 [main] WARN  JsonPojoArrayValidator - Field endTime is present in POJO but missing in the JSON response.
2024-11-30 17:35:55 [main] WARN  JsonPojoArrayValidator - Field facultyName is present in POJO but missing in the JSON response.
2024-11-30 17:35:55 [main] WARN  JsonPojoArrayValidator - Field meetingKey is present in POJO but missing in the JSON response.
2024-11-30 17:35:55 [main] INFO  JsonPojoArrayValidator - Validation completed for POJO: GetVideosForHomeModel
2024-11-30 17:35:55 [main] INFO  GetVideosForHomeEndPointsImpl - Sending GET request to get videos for home header
2024-11-30 17:35:55 [main] INFO  GetVideosForHomeEndPointsImpl - Received response with status code: 405
2024-11-30 17:35:55 [main] INFO  ApplySeverityLevel - severity lavel: normal 
2024-11-30 17:35:55 [main] INFO  GetVideosForHomeEndPointsImpl - Sending DELETE request to get videos for home header
2024-11-30 17:35:55 [main] INFO  GetVideosForHomeEndPointsImpl - Received response with status code: 500
2024-11-30 17:35:55 [main] INFO  GetVideosForHomeEndPointsImpl - Sending Empty payload request to get videos for home header
2024-11-30 17:35:55 [main] INFO  GetVideosForHomeEndPointsImpl - Expected status code :405
2024-11-30 17:35:55 [main] INFO  GetVideosForHomeEndPointsImpl - Expected status code :405
2024-11-30 17:35:55 [main] INFO  GetVideosForHomeEndPointsImpl - Expected status code :200
2024-11-30 17:35:55 [main] INFO  ViewAssignmentsFormEndPointsImpl - Initiating POST request to view assignments form endpoint.
2024-11-30 17:35:55 [main] INFO  ViewAssignmentsFormEndPointsImpl - POST request completed with status code: 200
2024-11-30 17:35:55 [main] INFO  ResponseContainerComman - isProgramCleared: Y
2024-11-30 17:35:55 [main] ERROR DateValidations - Unexpected error while validating program end date: null
java.lang.NullPointerException: null
	at com.nmims.api.comman.ResponseContainerComman.programValidityEndDate(ResponseContainerComman.java:26) ~[classes/:?]
	at com.nmims.api.utilities.DateValidations.programEndDateValidation(DateValidations.java:28) ~[classes/:?]
	at com.nmims.api.Listener.SkipTestListener.skipTestForValidityEndAndProgramCleared(SkipTestListener.java:26) ~[classes/:?]
	at com.nmims.api.test.ViewAssignmentsFormTest.viewAssignmentsFormPOSTHeaderTest(ViewAssignmentsFormTest.java:47) ~[classes/:?]
	at jdk.internal.reflect.NativeMethodAccessorImpl.invoke0(Native Method) ~[?:?]
	at jdk.internal.reflect.NativeMethodAccessorImpl.invoke(NativeMethodAccessorImpl.java:62) ~[?:?]
	at jdk.internal.reflect.DelegatingMethodAccessorImpl.invoke(DelegatingMethodAccessorImpl.java:43) ~[?:?]
	at java.lang.reflect.Method.invoke(Method.java:566) ~[?:?]
	at org.testng.internal.MethodInvocationHelper.invokeMethod(MethodInvocationHelper.java:133) ~[org.testng_7.4.0.r202105021533.jar:7.4.0]
	at org.testng.internal.TestInvoker.invokeMethod(TestInvoker.java:598) ~[org.testng_7.4.0.r202105021533.jar:7.4.0]
	at org.testng.internal.TestInvoker.invokeTestMethod(TestInvoker.java:173) ~[org.testng_7.4.0.r202105021533.jar:7.4.0]
	at org.testng.internal.MethodRunner.runInSequence(MethodRunner.java:46) ~[org.testng_7.4.0.r202105021533.jar:7.4.0]
	at org.testng.internal.TestInvoker$MethodInvocationAgent.invoke(TestInvoker.java:824) ~[org.testng_7.4.0.r202105021533.jar:7.4.0]
	at org.testng.internal.TestInvoker.invokeTestMethods(TestInvoker.java:146) ~[org.testng_7.4.0.r202105021533.jar:7.4.0]
	at org.testng.internal.TestMethodWorker.invokeTestMethods(TestMethodWorker.java:146) ~[org.testng_7.4.0.r202105021533.jar:7.4.0]
	at org.testng.internal.TestMethodWorker.run(TestMethodWorker.java:128) ~[org.testng_7.4.0.r202105021533.jar:7.4.0]
	at java.util.ArrayList.forEach(ArrayList.java:1541) ~[?:?]
	at org.testng.TestRunner.privateRun(TestRunner.java:794) ~[org.testng_7.4.0.r202105021533.jar:7.4.0]
	at org.testng.TestRunner.run(TestRunner.java:596) ~[org.testng_7.4.0.r202105021533.jar:7.4.0]
	at org.testng.SuiteRunner.runTest(SuiteRunner.java:377) ~[org.testng_7.4.0.r202105021533.jar:7.4.0]
	at org.testng.SuiteRunner.runSequentially(SuiteRunner.java:371) ~[org.testng_7.4.0.r202105021533.jar:7.4.0]
	at org.testng.SuiteRunner.privateRun(SuiteRunner.java:332) ~[org.testng_7.4.0.r202105021533.jar:7.4.0]
	at org.testng.SuiteRunner.run(SuiteRunner.java:276) ~[org.testng_7.4.0.r202105021533.jar:7.4.0]
	at org.testng.SuiteRunnerWorker.runSuite(SuiteRunnerWorker.java:53) ~[org.testng_7.4.0.r202105021533.jar:7.4.0]
	at org.testng.SuiteRunnerWorker.run(SuiteRunnerWorker.java:96) ~[org.testng_7.4.0.r202105021533.jar:7.4.0]
	at org.testng.TestNG.runSuitesSequentially(TestNG.java:1212) ~[org.testng_7.4.0.r202105021533.jar:7.4.0]
	at org.testng.TestNG.runSuitesLocally(TestNG.java:1134) ~[org.testng_7.4.0.r202105021533.jar:7.4.0]
	at org.testng.TestNG.runSuites(TestNG.java:1063) ~[org.testng_7.4.0.r202105021533.jar:7.4.0]
	at org.testng.TestNG.run(TestNG.java:1031) ~[org.testng_7.4.0.r202105021533.jar:7.4.0]
	at org.testng.remote.AbstractRemoteTestNG.run(AbstractRemoteTestNG.java:115) ~[testng-remote.jar:?]
	at org.testng.remote.RemoteTestNG.initAndRun(RemoteTestNG.java:293) ~[testng-remote.jar:?]
	at org.testng.remote.RemoteTestNG.main(RemoteTestNG.java:91) ~[testng-remote.jar:?]
2024-11-30 17:35:56 [main] INFO  ViewAssignmentsFormMpper - Starting validation of current semester assignments...
2024-11-30 17:35:56 [main] WARN  ViewAssignmentsFormMpper - Field 'null' has an null  value in the JSON response.
2024-11-30 17:35:56 [main] WARN  ViewAssignmentsFormMpper - Field 'month' has an invalid value in the JSON response.
2024-11-30 17:35:56 [main] WARN  ViewAssignmentsFormMpper - Field 'null' has an null  value in the JSON response.
2024-11-30 17:35:56 [main] WARN  ViewAssignmentsFormMpper - Field 'year' has an invalid value in the JSON response.
2024-11-30 17:35:56 [main] WARN  ViewAssignmentsFormMpper - Field 'null' has an null  value in the JSON response.
2024-11-30 17:35:56 [main] WARN  ViewAssignmentsFormMpper - Field 'currentYearList' has an invalid value in the JSON response.
2024-11-30 17:35:56 [main] WARN  ViewAssignmentsFormMpper - Field 'null' has an null  value in the JSON response.
2024-11-30 17:35:56 [main] WARN  ViewAssignmentsFormMpper - Field 'subjectList' has an invalid value in the JSON response.
2024-11-30 17:35:56 [main] WARN  ViewAssignmentsFormMpper - Field 'null' has an null  value in the JSON response.
2024-11-30 17:35:56 [main] WARN  ViewAssignmentsFormMpper - Field 'error' has an invalid value in the JSON response.
2024-11-30 17:35:56 [main] WARN  ViewAssignmentsFormMpper - Field 'null' has an null  value in the JSON response.
2024-11-30 17:35:56 [main] WARN  ViewAssignmentsFormMpper - Field 'yearMonth' has an invalid value in the JSON response.
2024-11-30 17:35:56 [main] WARN  ViewAssignmentsFormMpper - Field 'currentSemAssignmentFilesList' has an invalid value in the JSON response.
2024-11-30 17:35:56 [main] WARN  ViewAssignmentsFormMpper - Field 'null' has an null  value in the JSON response.
2024-11-30 17:35:56 [main] WARN  ViewAssignmentsFormMpper - Field 'success' has an invalid value in the JSON response.
2024-11-30 17:35:56 [main] WARN  ViewAssignmentsFormMpper - Field 'null' has an null  value in the JSON response.
2024-11-30 17:35:56 [main] WARN  ViewAssignmentsFormMpper - Field 'successMessage' has an invalid value in the JSON response.
2024-11-30 17:35:56 [main] WARN  ViewAssignmentsFormMpper - Field 'failSubjectsAssignmentFilesList' has an invalid value in the JSON response.
2024-11-30 17:35:56 [main] WARN  ViewAssignmentsFormMpper - Field 'null' has an null  value in the JSON response.
2024-11-30 17:35:56 [main] WARN  ViewAssignmentsFormMpper - Field 'currentSemEndDateTime' has an invalid value in the JSON response.
2024-11-30 17:35:56 [main] WARN  ViewAssignmentsFormMpper - Field 'null' has an null  value in the JSON response.
2024-11-30 17:35:56 [main] WARN  ViewAssignmentsFormMpper - Field 'failSubjectsEndDateTime' has an invalid value in the JSON response.
2024-11-30 17:35:56 [main] WARN  ViewAssignmentsFormMpper - Field 'null' has an null  value in the JSON response.
2024-11-30 17:35:56 [main] WARN  ViewAssignmentsFormMpper - Field 'timeExtendedStudentIdSubjectList' has an invalid value in the JSON response.
2024-11-30 17:35:56 [main] WARN  ViewAssignmentsFormMpper - Field 'null' has an null  value in the JSON response.
2024-11-30 17:35:56 [main] WARN  ViewAssignmentsFormMpper - Field 'applicableSubjects' has an invalid value in the JSON response.
2024-11-30 17:35:56 [main] WARN  ViewAssignmentsFormMpper - Field 'null' has an null  value in the JSON response.
2024-11-30 17:35:56 [main] WARN  ViewAssignmentsFormMpper - Field 'subjectsNotAllowedToSubmit' has an invalid value in the JSON response.
2024-11-30 17:35:56 [main] WARN  ViewAssignmentsFormMpper - Field 'null' has an null  value in the JSON response.
2024-11-30 17:35:56 [main] WARN  ViewAssignmentsFormMpper - Field 'assignmentFile' has an invalid value in the JSON response.
2024-11-30 17:35:56 [main] WARN  ViewAssignmentsFormMpper - Field 'null' has an null  value in the JSON response.
2024-11-30 17:35:56 [main] WARN  ViewAssignmentsFormMpper - Field 'subject' has an invalid value in the JSON response.
2024-11-30 17:35:56 [main] WARN  ViewAssignmentsFormMpper - Field 'null' has an null  value in the JSON response.
2024-11-30 17:35:56 [main] WARN  ViewAssignmentsFormMpper - Field 'allAssignmentFilesList' has an invalid value in the JSON response.
2024-11-30 17:35:56 [main] WARN  ViewAssignmentsFormMpper - Field 'null' has an null  value in the JSON response.
2024-11-30 17:35:56 [main] WARN  ViewAssignmentsFormMpper - Field 'errorMessage' has an invalid value in the JSON response.
2024-11-30 17:35:56 [main] INFO  ViewAssignmentsFormMpper - Validation of assignment files list completed successfully.
2024-11-30 17:35:56 [main] INFO  ApplySeverityLevel - severity lavel: minor 
2024-11-30 17:35:56 [main] INFO  ViewAssignmentsFormEndPointsImpl - Initiating GET request to view assignments form endpoint.
2024-11-30 17:35:56 [main] INFO  ViewAssignmentsFormEndPointsImpl - GET request completed with status code: 405
2024-11-30 17:35:56 [main] INFO  ApplySeverityLevel - severity lavel: normal 
2024-11-30 17:35:56 [main] INFO  ViewAssignmentsFormEndPointsImpl - Initiating DELETE request to view assignments form endpoint.
2024-11-30 17:35:56 [main] INFO  ViewAssignmentsFormEndPointsImpl - DELETE request completed with status code: 500
2024-11-30 17:35:56 [main] INFO  ViewAssignmentsFormEndPointsImpl - Actual status code :400
2024-11-30 17:35:56 [main] INFO  ViewAssignmentsFormEndPointsImpl - Actual status code :400
2024-11-30 17:39:21 [main] INFO  AuthenticateEndPointImpl - Sending POST request for authentication .
2024-11-30 17:39:21 [main] INFO  AuthenticatePayload - Set the userId and password in the Authentication payload 
2024-11-30 17:39:22 [main] INFO  AuthenticateEndPointImpl - Received response with status code: 200
2024-11-30 17:39:22 [main] INFO  ApplySeverityLevel - severity lavel for succesfuly post method: normal 
2024-11-30 17:39:22 [main] INFO  AuthenticateMapper - Start the authenticate API Respons validation...
2024-11-30 17:39:22 [main] INFO  AuthenticateMapper - The student Program Status is: N
2024-11-30 17:39:22 [main] WARN  AuthenticateMapper - Field 'announcements' in JSON object is null or empty.
2024-11-30 17:39:22 [main] WARN  AuthenticateMapper - Field 'isStudent' in JSON object is null or empty.
2024-11-30 17:39:22 [main] WARN  AuthenticateMapper - Field 'personDetails' in JSON object is null or empty.
2024-11-30 17:39:22 [main] WARN  AuthenticateMapper - Field 'userBean' in JSON object is null or empty.
2024-11-30 17:39:22 [main] WARN  AuthenticateMapper - Field 'applicableSubjects' in JSON object is null or empty.
2024-11-30 17:39:22 [main] WARN  AuthenticateMapper - Field 'stukent' in JSON object is null or empty.
2024-11-30 17:39:22 [main] WARN  AuthenticateMapper - Field 'harvard' in JSON object is null or empty.
2024-11-30 17:39:22 [main] WARN  AuthenticateMapper - Field 'isLoginAsLead' in JSON object is null or empty.
2024-11-30 17:39:22 [main] WARN  AuthenticateMapper - Field 'csAdmin' in JSON object is null or empty.
2024-11-30 17:39:22 [main] WARN  AuthenticateMapper - Field 'errorMessage' in JSON object is null or empty.
2024-11-30 17:39:22 [main] WARN  AuthenticateMapper - Field 'currentSubjectCodeIds' in JSON object is null or empty.
2024-11-30 17:39:22 [main] INFO  AuthenticateMapper - validityEndDate successfully set: 2024/6/30
2024-11-30 17:39:22 [main] INFO  AuthenticateMapper - Validation completed successfully for POJO: AuthenticationModel
2024-11-30 17:39:22 [main] INFO  AuthenticateEndPointImpl - Sending Get request for authentication 
2024-11-30 17:39:22 [main] INFO  AuthenticatePayload - Set the userId and password in the Authentication payload 
2024-11-30 17:39:22 [main] INFO  AuthenticateEndPointImpl - Received response with status code: 405
2024-11-30 17:39:22 [main] INFO  ApplySeverityLevel - severity lavel: normal 
2024-11-30 17:39:22 [main] INFO  AuthenticateEndPointImpl - Sending DELETE request for authentication 
2024-11-30 17:39:22 [main] INFO  AuthenticatePayload - Set the userId and password in the Authentication payload 
2024-11-30 17:39:22 [main] INFO  AuthenticateEndPointImpl - Actual status code: 500
2024-11-30 17:39:22 [main] INFO  ApplySeverityLevel - severity lavel: critical 
2024-11-30 17:39:22 [main] INFO  AuthenticateEndPointImpl - Sending empty payload request for authentication 
2024-11-30 17:39:23 [main] INFO  AuthenticateEndPointImpl - Actual status code :405
2024-11-30 17:39:23 [main] INFO  AuthenticateEndPointImpl - Sending Invalid Payload request for authentication 
2024-11-30 17:39:23 [main] INFO  AuthenticateEndPointImpl - Actual status code :405
2024-11-30 17:39:23 [main] INFO  AuthenticateEndPointImpl - Sending Missing payload body request for authentication 
2024-11-30 17:39:23 [main] INFO  AuthenticatePayload - Set the userId and password in the Authentication payload 
2024-11-30 17:39:23 [main] INFO  AuthenticateEndPointImpl - Actual status code :401
2024-11-30 17:39:23 [main] INFO  GetVideosForHomeEndPointsImpl - Sending POST request to get videos for home header
2024-11-30 17:39:23 [main] INFO  GetVideosForHomeEndPointsImpl - Received response with status code: 200
2024-11-30 17:39:23 [main] INFO  ResponseContainerComman - isProgramCleared: N
2024-11-30 17:39:23 [main] ERROR DateValidations - Unexpected error while validating program end date: null
java.lang.NullPointerException: null
	at com.nmims.api.comman.ResponseContainerComman.programValidityEndDate(ResponseContainerComman.java:26) ~[classes/:?]
	at com.nmims.api.utilities.DateValidations.programEndDateValidation(DateValidations.java:28) ~[classes/:?]
	at com.nmims.api.Listener.SkipTestListener.skipTestForValidityEndAndProgramCleared(SkipTestListener.java:26) ~[classes/:?]
	at com.nmims.api.test.GetVideosForHomeTest.getVideosForHomePostHeaderTest(GetVideosForHomeTest.java:51) ~[classes/:?]
	at jdk.internal.reflect.NativeMethodAccessorImpl.invoke0(Native Method) ~[?:?]
	at jdk.internal.reflect.NativeMethodAccessorImpl.invoke(NativeMethodAccessorImpl.java:62) ~[?:?]
	at jdk.internal.reflect.DelegatingMethodAccessorImpl.invoke(DelegatingMethodAccessorImpl.java:43) ~[?:?]
	at java.lang.reflect.Method.invoke(Method.java:566) ~[?:?]
	at org.testng.internal.MethodInvocationHelper.invokeMethod(MethodInvocationHelper.java:133) ~[org.testng_7.4.0.r202105021533.jar:7.4.0]
	at org.testng.internal.TestInvoker.invokeMethod(TestInvoker.java:598) ~[org.testng_7.4.0.r202105021533.jar:7.4.0]
	at org.testng.internal.TestInvoker.invokeTestMethod(TestInvoker.java:173) ~[org.testng_7.4.0.r202105021533.jar:7.4.0]
	at org.testng.internal.MethodRunner.runInSequence(MethodRunner.java:46) ~[org.testng_7.4.0.r202105021533.jar:7.4.0]
	at org.testng.internal.TestInvoker$MethodInvocationAgent.invoke(TestInvoker.java:824) ~[org.testng_7.4.0.r202105021533.jar:7.4.0]
	at org.testng.internal.TestInvoker.invokeTestMethods(TestInvoker.java:146) ~[org.testng_7.4.0.r202105021533.jar:7.4.0]
	at org.testng.internal.TestMethodWorker.invokeTestMethods(TestMethodWorker.java:146) ~[org.testng_7.4.0.r202105021533.jar:7.4.0]
	at org.testng.internal.TestMethodWorker.run(TestMethodWorker.java:128) ~[org.testng_7.4.0.r202105021533.jar:7.4.0]
	at java.util.ArrayList.forEach(ArrayList.java:1541) ~[?:?]
	at org.testng.TestRunner.privateRun(TestRunner.java:794) ~[org.testng_7.4.0.r202105021533.jar:7.4.0]
	at org.testng.TestRunner.run(TestRunner.java:596) ~[org.testng_7.4.0.r202105021533.jar:7.4.0]
	at org.testng.SuiteRunner.runTest(SuiteRunner.java:377) ~[org.testng_7.4.0.r202105021533.jar:7.4.0]
	at org.testng.SuiteRunner.runSequentially(SuiteRunner.java:371) ~[org.testng_7.4.0.r202105021533.jar:7.4.0]
	at org.testng.SuiteRunner.privateRun(SuiteRunner.java:332) ~[org.testng_7.4.0.r202105021533.jar:7.4.0]
	at org.testng.SuiteRunner.run(SuiteRunner.java:276) ~[org.testng_7.4.0.r202105021533.jar:7.4.0]
	at org.testng.SuiteRunnerWorker.runSuite(SuiteRunnerWorker.java:53) ~[org.testng_7.4.0.r202105021533.jar:7.4.0]
	at org.testng.SuiteRunnerWorker.run(SuiteRunnerWorker.java:96) ~[org.testng_7.4.0.r202105021533.jar:7.4.0]
	at org.testng.TestNG.runSuitesSequentially(TestNG.java:1212) ~[org.testng_7.4.0.r202105021533.jar:7.4.0]
	at org.testng.TestNG.runSuitesLocally(TestNG.java:1134) ~[org.testng_7.4.0.r202105021533.jar:7.4.0]
	at org.testng.TestNG.runSuites(TestNG.java:1063) ~[org.testng_7.4.0.r202105021533.jar:7.4.0]
	at org.testng.TestNG.run(TestNG.java:1031) ~[org.testng_7.4.0.r202105021533.jar:7.4.0]
	at org.testng.remote.AbstractRemoteTestNG.run(AbstractRemoteTestNG.java:115) ~[testng-remote.jar:?]
	at org.testng.remote.RemoteTestNG.initAndRun(RemoteTestNG.java:293) ~[testng-remote.jar:?]
	at org.testng.remote.RemoteTestNG.main(RemoteTestNG.java:91) ~[testng-remote.jar:?]
2024-11-30 17:39:23 [main] INFO  ApplySeverityLevel - severity lavel for succesfuly post method: normal 
2024-11-30 17:39:23 [main] INFO  GetVideosForHomeMapper - Starting GetVideosForHomeResponsValidation method
2024-11-30 17:39:23 [main] INFO  JsonPojoArrayValidator - Starting validation of JSON array against POJO: GetVideosForHomeModel
2024-11-30 17:39:23 [main] WARN  JsonPojoArrayValidator - Field defaultVideo is present in POJO but missing in the JSON response.
2024-11-30 17:39:23 [main] WARN  JsonPojoArrayValidator - Field mobileUrlSd2 is present in POJO but missing in the JSON response.
2024-11-30 17:39:23 [main] WARN  JsonPojoArrayValidator - Field fileName is present in POJO but missing in the JSON response.
2024-11-30 17:39:23 [main] WARN  JsonPojoArrayValidator - Field keywords is present in POJO but missing in the JSON response.
2024-11-30 17:39:23 [main] WARN  JsonPojoArrayValidator - Field year is present in POJO but missing in the JSON response.
2024-11-30 17:39:23 [main] WARN  JsonPojoArrayValidator - Field errorRecord is present in POJO but missing in the JSON response.
2024-11-30 17:39:23 [main] WARN  JsonPojoArrayValidator - Field sessionDate is present in POJO but missing in the JSON response.
2024-11-30 17:39:23 [main] WARN  JsonPojoArrayValidator - Field subject is present in POJO but missing in the JSON response.
2024-11-30 17:39:23 [main] WARN  JsonPojoArrayValidator - Field mobileUrlSd1 is present in POJO but missing in the JSON response.
2024-11-30 17:39:23 [main] WARN  JsonPojoArrayValidator - Field description is present in POJO but missing in the JSON response.
2024-11-30 17:39:23 [main] WARN  JsonPojoArrayValidator - Field academicCycle is present in POJO but missing in the JSON response.
2024-11-30 17:39:23 [main] WARN  JsonPojoArrayValidator - Field type is present in POJO but missing in the JSON response.
2024-11-30 17:39:23 [main] WARN  JsonPojoArrayValidator - Field duration is present in POJO but missing in the JSON response.
2024-11-30 17:39:23 [main] WARN  JsonPojoArrayValidator - Field startTime is present in POJO but missing in the JSON response.
2024-11-30 17:39:23 [main] WARN  JsonPojoArrayValidator - Field id is present in POJO but missing in the JSON response.
2024-11-30 17:39:23 [main] WARN  JsonPojoArrayValidator - Field viewCount is present in POJO but missing in the JSON response.
2024-11-30 17:39:23 [main] WARN  JsonPojoArrayValidator - Field mobileUrl is present in POJO but missing in the JSON response.
2024-11-30 17:39:23 [main] WARN  JsonPojoArrayValidator - Field track is present in POJO but missing in the JSON response.
2024-11-30 17:39:23 [main] WARN  JsonPojoArrayValidator - Field thumbnailUrl is present in POJO but missing in the JSON response.
2024-11-30 17:39:23 [main] WARN  JsonPojoArrayValidator - Field sapId is present in POJO but missing in the JSON response.
2024-11-30 17:39:23 [main] WARN  JsonPojoArrayValidator - Field lastModifiedDate is present in POJO but missing in the JSON response.
2024-11-30 17:39:23 [main] WARN  JsonPojoArrayValidator - Field programSemSubjectId is present in POJO but missing in the JSON response.
2024-11-30 17:39:23 [main] WARN  JsonPojoArrayValidator - Field addedBy is present in POJO but missing in the JSON response.
2024-11-30 17:39:23 [main] WARN  JsonPojoArrayValidator - Field bookmarked is present in POJO but missing in the JSON response.
2024-11-30 17:39:23 [main] WARN  JsonPojoArrayValidator - Field lastModifiedBy is present in POJO but missing in the JSON response.
2024-11-30 17:39:23 [main] WARN  JsonPojoArrayValidator - Field errorMessage is present in POJO but missing in the JSON response.
2024-11-30 17:39:23 [main] WARN  JsonPojoArrayValidator - Field mobileUrlHd is present in POJO but missing in the JSON response.
2024-11-30 17:39:23 [main] WARN  JsonPojoArrayValidator - Field sessionId is present in POJO but missing in the JSON response.
2024-11-30 17:39:23 [main] WARN  JsonPojoArrayValidator - Field addedOn is present in POJO but missing in the JSON response.
2024-11-30 17:39:23 [main] WARN  JsonPojoArrayValidator - Field facultyId is present in POJO but missing in the JSON response.
2024-11-30 17:39:23 [main] WARN  JsonPojoArrayValidator - Field createdDate is present in POJO but missing in the JSON response.
2024-11-30 17:39:23 [main] WARN  JsonPojoArrayValidator - Field month is present in POJO but missing in the JSON response.
2024-11-30 17:39:23 [main] WARN  JsonPojoArrayValidator - Field createdBy is present in POJO but missing in the JSON response.
2024-11-30 17:39:23 [main] WARN  JsonPojoArrayValidator - Field parentVideoId is present in POJO but missing in the JSON response.
2024-11-30 17:39:23 [main] WARN  JsonPojoArrayValidator - Field videoLink is present in POJO but missing in the JSON response.
2024-11-30 17:39:23 [main] WARN  JsonPojoArrayValidator - Field endTime is present in POJO but missing in the JSON response.
2024-11-30 17:39:23 [main] WARN  JsonPojoArrayValidator - Field facultyName is present in POJO but missing in the JSON response.
2024-11-30 17:39:23 [main] WARN  JsonPojoArrayValidator - Field meetingKey is present in POJO but missing in the JSON response.
2024-11-30 17:39:23 [main] INFO  JsonPojoArrayValidator - Validation completed for POJO: GetVideosForHomeModel
2024-11-30 17:39:23 [main] INFO  GetVideosForHomeEndPointsImpl - Sending GET request to get videos for home header
2024-11-30 17:39:23 [main] INFO  GetVideosForHomeEndPointsImpl - Received response with status code: 405
2024-11-30 17:39:23 [main] INFO  ApplySeverityLevel - severity lavel: normal 
2024-11-30 17:39:23 [main] INFO  GetVideosForHomeEndPointsImpl - Sending DELETE request to get videos for home header
2024-11-30 17:39:23 [main] INFO  GetVideosForHomeEndPointsImpl - Received response with status code: 500
2024-11-30 17:39:23 [main] INFO  GetVideosForHomeEndPointsImpl - Sending Empty payload request to get videos for home header
2024-11-30 17:39:23 [main] INFO  GetVideosForHomeEndPointsImpl - Expected status code :405
2024-11-30 17:39:23 [main] INFO  GetVideosForHomeEndPointsImpl - Expected status code :405
2024-11-30 17:39:23 [main] INFO  GetVideosForHomeEndPointsImpl - Expected status code :200
2024-11-30 17:39:23 [main] INFO  ViewAssignmentsFormEndPointsImpl - Initiating POST request to view assignments form endpoint.
2024-11-30 17:39:23 [main] INFO  ViewAssignmentsFormEndPointsImpl - POST request completed with status code: 200
2024-11-30 17:39:23 [main] INFO  ResponseContainerComman - isProgramCleared: N
2024-11-30 17:39:23 [main] ERROR DateValidations - Unexpected error while validating program end date: null
java.lang.NullPointerException: null
	at com.nmims.api.comman.ResponseContainerComman.programValidityEndDate(ResponseContainerComman.java:26) ~[classes/:?]
	at com.nmims.api.utilities.DateValidations.programEndDateValidation(DateValidations.java:28) ~[classes/:?]
	at com.nmims.api.Listener.SkipTestListener.skipTestForValidityEndAndProgramCleared(SkipTestListener.java:26) ~[classes/:?]
	at com.nmims.api.test.ViewAssignmentsFormTest.viewAssignmentsFormPOSTHeaderTest(ViewAssignmentsFormTest.java:47) ~[classes/:?]
	at jdk.internal.reflect.NativeMethodAccessorImpl.invoke0(Native Method) ~[?:?]
	at jdk.internal.reflect.NativeMethodAccessorImpl.invoke(NativeMethodAccessorImpl.java:62) ~[?:?]
	at jdk.internal.reflect.DelegatingMethodAccessorImpl.invoke(DelegatingMethodAccessorImpl.java:43) ~[?:?]
	at java.lang.reflect.Method.invoke(Method.java:566) ~[?:?]
	at org.testng.internal.MethodInvocationHelper.invokeMethod(MethodInvocationHelper.java:133) ~[org.testng_7.4.0.r202105021533.jar:7.4.0]
	at org.testng.internal.TestInvoker.invokeMethod(TestInvoker.java:598) ~[org.testng_7.4.0.r202105021533.jar:7.4.0]
	at org.testng.internal.TestInvoker.invokeTestMethod(TestInvoker.java:173) ~[org.testng_7.4.0.r202105021533.jar:7.4.0]
	at org.testng.internal.MethodRunner.runInSequence(MethodRunner.java:46) ~[org.testng_7.4.0.r202105021533.jar:7.4.0]
	at org.testng.internal.TestInvoker$MethodInvocationAgent.invoke(TestInvoker.java:824) ~[org.testng_7.4.0.r202105021533.jar:7.4.0]
	at org.testng.internal.TestInvoker.invokeTestMethods(TestInvoker.java:146) ~[org.testng_7.4.0.r202105021533.jar:7.4.0]
	at org.testng.internal.TestMethodWorker.invokeTestMethods(TestMethodWorker.java:146) ~[org.testng_7.4.0.r202105021533.jar:7.4.0]
	at org.testng.internal.TestMethodWorker.run(TestMethodWorker.java:128) ~[org.testng_7.4.0.r202105021533.jar:7.4.0]
	at java.util.ArrayList.forEach(ArrayList.java:1541) ~[?:?]
	at org.testng.TestRunner.privateRun(TestRunner.java:794) ~[org.testng_7.4.0.r202105021533.jar:7.4.0]
	at org.testng.TestRunner.run(TestRunner.java:596) ~[org.testng_7.4.0.r202105021533.jar:7.4.0]
	at org.testng.SuiteRunner.runTest(SuiteRunner.java:377) ~[org.testng_7.4.0.r202105021533.jar:7.4.0]
	at org.testng.SuiteRunner.runSequentially(SuiteRunner.java:371) ~[org.testng_7.4.0.r202105021533.jar:7.4.0]
	at org.testng.SuiteRunner.privateRun(SuiteRunner.java:332) ~[org.testng_7.4.0.r202105021533.jar:7.4.0]
	at org.testng.SuiteRunner.run(SuiteRunner.java:276) ~[org.testng_7.4.0.r202105021533.jar:7.4.0]
	at org.testng.SuiteRunnerWorker.runSuite(SuiteRunnerWorker.java:53) ~[org.testng_7.4.0.r202105021533.jar:7.4.0]
	at org.testng.SuiteRunnerWorker.run(SuiteRunnerWorker.java:96) ~[org.testng_7.4.0.r202105021533.jar:7.4.0]
	at org.testng.TestNG.runSuitesSequentially(TestNG.java:1212) ~[org.testng_7.4.0.r202105021533.jar:7.4.0]
	at org.testng.TestNG.runSuitesLocally(TestNG.java:1134) ~[org.testng_7.4.0.r202105021533.jar:7.4.0]
	at org.testng.TestNG.runSuites(TestNG.java:1063) ~[org.testng_7.4.0.r202105021533.jar:7.4.0]
	at org.testng.TestNG.run(TestNG.java:1031) ~[org.testng_7.4.0.r202105021533.jar:7.4.0]
	at org.testng.remote.AbstractRemoteTestNG.run(AbstractRemoteTestNG.java:115) ~[testng-remote.jar:?]
	at org.testng.remote.RemoteTestNG.initAndRun(RemoteTestNG.java:293) ~[testng-remote.jar:?]
	at org.testng.remote.RemoteTestNG.main(RemoteTestNG.java:91) ~[testng-remote.jar:?]
2024-11-30 17:39:23 [main] INFO  ViewAssignmentsFormMpper - Starting validation of current semester assignments...
2024-11-30 17:39:23 [main] WARN  ViewAssignmentsFormMpper - Field 'null' has an null  value in the JSON response.
2024-11-30 17:39:23 [main] WARN  ViewAssignmentsFormMpper - Field 'month' has an invalid value in the JSON response.
2024-11-30 17:39:23 [main] WARN  ViewAssignmentsFormMpper - Field 'null' has an null  value in the JSON response.
2024-11-30 17:39:23 [main] WARN  ViewAssignmentsFormMpper - Field 'year' has an invalid value in the JSON response.
2024-11-30 17:39:23 [main] WARN  ViewAssignmentsFormMpper - Field 'null' has an null  value in the JSON response.
2024-11-30 17:39:23 [main] WARN  ViewAssignmentsFormMpper - Field 'currentYearList' has an invalid value in the JSON response.
2024-11-30 17:39:23 [main] WARN  ViewAssignmentsFormMpper - Field 'null' has an null  value in the JSON response.
2024-11-30 17:39:23 [main] WARN  ViewAssignmentsFormMpper - Field 'subjectList' has an invalid value in the JSON response.
2024-11-30 17:39:23 [main] WARN  ViewAssignmentsFormMpper - Field 'null' has an null  value in the JSON response.
2024-11-30 17:39:23 [main] WARN  ViewAssignmentsFormMpper - Field 'error' has an invalid value in the JSON response.
2024-11-30 17:39:23 [main] WARN  ViewAssignmentsFormMpper - Field 'null' has an null  value in the JSON response.
2024-11-30 17:39:23 [main] WARN  ViewAssignmentsFormMpper - Field 'yearMonth' has an invalid value in the JSON response.
2024-11-30 17:39:23 [main] WARN  ViewAssignmentsFormMpper - Field 'currentSemAssignmentFilesList' has an invalid value in the JSON response.
2024-11-30 17:39:23 [main] WARN  ViewAssignmentsFormMpper - Field 'null' has an null  value in the JSON response.
2024-11-30 17:39:23 [main] WARN  ViewAssignmentsFormMpper - Field 'success' has an invalid value in the JSON response.
2024-11-30 17:39:23 [main] WARN  ViewAssignmentsFormMpper - Field 'null' has an null  value in the JSON response.
2024-11-30 17:39:23 [main] WARN  ViewAssignmentsFormMpper - Field 'successMessage' has an invalid value in the JSON response.
2024-11-30 17:39:23 [main] WARN  ViewAssignmentsFormMpper - Field 'failSubjectsAssignmentFilesList' has an invalid value in the JSON response.
2024-11-30 17:39:23 [main] WARN  ViewAssignmentsFormMpper - Field 'null' has an null  value in the JSON response.
2024-11-30 17:39:23 [main] WARN  ViewAssignmentsFormMpper - Field 'currentSemEndDateTime' has an invalid value in the JSON response.
2024-11-30 17:39:23 [main] WARN  ViewAssignmentsFormMpper - Field 'null' has an null  value in the JSON response.
2024-11-30 17:39:23 [main] WARN  ViewAssignmentsFormMpper - Field 'failSubjectsEndDateTime' has an invalid value in the JSON response.
2024-11-30 17:39:23 [main] WARN  ViewAssignmentsFormMpper - Field 'null' has an null  value in the JSON response.
2024-11-30 17:39:23 [main] WARN  ViewAssignmentsFormMpper - Field 'timeExtendedStudentIdSubjectList' has an invalid value in the JSON response.
2024-11-30 17:39:23 [main] WARN  ViewAssignmentsFormMpper - Field 'null' has an null  value in the JSON response.
2024-11-30 17:39:23 [main] WARN  ViewAssignmentsFormMpper - Field 'applicableSubjects' has an invalid value in the JSON response.
2024-11-30 17:39:23 [main] WARN  ViewAssignmentsFormMpper - Field 'null' has an null  value in the JSON response.
2024-11-30 17:39:23 [main] WARN  ViewAssignmentsFormMpper - Field 'subjectsNotAllowedToSubmit' has an invalid value in the JSON response.
2024-11-30 17:39:23 [main] WARN  ViewAssignmentsFormMpper - Field 'null' has an null  value in the JSON response.
2024-11-30 17:39:23 [main] WARN  ViewAssignmentsFormMpper - Field 'assignmentFile' has an invalid value in the JSON response.
2024-11-30 17:39:23 [main] WARN  ViewAssignmentsFormMpper - Field 'null' has an null  value in the JSON response.
2024-11-30 17:39:23 [main] WARN  ViewAssignmentsFormMpper - Field 'subject' has an invalid value in the JSON response.
2024-11-30 17:39:23 [main] WARN  ViewAssignmentsFormMpper - Field 'null' has an null  value in the JSON response.
2024-11-30 17:39:23 [main] WARN  ViewAssignmentsFormMpper - Field 'allAssignmentFilesList' has an invalid value in the JSON response.
2024-11-30 17:39:23 [main] WARN  ViewAssignmentsFormMpper - Field 'null' has an null  value in the JSON response.
2024-11-30 17:39:23 [main] WARN  ViewAssignmentsFormMpper - Field 'errorMessage' has an invalid value in the JSON response.
2024-11-30 17:39:23 [main] INFO  ViewAssignmentsFormMpper - Validation of assignment files list completed successfully.
2024-11-30 17:39:23 [main] INFO  ApplySeverityLevel - severity lavel: minor 
2024-11-30 17:39:23 [main] INFO  ViewAssignmentsFormEndPointsImpl - Initiating GET request to view assignments form endpoint.
2024-11-30 17:39:23 [main] INFO  ViewAssignmentsFormEndPointsImpl - GET request completed with status code: 405
2024-11-30 17:39:23 [main] INFO  ApplySeverityLevel - severity lavel: normal 
2024-11-30 17:39:23 [main] INFO  ViewAssignmentsFormEndPointsImpl - Initiating DELETE request to view assignments form endpoint.
2024-11-30 17:39:24 [main] INFO  ViewAssignmentsFormEndPointsImpl - DELETE request completed with status code: 500
2024-11-30 17:39:24 [main] INFO  ViewAssignmentsFormEndPointsImpl - Actual status code :400
2024-11-30 17:39:24 [main] INFO  ViewAssignmentsFormEndPointsImpl - Actual status code :400
2024-11-30 17:40:46 [main] INFO  AuthenticateEndPointImpl - Sending POST request for authentication .
2024-11-30 17:40:46 [main] INFO  AuthenticatePayload - Set the userId and password in the Authentication payload 
2024-11-30 17:40:47 [main] INFO  AuthenticateEndPointImpl - Received response with status code: 200
2024-11-30 17:40:47 [main] INFO  ApplySeverityLevel - severity lavel for succesfuly post method: normal 
2024-11-30 17:40:47 [main] INFO  AuthenticateMapper - Start the authenticate API Respons validation...
2024-11-30 17:40:47 [main] INFO  AuthenticateMapper - The student Program Status is: N
2024-11-30 17:40:47 [main] WARN  AuthenticateMapper - Field 'announcements' in JSON object is null or empty.
2024-11-30 17:40:47 [main] WARN  AuthenticateMapper - Field 'isStudent' in JSON object is null or empty.
2024-11-30 17:40:47 [main] WARN  AuthenticateMapper - Field 'personDetails' in JSON object is null or empty.
2024-11-30 17:40:47 [main] WARN  AuthenticateMapper - Field 'userBean' in JSON object is null or empty.
2024-11-30 17:40:47 [main] WARN  AuthenticateMapper - Field 'applicableSubjects' in JSON object is null or empty.
2024-11-30 17:40:47 [main] WARN  AuthenticateMapper - Field 'stukent' in JSON object is null or empty.
2024-11-30 17:40:47 [main] WARN  AuthenticateMapper - Field 'harvard' in JSON object is null or empty.
2024-11-30 17:40:47 [main] WARN  AuthenticateMapper - Field 'isLoginAsLead' in JSON object is null or empty.
2024-11-30 17:40:47 [main] WARN  AuthenticateMapper - Field 'csAdmin' in JSON object is null or empty.
2024-11-30 17:40:47 [main] WARN  AuthenticateMapper - Field 'errorMessage' in JSON object is null or empty.
2024-11-30 17:40:47 [main] WARN  AuthenticateMapper - Field 'currentSubjectCodeIds' in JSON object is null or empty.
2024-11-30 17:40:47 [main] INFO  AuthenticateMapper - validityEndDate successfully set: 2024/6/30
2024-11-30 17:40:47 [main] INFO  AuthenticateMapper - Validation completed successfully for POJO: AuthenticationModel
2024-11-30 17:40:47 [main] INFO  AuthenticateEndPointImpl - Sending Get request for authentication 
2024-11-30 17:40:47 [main] INFO  AuthenticatePayload - Set the userId and password in the Authentication payload 
2024-11-30 17:40:47 [main] INFO  AuthenticateEndPointImpl - Received response with status code: 405
2024-11-30 17:40:47 [main] INFO  ApplySeverityLevel - severity lavel: normal 
2024-11-30 17:40:47 [main] INFO  AuthenticateEndPointImpl - Sending DELETE request for authentication 
2024-11-30 17:40:47 [main] INFO  AuthenticatePayload - Set the userId and password in the Authentication payload 
2024-11-30 17:40:47 [main] INFO  AuthenticateEndPointImpl - Actual status code: 500
2024-11-30 17:40:47 [main] INFO  ApplySeverityLevel - severity lavel: critical 
2024-11-30 17:40:47 [main] INFO  AuthenticateEndPointImpl - Sending empty payload request for authentication 
2024-11-30 17:40:48 [main] INFO  AuthenticateEndPointImpl - Actual status code :405
2024-11-30 17:40:48 [main] INFO  AuthenticateEndPointImpl - Sending Invalid Payload request for authentication 
2024-11-30 17:40:48 [main] INFO  AuthenticateEndPointImpl - Actual status code :405
2024-11-30 17:40:48 [main] INFO  AuthenticateEndPointImpl - Sending Missing payload body request for authentication 
2024-11-30 17:40:48 [main] INFO  AuthenticatePayload - Set the userId and password in the Authentication payload 
2024-11-30 17:40:48 [main] INFO  AuthenticateEndPointImpl - Actual status code :401
2024-11-30 17:40:48 [main] INFO  GetVideosForHomeEndPointsImpl - Sending POST request to get videos for home header
2024-11-30 17:40:48 [main] INFO  GetVideosForHomeEndPointsImpl - Received response with status code: 200
2024-11-30 17:40:48 [main] INFO  ResponseContainerComman - isProgramCleared: N
2024-11-30 17:40:48 [main] ERROR DateValidations - Error parsing the program end date '2024/6/30': Text '2024/6/30' could not be parsed at index 5
java.time.format.DateTimeParseException: Text '2024/6/30' could not be parsed at index 5
	at java.time.format.DateTimeFormatter.parseResolved0(DateTimeFormatter.java:2046) ~[?:?]
	at java.time.format.DateTimeFormatter.parse(DateTimeFormatter.java:1948) ~[?:?]
	at java.time.LocalDate.parse(LocalDate.java:428) ~[?:?]
	at com.nmims.api.utilities.DateValidations.programEndDateValidation(DateValidations.java:47) ~[classes/:?]
	at com.nmims.api.Listener.SkipTestListener.skipTestForValidityEndAndProgramCleared(SkipTestListener.java:26) ~[classes/:?]
	at com.nmims.api.test.GetVideosForHomeTest.getVideosForHomePostHeaderTest(GetVideosForHomeTest.java:51) ~[classes/:?]
	at jdk.internal.reflect.NativeMethodAccessorImpl.invoke0(Native Method) ~[?:?]
	at jdk.internal.reflect.NativeMethodAccessorImpl.invoke(NativeMethodAccessorImpl.java:62) ~[?:?]
	at jdk.internal.reflect.DelegatingMethodAccessorImpl.invoke(DelegatingMethodAccessorImpl.java:43) ~[?:?]
	at java.lang.reflect.Method.invoke(Method.java:566) ~[?:?]
	at org.testng.internal.MethodInvocationHelper.invokeMethod(MethodInvocationHelper.java:133) ~[org.testng_7.4.0.r202105021533.jar:7.4.0]
	at org.testng.internal.TestInvoker.invokeMethod(TestInvoker.java:598) ~[org.testng_7.4.0.r202105021533.jar:7.4.0]
	at org.testng.internal.TestInvoker.invokeTestMethod(TestInvoker.java:173) ~[org.testng_7.4.0.r202105021533.jar:7.4.0]
	at org.testng.internal.MethodRunner.runInSequence(MethodRunner.java:46) ~[org.testng_7.4.0.r202105021533.jar:7.4.0]
	at org.testng.internal.TestInvoker$MethodInvocationAgent.invoke(TestInvoker.java:824) ~[org.testng_7.4.0.r202105021533.jar:7.4.0]
	at org.testng.internal.TestInvoker.invokeTestMethods(TestInvoker.java:146) ~[org.testng_7.4.0.r202105021533.jar:7.4.0]
	at org.testng.internal.TestMethodWorker.invokeTestMethods(TestMethodWorker.java:146) ~[org.testng_7.4.0.r202105021533.jar:7.4.0]
	at org.testng.internal.TestMethodWorker.run(TestMethodWorker.java:128) ~[org.testng_7.4.0.r202105021533.jar:7.4.0]
	at java.util.ArrayList.forEach(ArrayList.java:1541) ~[?:?]
	at org.testng.TestRunner.privateRun(TestRunner.java:794) ~[org.testng_7.4.0.r202105021533.jar:7.4.0]
	at org.testng.TestRunner.run(TestRunner.java:596) ~[org.testng_7.4.0.r202105021533.jar:7.4.0]
	at org.testng.SuiteRunner.runTest(SuiteRunner.java:377) ~[org.testng_7.4.0.r202105021533.jar:7.4.0]
	at org.testng.SuiteRunner.runSequentially(SuiteRunner.java:371) ~[org.testng_7.4.0.r202105021533.jar:7.4.0]
	at org.testng.SuiteRunner.privateRun(SuiteRunner.java:332) ~[org.testng_7.4.0.r202105021533.jar:7.4.0]
	at org.testng.SuiteRunner.run(SuiteRunner.java:276) ~[org.testng_7.4.0.r202105021533.jar:7.4.0]
	at org.testng.SuiteRunnerWorker.runSuite(SuiteRunnerWorker.java:53) ~[org.testng_7.4.0.r202105021533.jar:7.4.0]
	at org.testng.SuiteRunnerWorker.run(SuiteRunnerWorker.java:96) ~[org.testng_7.4.0.r202105021533.jar:7.4.0]
	at org.testng.TestNG.runSuitesSequentially(TestNG.java:1212) ~[org.testng_7.4.0.r202105021533.jar:7.4.0]
	at org.testng.TestNG.runSuitesLocally(TestNG.java:1134) ~[org.testng_7.4.0.r202105021533.jar:7.4.0]
	at org.testng.TestNG.runSuites(TestNG.java:1063) ~[org.testng_7.4.0.r202105021533.jar:7.4.0]
	at org.testng.TestNG.run(TestNG.java:1031) ~[org.testng_7.4.0.r202105021533.jar:7.4.0]
	at org.testng.remote.AbstractRemoteTestNG.run(AbstractRemoteTestNG.java:115) ~[testng-remote.jar:?]
	at org.testng.remote.RemoteTestNG.initAndRun(RemoteTestNG.java:293) ~[testng-remote.jar:?]
	at org.testng.remote.RemoteTestNG.main(RemoteTestNG.java:91) ~[testng-remote.jar:?]
2024-11-30 17:40:48 [main] INFO  ApplySeverityLevel - severity lavel for succesfuly post method: normal 
2024-11-30 17:40:48 [main] INFO  GetVideosForHomeMapper - Starting GetVideosForHomeResponsValidation method
2024-11-30 17:40:48 [main] INFO  JsonPojoArrayValidator - Starting validation of JSON array against POJO: GetVideosForHomeModel
2024-11-30 17:40:48 [main] WARN  JsonPojoArrayValidator - Field defaultVideo is present in POJO but missing in the JSON response.
2024-11-30 17:40:48 [main] WARN  JsonPojoArrayValidator - Field mobileUrlSd2 is present in POJO but missing in the JSON response.
2024-11-30 17:40:48 [main] WARN  JsonPojoArrayValidator - Field fileName is present in POJO but missing in the JSON response.
2024-11-30 17:40:48 [main] WARN  JsonPojoArrayValidator - Field keywords is present in POJO but missing in the JSON response.
2024-11-30 17:40:48 [main] WARN  JsonPojoArrayValidator - Field year is present in POJO but missing in the JSON response.
2024-11-30 17:40:48 [main] WARN  JsonPojoArrayValidator - Field errorRecord is present in POJO but missing in the JSON response.
2024-11-30 17:40:48 [main] WARN  JsonPojoArrayValidator - Field sessionDate is present in POJO but missing in the JSON response.
2024-11-30 17:40:48 [main] WARN  JsonPojoArrayValidator - Field subject is present in POJO but missing in the JSON response.
2024-11-30 17:40:48 [main] WARN  JsonPojoArrayValidator - Field mobileUrlSd1 is present in POJO but missing in the JSON response.
2024-11-30 17:40:48 [main] WARN  JsonPojoArrayValidator - Field description is present in POJO but missing in the JSON response.
2024-11-30 17:40:48 [main] WARN  JsonPojoArrayValidator - Field academicCycle is present in POJO but missing in the JSON response.
2024-11-30 17:40:48 [main] WARN  JsonPojoArrayValidator - Field type is present in POJO but missing in the JSON response.
2024-11-30 17:40:48 [main] WARN  JsonPojoArrayValidator - Field duration is present in POJO but missing in the JSON response.
2024-11-30 17:40:48 [main] WARN  JsonPojoArrayValidator - Field startTime is present in POJO but missing in the JSON response.
2024-11-30 17:40:48 [main] WARN  JsonPojoArrayValidator - Field id is present in POJO but missing in the JSON response.
2024-11-30 17:40:48 [main] WARN  JsonPojoArrayValidator - Field viewCount is present in POJO but missing in the JSON response.
2024-11-30 17:40:48 [main] WARN  JsonPojoArrayValidator - Field mobileUrl is present in POJO but missing in the JSON response.
2024-11-30 17:40:48 [main] WARN  JsonPojoArrayValidator - Field track is present in POJO but missing in the JSON response.
2024-11-30 17:40:48 [main] WARN  JsonPojoArrayValidator - Field thumbnailUrl is present in POJO but missing in the JSON response.
2024-11-30 17:40:48 [main] WARN  JsonPojoArrayValidator - Field sapId is present in POJO but missing in the JSON response.
2024-11-30 17:40:48 [main] WARN  JsonPojoArrayValidator - Field lastModifiedDate is present in POJO but missing in the JSON response.
2024-11-30 17:40:48 [main] WARN  JsonPojoArrayValidator - Field programSemSubjectId is present in POJO but missing in the JSON response.
2024-11-30 17:40:48 [main] WARN  JsonPojoArrayValidator - Field addedBy is present in POJO but missing in the JSON response.
2024-11-30 17:40:48 [main] WARN  JsonPojoArrayValidator - Field bookmarked is present in POJO but missing in the JSON response.
2024-11-30 17:40:48 [main] WARN  JsonPojoArrayValidator - Field lastModifiedBy is present in POJO but missing in the JSON response.
2024-11-30 17:40:48 [main] WARN  JsonPojoArrayValidator - Field errorMessage is present in POJO but missing in the JSON response.
2024-11-30 17:40:48 [main] WARN  JsonPojoArrayValidator - Field mobileUrlHd is present in POJO but missing in the JSON response.
2024-11-30 17:40:48 [main] WARN  JsonPojoArrayValidator - Field sessionId is present in POJO but missing in the JSON response.
2024-11-30 17:40:48 [main] WARN  JsonPojoArrayValidator - Field addedOn is present in POJO but missing in the JSON response.
2024-11-30 17:40:48 [main] WARN  JsonPojoArrayValidator - Field facultyId is present in POJO but missing in the JSON response.
2024-11-30 17:40:48 [main] WARN  JsonPojoArrayValidator - Field createdDate is present in POJO but missing in the JSON response.
2024-11-30 17:40:48 [main] WARN  JsonPojoArrayValidator - Field month is present in POJO but missing in the JSON response.
2024-11-30 17:40:48 [main] WARN  JsonPojoArrayValidator - Field createdBy is present in POJO but missing in the JSON response.
2024-11-30 17:40:48 [main] WARN  JsonPojoArrayValidator - Field parentVideoId is present in POJO but missing in the JSON response.
2024-11-30 17:40:48 [main] WARN  JsonPojoArrayValidator - Field videoLink is present in POJO but missing in the JSON response.
2024-11-30 17:40:48 [main] WARN  JsonPojoArrayValidator - Field endTime is present in POJO but missing in the JSON response.
2024-11-30 17:40:48 [main] WARN  JsonPojoArrayValidator - Field facultyName is present in POJO but missing in the JSON response.
2024-11-30 17:40:48 [main] WARN  JsonPojoArrayValidator - Field meetingKey is present in POJO but missing in the JSON response.
2024-11-30 17:40:48 [main] INFO  JsonPojoArrayValidator - Validation completed for POJO: GetVideosForHomeModel
2024-11-30 17:40:48 [main] INFO  GetVideosForHomeEndPointsImpl - Sending GET request to get videos for home header
2024-11-30 17:40:48 [main] INFO  GetVideosForHomeEndPointsImpl - Received response with status code: 405
2024-11-30 17:40:48 [main] INFO  ApplySeverityLevel - severity lavel: normal 
2024-11-30 17:40:48 [main] INFO  GetVideosForHomeEndPointsImpl - Sending DELETE request to get videos for home header
2024-11-30 17:40:48 [main] INFO  GetVideosForHomeEndPointsImpl - Received response with status code: 500
2024-11-30 17:40:48 [main] INFO  GetVideosForHomeEndPointsImpl - Sending Empty payload request to get videos for home header
2024-11-30 17:40:48 [main] INFO  GetVideosForHomeEndPointsImpl - Expected status code :405
2024-11-30 17:40:48 [main] INFO  GetVideosForHomeEndPointsImpl - Expected status code :405
2024-11-30 17:40:49 [main] INFO  GetVideosForHomeEndPointsImpl - Expected status code :200
2024-11-30 17:40:49 [main] INFO  ViewAssignmentsFormEndPointsImpl - Initiating POST request to view assignments form endpoint.
2024-11-30 17:40:49 [main] INFO  ViewAssignmentsFormEndPointsImpl - POST request completed with status code: 200
2024-11-30 17:40:49 [main] INFO  ResponseContainerComman - isProgramCleared: N
2024-11-30 17:40:49 [main] ERROR DateValidations - Error parsing the program end date '2024/6/30': Text '2024/6/30' could not be parsed at index 5
java.time.format.DateTimeParseException: Text '2024/6/30' could not be parsed at index 5
	at java.time.format.DateTimeFormatter.parseResolved0(DateTimeFormatter.java:2046) ~[?:?]
	at java.time.format.DateTimeFormatter.parse(DateTimeFormatter.java:1948) ~[?:?]
	at java.time.LocalDate.parse(LocalDate.java:428) ~[?:?]
	at com.nmims.api.utilities.DateValidations.programEndDateValidation(DateValidations.java:47) ~[classes/:?]
	at com.nmims.api.Listener.SkipTestListener.skipTestForValidityEndAndProgramCleared(SkipTestListener.java:26) ~[classes/:?]
	at com.nmims.api.test.ViewAssignmentsFormTest.viewAssignmentsFormPOSTHeaderTest(ViewAssignmentsFormTest.java:47) ~[classes/:?]
	at jdk.internal.reflect.NativeMethodAccessorImpl.invoke0(Native Method) ~[?:?]
	at jdk.internal.reflect.NativeMethodAccessorImpl.invoke(NativeMethodAccessorImpl.java:62) ~[?:?]
	at jdk.internal.reflect.DelegatingMethodAccessorImpl.invoke(DelegatingMethodAccessorImpl.java:43) ~[?:?]
	at java.lang.reflect.Method.invoke(Method.java:566) ~[?:?]
	at org.testng.internal.MethodInvocationHelper.invokeMethod(MethodInvocationHelper.java:133) ~[org.testng_7.4.0.r202105021533.jar:7.4.0]
	at org.testng.internal.TestInvoker.invokeMethod(TestInvoker.java:598) ~[org.testng_7.4.0.r202105021533.jar:7.4.0]
	at org.testng.internal.TestInvoker.invokeTestMethod(TestInvoker.java:173) ~[org.testng_7.4.0.r202105021533.jar:7.4.0]
	at org.testng.internal.MethodRunner.runInSequence(MethodRunner.java:46) ~[org.testng_7.4.0.r202105021533.jar:7.4.0]
	at org.testng.internal.TestInvoker$MethodInvocationAgent.invoke(TestInvoker.java:824) ~[org.testng_7.4.0.r202105021533.jar:7.4.0]
	at org.testng.internal.TestInvoker.invokeTestMethods(TestInvoker.java:146) ~[org.testng_7.4.0.r202105021533.jar:7.4.0]
	at org.testng.internal.TestMethodWorker.invokeTestMethods(TestMethodWorker.java:146) ~[org.testng_7.4.0.r202105021533.jar:7.4.0]
	at org.testng.internal.TestMethodWorker.run(TestMethodWorker.java:128) ~[org.testng_7.4.0.r202105021533.jar:7.4.0]
	at java.util.ArrayList.forEach(ArrayList.java:1541) ~[?:?]
	at org.testng.TestRunner.privateRun(TestRunner.java:794) ~[org.testng_7.4.0.r202105021533.jar:7.4.0]
	at org.testng.TestRunner.run(TestRunner.java:596) ~[org.testng_7.4.0.r202105021533.jar:7.4.0]
	at org.testng.SuiteRunner.runTest(SuiteRunner.java:377) ~[org.testng_7.4.0.r202105021533.jar:7.4.0]
	at org.testng.SuiteRunner.runSequentially(SuiteRunner.java:371) ~[org.testng_7.4.0.r202105021533.jar:7.4.0]
	at org.testng.SuiteRunner.privateRun(SuiteRunner.java:332) ~[org.testng_7.4.0.r202105021533.jar:7.4.0]
	at org.testng.SuiteRunner.run(SuiteRunner.java:276) ~[org.testng_7.4.0.r202105021533.jar:7.4.0]
	at org.testng.SuiteRunnerWorker.runSuite(SuiteRunnerWorker.java:53) ~[org.testng_7.4.0.r202105021533.jar:7.4.0]
	at org.testng.SuiteRunnerWorker.run(SuiteRunnerWorker.java:96) ~[org.testng_7.4.0.r202105021533.jar:7.4.0]
	at org.testng.TestNG.runSuitesSequentially(TestNG.java:1212) ~[org.testng_7.4.0.r202105021533.jar:7.4.0]
	at org.testng.TestNG.runSuitesLocally(TestNG.java:1134) ~[org.testng_7.4.0.r202105021533.jar:7.4.0]
	at org.testng.TestNG.runSuites(TestNG.java:1063) ~[org.testng_7.4.0.r202105021533.jar:7.4.0]
	at org.testng.TestNG.run(TestNG.java:1031) ~[org.testng_7.4.0.r202105021533.jar:7.4.0]
	at org.testng.remote.AbstractRemoteTestNG.run(AbstractRemoteTestNG.java:115) ~[testng-remote.jar:?]
	at org.testng.remote.RemoteTestNG.initAndRun(RemoteTestNG.java:293) ~[testng-remote.jar:?]
	at org.testng.remote.RemoteTestNG.main(RemoteTestNG.java:91) ~[testng-remote.jar:?]
2024-11-30 17:40:49 [main] INFO  ViewAssignmentsFormMpper - Starting validation of current semester assignments...
2024-11-30 17:40:49 [main] WARN  ViewAssignmentsFormMpper - Field 'null' has an null  value in the JSON response.
2024-11-30 17:40:49 [main] WARN  ViewAssignmentsFormMpper - Field 'month' has an invalid value in the JSON response.
2024-11-30 17:40:49 [main] WARN  ViewAssignmentsFormMpper - Field 'null' has an null  value in the JSON response.
2024-11-30 17:40:49 [main] WARN  ViewAssignmentsFormMpper - Field 'year' has an invalid value in the JSON response.
2024-11-30 17:40:49 [main] WARN  ViewAssignmentsFormMpper - Field 'null' has an null  value in the JSON response.
2024-11-30 17:40:49 [main] WARN  ViewAssignmentsFormMpper - Field 'currentYearList' has an invalid value in the JSON response.
2024-11-30 17:40:49 [main] WARN  ViewAssignmentsFormMpper - Field 'null' has an null  value in the JSON response.
2024-11-30 17:40:49 [main] WARN  ViewAssignmentsFormMpper - Field 'subjectList' has an invalid value in the JSON response.
2024-11-30 17:40:49 [main] WARN  ViewAssignmentsFormMpper - Field 'null' has an null  value in the JSON response.
2024-11-30 17:40:49 [main] WARN  ViewAssignmentsFormMpper - Field 'error' has an invalid value in the JSON response.
2024-11-30 17:40:49 [main] WARN  ViewAssignmentsFormMpper - Field 'null' has an null  value in the JSON response.
2024-11-30 17:40:49 [main] WARN  ViewAssignmentsFormMpper - Field 'yearMonth' has an invalid value in the JSON response.
2024-11-30 17:40:49 [main] WARN  ViewAssignmentsFormMpper - Field 'currentSemAssignmentFilesList' has an invalid value in the JSON response.
2024-11-30 17:40:49 [main] WARN  ViewAssignmentsFormMpper - Field 'null' has an null  value in the JSON response.
2024-11-30 17:40:49 [main] WARN  ViewAssignmentsFormMpper - Field 'success' has an invalid value in the JSON response.
2024-11-30 17:40:49 [main] WARN  ViewAssignmentsFormMpper - Field 'null' has an null  value in the JSON response.
2024-11-30 17:40:49 [main] WARN  ViewAssignmentsFormMpper - Field 'successMessage' has an invalid value in the JSON response.
2024-11-30 17:40:49 [main] WARN  ViewAssignmentsFormMpper - Field 'failSubjectsAssignmentFilesList' has an invalid value in the JSON response.
2024-11-30 17:40:49 [main] WARN  ViewAssignmentsFormMpper - Field 'null' has an null  value in the JSON response.
2024-11-30 17:40:49 [main] WARN  ViewAssignmentsFormMpper - Field 'currentSemEndDateTime' has an invalid value in the JSON response.
2024-11-30 17:40:49 [main] WARN  ViewAssignmentsFormMpper - Field 'null' has an null  value in the JSON response.
2024-11-30 17:40:49 [main] WARN  ViewAssignmentsFormMpper - Field 'failSubjectsEndDateTime' has an invalid value in the JSON response.
2024-11-30 17:40:49 [main] WARN  ViewAssignmentsFormMpper - Field 'null' has an null  value in the JSON response.
2024-11-30 17:40:49 [main] WARN  ViewAssignmentsFormMpper - Field 'timeExtendedStudentIdSubjectList' has an invalid value in the JSON response.
2024-11-30 17:40:49 [main] WARN  ViewAssignmentsFormMpper - Field 'null' has an null  value in the JSON response.
2024-11-30 17:40:49 [main] WARN  ViewAssignmentsFormMpper - Field 'applicableSubjects' has an invalid value in the JSON response.
2024-11-30 17:40:49 [main] WARN  ViewAssignmentsFormMpper - Field 'null' has an null  value in the JSON response.
2024-11-30 17:40:49 [main] WARN  ViewAssignmentsFormMpper - Field 'subjectsNotAllowedToSubmit' has an invalid value in the JSON response.
2024-11-30 17:40:49 [main] WARN  ViewAssignmentsFormMpper - Field 'null' has an null  value in the JSON response.
2024-11-30 17:40:49 [main] WARN  ViewAssignmentsFormMpper - Field 'assignmentFile' has an invalid value in the JSON response.
2024-11-30 17:40:49 [main] WARN  ViewAssignmentsFormMpper - Field 'null' has an null  value in the JSON response.
2024-11-30 17:40:49 [main] WARN  ViewAssignmentsFormMpper - Field 'subject' has an invalid value in the JSON response.
2024-11-30 17:40:49 [main] WARN  ViewAssignmentsFormMpper - Field 'null' has an null  value in the JSON response.
2024-11-30 17:40:49 [main] WARN  ViewAssignmentsFormMpper - Field 'allAssignmentFilesList' has an invalid value in the JSON response.
2024-11-30 17:40:49 [main] WARN  ViewAssignmentsFormMpper - Field 'null' has an null  value in the JSON response.
2024-11-30 17:40:49 [main] WARN  ViewAssignmentsFormMpper - Field 'errorMessage' has an invalid value in the JSON response.
2024-11-30 17:40:49 [main] INFO  ViewAssignmentsFormMpper - Validation of assignment files list completed successfully.
2024-11-30 17:40:49 [main] INFO  ApplySeverityLevel - severity lavel: minor 
2024-11-30 17:40:49 [main] INFO  ViewAssignmentsFormEndPointsImpl - Initiating GET request to view assignments form endpoint.
2024-11-30 17:40:49 [main] INFO  ViewAssignmentsFormEndPointsImpl - GET request completed with status code: 405
2024-11-30 17:40:49 [main] INFO  ApplySeverityLevel - severity lavel: normal 
2024-11-30 17:40:49 [main] INFO  ViewAssignmentsFormEndPointsImpl - Initiating DELETE request to view assignments form endpoint.
2024-11-30 17:40:49 [main] INFO  ViewAssignmentsFormEndPointsImpl - DELETE request completed with status code: 500
2024-11-30 17:40:49 [main] INFO  ViewAssignmentsFormEndPointsImpl - Actual status code :400
2024-11-30 17:40:49 [main] INFO  ViewAssignmentsFormEndPointsImpl - Actual status code :400
2024-11-30 17:44:52 [main] INFO  AuthenticateEndPointImpl - Sending POST request for authentication .
2024-11-30 17:44:52 [main] INFO  AuthenticatePayload - Set the userId and password in the Authentication payload 
2024-11-30 17:44:53 [main] INFO  AuthenticateEndPointImpl - Received response with status code: 200
2024-11-30 17:44:53 [main] INFO  ApplySeverityLevel - severity lavel for succesfuly post method: normal 
2024-11-30 17:44:53 [main] INFO  AuthenticateMapper - Start the authenticate API Respons validation...
2024-11-30 17:44:53 [main] INFO  AuthenticateMapper - The student Program Status is: N
2024-11-30 17:44:53 [main] WARN  AuthenticateMapper - Field 'announcements' in JSON object is null or empty.
2024-11-30 17:44:53 [main] WARN  AuthenticateMapper - Field 'isStudent' in JSON object is null or empty.
2024-11-30 17:44:53 [main] WARN  AuthenticateMapper - Field 'personDetails' in JSON object is null or empty.
2024-11-30 17:44:53 [main] WARN  AuthenticateMapper - Field 'userBean' in JSON object is null or empty.
2024-11-30 17:44:53 [main] WARN  AuthenticateMapper - Field 'applicableSubjects' in JSON object is null or empty.
2024-11-30 17:44:53 [main] WARN  AuthenticateMapper - Field 'stukent' in JSON object is null or empty.
2024-11-30 17:44:53 [main] WARN  AuthenticateMapper - Field 'harvard' in JSON object is null or empty.
2024-11-30 17:44:53 [main] WARN  AuthenticateMapper - Field 'isLoginAsLead' in JSON object is null or empty.
2024-11-30 17:44:53 [main] WARN  AuthenticateMapper - Field 'csAdmin' in JSON object is null or empty.
2024-11-30 17:44:53 [main] WARN  AuthenticateMapper - Field 'errorMessage' in JSON object is null or empty.
2024-11-30 17:44:53 [main] WARN  AuthenticateMapper - Field 'currentSubjectCodeIds' in JSON object is null or empty.
2024-11-30 17:44:53 [main] INFO  AuthenticateMapper - validityEndDate successfully set: 2024/6/30
2024-11-30 17:44:53 [main] INFO  AuthenticateMapper - Validation completed successfully for POJO: AuthenticationModel
2024-11-30 17:44:53 [main] INFO  AuthenticateEndPointImpl - Sending Get request for authentication 
2024-11-30 17:44:53 [main] INFO  AuthenticatePayload - Set the userId and password in the Authentication payload 
2024-11-30 17:44:53 [main] INFO  AuthenticateEndPointImpl - Received response with status code: 405
2024-11-30 17:44:53 [main] INFO  ApplySeverityLevel - severity lavel: normal 
2024-11-30 17:44:53 [main] INFO  AuthenticateEndPointImpl - Sending DELETE request for authentication 
2024-11-30 17:44:53 [main] INFO  AuthenticatePayload - Set the userId and password in the Authentication payload 
2024-11-30 17:44:53 [main] INFO  AuthenticateEndPointImpl - Actual status code: 500
2024-11-30 17:44:53 [main] INFO  ApplySeverityLevel - severity lavel: critical 
2024-11-30 17:44:53 [main] INFO  AuthenticateEndPointImpl - Sending empty payload request for authentication 
2024-11-30 17:44:53 [main] INFO  AuthenticateEndPointImpl - Actual status code :405
2024-11-30 17:44:53 [main] INFO  AuthenticateEndPointImpl - Sending Invalid Payload request for authentication 
2024-11-30 17:44:54 [main] INFO  AuthenticateEndPointImpl - Actual status code :405
2024-11-30 17:44:54 [main] INFO  AuthenticateEndPointImpl - Sending Missing payload body request for authentication 
2024-11-30 17:44:54 [main] INFO  AuthenticatePayload - Set the userId and password in the Authentication payload 
2024-11-30 17:44:54 [main] INFO  AuthenticateEndPointImpl - Actual status code :401
2024-11-30 17:44:54 [main] INFO  GetVideosForHomeEndPointsImpl - Sending POST request to get videos for home header
2024-11-30 17:44:54 [main] INFO  GetVideosForHomeEndPointsImpl - Received response with status code: 200
2024-11-30 17:44:54 [main] INFO  ResponseContainerComman - isProgramCleared: N
2024-11-30 17:44:54 [main] INFO  DateValidations - The program end date 2024-06-30 was 153 days ago.
2024-11-30 17:44:54 [main] INFO  ApplySeverityLevel - severity lavel for succesfuly post method: normal 
2024-11-30 17:44:54 [main] INFO  GetVideosForHomeMapper - Starting GetVideosForHomeResponsValidation method
2024-11-30 17:44:54 [main] INFO  JsonPojoArrayValidator - Starting validation of JSON array against POJO: GetVideosForHomeModel
2024-11-30 17:44:54 [main] WARN  JsonPojoArrayValidator - Field defaultVideo is present in POJO but missing in the JSON response.
2024-11-30 17:44:54 [main] WARN  JsonPojoArrayValidator - Field mobileUrlSd2 is present in POJO but missing in the JSON response.
2024-11-30 17:44:54 [main] WARN  JsonPojoArrayValidator - Field fileName is present in POJO but missing in the JSON response.
2024-11-30 17:44:54 [main] WARN  JsonPojoArrayValidator - Field keywords is present in POJO but missing in the JSON response.
2024-11-30 17:44:54 [main] WARN  JsonPojoArrayValidator - Field year is present in POJO but missing in the JSON response.
2024-11-30 17:44:54 [main] WARN  JsonPojoArrayValidator - Field errorRecord is present in POJO but missing in the JSON response.
2024-11-30 17:44:54 [main] WARN  JsonPojoArrayValidator - Field sessionDate is present in POJO but missing in the JSON response.
2024-11-30 17:44:54 [main] WARN  JsonPojoArrayValidator - Field subject is present in POJO but missing in the JSON response.
2024-11-30 17:44:54 [main] WARN  JsonPojoArrayValidator - Field mobileUrlSd1 is present in POJO but missing in the JSON response.
2024-11-30 17:44:54 [main] WARN  JsonPojoArrayValidator - Field description is present in POJO but missing in the JSON response.
2024-11-30 17:44:54 [main] WARN  JsonPojoArrayValidator - Field academicCycle is present in POJO but missing in the JSON response.
2024-11-30 17:44:54 [main] WARN  JsonPojoArrayValidator - Field type is present in POJO but missing in the JSON response.
2024-11-30 17:44:54 [main] WARN  JsonPojoArrayValidator - Field duration is present in POJO but missing in the JSON response.
2024-11-30 17:44:54 [main] WARN  JsonPojoArrayValidator - Field startTime is present in POJO but missing in the JSON response.
2024-11-30 17:44:54 [main] WARN  JsonPojoArrayValidator - Field id is present in POJO but missing in the JSON response.
2024-11-30 17:44:54 [main] WARN  JsonPojoArrayValidator - Field viewCount is present in POJO but missing in the JSON response.
2024-11-30 17:44:54 [main] WARN  JsonPojoArrayValidator - Field mobileUrl is present in POJO but missing in the JSON response.
2024-11-30 17:44:54 [main] WARN  JsonPojoArrayValidator - Field track is present in POJO but missing in the JSON response.
2024-11-30 17:44:54 [main] WARN  JsonPojoArrayValidator - Field thumbnailUrl is present in POJO but missing in the JSON response.
2024-11-30 17:44:54 [main] WARN  JsonPojoArrayValidator - Field sapId is present in POJO but missing in the JSON response.
2024-11-30 17:44:54 [main] WARN  JsonPojoArrayValidator - Field lastModifiedDate is present in POJO but missing in the JSON response.
2024-11-30 17:44:54 [main] WARN  JsonPojoArrayValidator - Field programSemSubjectId is present in POJO but missing in the JSON response.
2024-11-30 17:44:54 [main] WARN  JsonPojoArrayValidator - Field addedBy is present in POJO but missing in the JSON response.
2024-11-30 17:44:54 [main] WARN  JsonPojoArrayValidator - Field bookmarked is present in POJO but missing in the JSON response.
2024-11-30 17:44:54 [main] WARN  JsonPojoArrayValidator - Field lastModifiedBy is present in POJO but missing in the JSON response.
2024-11-30 17:44:54 [main] WARN  JsonPojoArrayValidator - Field errorMessage is present in POJO but missing in the JSON response.
2024-11-30 17:44:54 [main] WARN  JsonPojoArrayValidator - Field mobileUrlHd is present in POJO but missing in the JSON response.
2024-11-30 17:44:54 [main] WARN  JsonPojoArrayValidator - Field sessionId is present in POJO but missing in the JSON response.
2024-11-30 17:44:54 [main] WARN  JsonPojoArrayValidator - Field addedOn is present in POJO but missing in the JSON response.
2024-11-30 17:44:54 [main] WARN  JsonPojoArrayValidator - Field facultyId is present in POJO but missing in the JSON response.
2024-11-30 17:44:54 [main] WARN  JsonPojoArrayValidator - Field createdDate is present in POJO but missing in the JSON response.
2024-11-30 17:44:54 [main] WARN  JsonPojoArrayValidator - Field month is present in POJO but missing in the JSON response.
2024-11-30 17:44:54 [main] WARN  JsonPojoArrayValidator - Field createdBy is present in POJO but missing in the JSON response.
2024-11-30 17:44:54 [main] WARN  JsonPojoArrayValidator - Field parentVideoId is present in POJO but missing in the JSON response.
2024-11-30 17:44:54 [main] WARN  JsonPojoArrayValidator - Field videoLink is present in POJO but missing in the JSON response.
2024-11-30 17:44:54 [main] WARN  JsonPojoArrayValidator - Field endTime is present in POJO but missing in the JSON response.
2024-11-30 17:44:54 [main] WARN  JsonPojoArrayValidator - Field facultyName is present in POJO but missing in the JSON response.
2024-11-30 17:44:54 [main] WARN  JsonPojoArrayValidator - Field meetingKey is present in POJO but missing in the JSON response.
2024-11-30 17:44:54 [main] INFO  JsonPojoArrayValidator - Validation completed for POJO: GetVideosForHomeModel
2024-11-30 17:44:54 [main] INFO  GetVideosForHomeEndPointsImpl - Sending GET request to get videos for home header
2024-11-30 17:44:54 [main] INFO  GetVideosForHomeEndPointsImpl - Received response with status code: 405
2024-11-30 17:44:54 [main] INFO  ApplySeverityLevel - severity lavel: normal 
2024-11-30 17:44:54 [main] INFO  GetVideosForHomeEndPointsImpl - Sending DELETE request to get videos for home header
2024-11-30 17:44:54 [main] INFO  GetVideosForHomeEndPointsImpl - Received response with status code: 500
2024-11-30 17:44:54 [main] INFO  GetVideosForHomeEndPointsImpl - Sending Empty payload request to get videos for home header
2024-11-30 17:44:54 [main] INFO  GetVideosForHomeEndPointsImpl - Expected status code :405
2024-11-30 17:44:54 [main] INFO  GetVideosForHomeEndPointsImpl - Expected status code :405
2024-11-30 17:44:54 [main] INFO  GetVideosForHomeEndPointsImpl - Expected status code :200
2024-11-30 17:44:54 [main] INFO  ViewAssignmentsFormEndPointsImpl - Initiating POST request to view assignments form endpoint.
2024-11-30 17:44:54 [main] INFO  ViewAssignmentsFormEndPointsImpl - POST request completed with status code: 200
2024-11-30 17:44:54 [main] INFO  ResponseContainerComman - isProgramCleared: N
2024-11-30 17:44:54 [main] INFO  DateValidations - The program end date 2024-06-30 was 153 days ago.
2024-11-30 17:44:54 [main] INFO  ViewAssignmentsFormMpper - Starting validation of current semester assignments...
2024-11-30 17:44:54 [main] WARN  ViewAssignmentsFormMpper - Field 'null' has an null  value in the JSON response.
2024-11-30 17:44:54 [main] WARN  ViewAssignmentsFormMpper - Field 'month' has an invalid value in the JSON response.
2024-11-30 17:44:54 [main] WARN  ViewAssignmentsFormMpper - Field 'null' has an null  value in the JSON response.
2024-11-30 17:44:54 [main] WARN  ViewAssignmentsFormMpper - Field 'year' has an invalid value in the JSON response.
2024-11-30 17:44:54 [main] WARN  ViewAssignmentsFormMpper - Field 'null' has an null  value in the JSON response.
2024-11-30 17:44:54 [main] WARN  ViewAssignmentsFormMpper - Field 'currentYearList' has an invalid value in the JSON response.
2024-11-30 17:44:54 [main] WARN  ViewAssignmentsFormMpper - Field 'null' has an null  value in the JSON response.
2024-11-30 17:44:54 [main] WARN  ViewAssignmentsFormMpper - Field 'subjectList' has an invalid value in the JSON response.
2024-11-30 17:44:54 [main] WARN  ViewAssignmentsFormMpper - Field 'null' has an null  value in the JSON response.
2024-11-30 17:44:54 [main] WARN  ViewAssignmentsFormMpper - Field 'error' has an invalid value in the JSON response.
2024-11-30 17:44:54 [main] WARN  ViewAssignmentsFormMpper - Field 'null' has an null  value in the JSON response.
2024-11-30 17:44:54 [main] WARN  ViewAssignmentsFormMpper - Field 'yearMonth' has an invalid value in the JSON response.
2024-11-30 17:44:54 [main] WARN  ViewAssignmentsFormMpper - Field 'currentSemAssignmentFilesList' has an invalid value in the JSON response.
2024-11-30 17:44:54 [main] WARN  ViewAssignmentsFormMpper - Field 'null' has an null  value in the JSON response.
2024-11-30 17:44:54 [main] WARN  ViewAssignmentsFormMpper - Field 'success' has an invalid value in the JSON response.
2024-11-30 17:44:54 [main] WARN  ViewAssignmentsFormMpper - Field 'null' has an null  value in the JSON response.
2024-11-30 17:44:54 [main] WARN  ViewAssignmentsFormMpper - Field 'successMessage' has an invalid value in the JSON response.
2024-11-30 17:44:54 [main] WARN  ViewAssignmentsFormMpper - Field 'failSubjectsAssignmentFilesList' has an invalid value in the JSON response.
2024-11-30 17:44:54 [main] WARN  ViewAssignmentsFormMpper - Field 'null' has an null  value in the JSON response.
2024-11-30 17:44:54 [main] WARN  ViewAssignmentsFormMpper - Field 'currentSemEndDateTime' has an invalid value in the JSON response.
2024-11-30 17:44:54 [main] WARN  ViewAssignmentsFormMpper - Field 'null' has an null  value in the JSON response.
2024-11-30 17:44:54 [main] WARN  ViewAssignmentsFormMpper - Field 'failSubjectsEndDateTime' has an invalid value in the JSON response.
2024-11-30 17:44:54 [main] WARN  ViewAssignmentsFormMpper - Field 'null' has an null  value in the JSON response.
2024-11-30 17:44:54 [main] WARN  ViewAssignmentsFormMpper - Field 'timeExtendedStudentIdSubjectList' has an invalid value in the JSON response.
2024-11-30 17:44:54 [main] WARN  ViewAssignmentsFormMpper - Field 'null' has an null  value in the JSON response.
2024-11-30 17:44:54 [main] WARN  ViewAssignmentsFormMpper - Field 'applicableSubjects' has an invalid value in the JSON response.
2024-11-30 17:44:54 [main] WARN  ViewAssignmentsFormMpper - Field 'null' has an null  value in the JSON response.
2024-11-30 17:44:54 [main] WARN  ViewAssignmentsFormMpper - Field 'subjectsNotAllowedToSubmit' has an invalid value in the JSON response.
2024-11-30 17:44:54 [main] WARN  ViewAssignmentsFormMpper - Field 'null' has an null  value in the JSON response.
2024-11-30 17:44:54 [main] WARN  ViewAssignmentsFormMpper - Field 'assignmentFile' has an invalid value in the JSON response.
2024-11-30 17:44:54 [main] WARN  ViewAssignmentsFormMpper - Field 'null' has an null  value in the JSON response.
2024-11-30 17:44:54 [main] WARN  ViewAssignmentsFormMpper - Field 'subject' has an invalid value in the JSON response.
2024-11-30 17:44:54 [main] WARN  ViewAssignmentsFormMpper - Field 'null' has an null  value in the JSON response.
2024-11-30 17:44:54 [main] WARN  ViewAssignmentsFormMpper - Field 'allAssignmentFilesList' has an invalid value in the JSON response.
2024-11-30 17:44:54 [main] WARN  ViewAssignmentsFormMpper - Field 'null' has an null  value in the JSON response.
2024-11-30 17:44:54 [main] WARN  ViewAssignmentsFormMpper - Field 'errorMessage' has an invalid value in the JSON response.
2024-11-30 17:44:54 [main] INFO  ViewAssignmentsFormMpper - Validation of assignment files list completed successfully.
2024-11-30 17:44:54 [main] INFO  ApplySeverityLevel - severity lavel: minor 
2024-11-30 17:44:54 [main] INFO  ViewAssignmentsFormEndPointsImpl - Initiating GET request to view assignments form endpoint.
2024-11-30 17:44:54 [main] INFO  ViewAssignmentsFormEndPointsImpl - GET request completed with status code: 405
2024-11-30 17:44:54 [main] INFO  ApplySeverityLevel - severity lavel: normal 
2024-11-30 17:44:54 [main] INFO  ViewAssignmentsFormEndPointsImpl - Initiating DELETE request to view assignments form endpoint.
2024-11-30 17:44:54 [main] INFO  ViewAssignmentsFormEndPointsImpl - DELETE request completed with status code: 500
2024-11-30 17:44:55 [main] INFO  ViewAssignmentsFormEndPointsImpl - Actual status code :400
2024-11-30 17:44:55 [main] INFO  ViewAssignmentsFormEndPointsImpl - Actual status code :400
